Case #1: 1
LIECTENSTEIN
Case #2: 2
FOUR
THREE
Case #3: 0
Case #4: 0
Case #5: 5
ECBDGIVNLQPMWYF
EWBRFYVSLXHCPZO
HUFDAYCSXNTGOVL
POFUTSKRCGEAWVX
UWOIDXTMBNHLGKY
Case #6: 91
ANWQEDSRKVOMLIG
AREWUTJVKIYOFHL
AXFPCIUVHWJZKDT
AYIULJDOWPKBRCH
BAOWXFDNIEUMJVR
BFQLIJVTNAZWYKE
BNOVJLCMSKIFRWH
BWUHYAFNXOKPRTE
BZRGSUELFVHIXOK
CGODWUVBTRNHLMP
CSTIQPDLNFZBGHY
DBHXKJPVUGZTQIR
DCQANEVRXKIGYJU
DEHYBIMZNVSCKXU
EHJKPVMXWUZDNQO
EHMBTGVNDFCJRLA
FPVAJNEHMSYUTLO
FTOMNUKCDRPLYBI
FVCQDTKEUSNHZXY
FVRBLGZCIWYMHXE
GKBVIQFYLRNHCZE
GQOIFVNHSJKMTRX
GWSBAKFMOVZTINR
GYBAJLKVNESWORM
GYVQLUFHSXCPAZJ
HGUCVSDYLQFIXZJ
HYDGRFILEOXWUTP
IAZQYNEPFJUXKBD
IBSQJVFCPOAHWTE
IKPVSCXQTFRZJDM
JBYGPRENMZWTCVD
JIBGFHNZTMSXWPL
JMHCVULSGRKZWFE
JNMZXSBDKAEHLFR
JSXELHANVWROTDY
JWMNAZSHXUPGYQI
KLSMIBWEHJTGDFU
KXTCDFUMRWLZGHE
LCDOEHFXAVQRIGS
LMXDIRGQZHNTBJP
LOBMPESNRAVZDWI
LRJGCKUHXENMDTA
LYAMEWCGSBVKFDT
MBKPWQOGJINSCTH
MCVFTASBKERYJOU
MHSCLNUVEPXODQZ
MSEQBVWYOZIUPND
MZTEGRUVDQFXBHN
NMPZVIWUFQXOREY
NPXFEGVZHRBACKL
NSAWKIDRMCVXLJO
NTYSFOKDLIEVCRM
NYFSPMKOJEZDLGC
OTHGCDIQXEZPYWJ
OWUHMDXLCYTSEAN
OYRPDJULQHWTVCI
PVFWZJMGKCILROX
QYGEODBLACFXVRW
REPTJQABNMYKSZW
RJAFPLZKBUOGNMY
RLJFWTAIGZVSDYK
RNYDXLUPEIBCQVM
RTHWGPMCJYKXVDS
RUMLWOSJTYKQEBI
SFUHMVITKWJLCZP
SJWGRQUNLKEZHXF
SRCZKPDITGMLWAX
TFMRKLVBCNGQOHX
TNEGIFRVXCBSYPJ
TPLWHNUEZRAOQFY
TSZMOFEHPYINXJL
UAVWPGEYJTINLKH
UJQDZNFKOVXELAP
UPMVLCYXOKJSREZ
USLAXWRDINOZCVG
UWAFLOSZJRQMTGI
VDRJKOYLXQENSWG
VJHLFUKTDIMZAYB
VQTWYRUDLXIBZME
WFJZNATQXMPBEKR
WFTQAIOCEZSUNKV
WMCRHPTAVBOUSDF
WNIAXPOVUZEHYQF
WOUQARSFZIGYCLP
XSWVCJKRBAEFYNG
YJWIOGEHLXSAQFV
YKRMUVQAFOBSNXZ
YNAFKBLPRWQZXVD
ZAJTDQHLGYMWNOC
ZCPNGRFVAXMKUQJ
ZJOBDEIVNXRFQCG
Case #7: 991
ADRVJFEXNTHQGPM
AEXNKOQDSTVIZMH
AEYCJIZGNKVXORB
AGBILRSKWXQCDJZ
AGJMZIFBYHUQXCP
AHDUKZCYVBGWNIR
AHTGNCZUESDOQYB
AIKSJXOQRVPHYDE
AIPGBJMKWTZXEYU
AKSHRZIVPFYOWUB
ALFPIONSHJMCKVR
ALVTWDUPNYHZXSC
ALZTVWKQJHICXMF
AMGXRBIZUEOHKLS
AMYJLIERNFOTSXW
ANBSKTLYQOVUMPW
APGZQJMCEUTKXWI
AQSFLVUDBHRKOXZ
ARNMLOGEJKFXBDH
ASYRNJOHWQPVXBZ
ASZXBUCQVGJLHMO
AVJDYBHESNIMOGC
AVMKYFZTBGSLUWO
AWEJXMTRVPDIOHC
AWTYQZCJKRMLIBE
AXCYDKNLSBUVMRW
AXNGSMEPOWBCJIF
AXRVDUBKWMOPHGF
AYQHXLODKFPZWRT
AZDBGYXUKNEOPLW
BCENFGSQZLWJOAV
BCIQTLGEDXMFAUJ
BCYNDOQALZTEWVK
BDTGIFSKPMQZNXO
BFJGWAPMVTQKRSZ
BGADQKYOZEIMHRT
BGLKNDMQJREOCIZ
BIMYPJGATLUQCDO
BIRPYOAZEFUGKVL
BITOSRJGHMWUXZL
BJHSVQPCFRUENWA
BJMRCVDTKIAFNUS
BJPEKLTHFGUMQZS
BKANWFUPGVYQHLT
BLFAPGTNRWMSVQY
BLKERQMOYDSWVHC
BLNWOKMEUFQTDHP
BMIUXTCDSJQKZYO
BMNOZSRCIDYVKXG
BNJPFRIOGQWVCZE
BNRCZDAGPTMOSXQ
BPCHVRTNYGLDZEA
BPCMJFWTILSRVEU
BPKHRAGJSVTEFUI
BPUIXHCMQROKJVA
BPZVGJRQAXYKOCF
BRHQVGZWUKMPLIS
BRKXMDPVSWUQZNF
BSIPAMODWYZVFQN
BSKATXIJVDYWOGM
BSOQXWPERDAMYCU
BSYCNOKMZGARUDV
BSZERVKCQWNYMUA
BTGJUFDXAYMVCHS
BTLIZMWJVGDUPCE
BTQOJUMCASFEXZG
BTZQHLYAJSFNWXR
BUHKPEWNXGCFLVI
BVECTQOSRFNYZHP
BVZYRSAXDHFMLEG
BWOQXENAMKFIZGS
BXQLOJGRDMUHVPE
BYDZJLQIUEAFVCP
BYXTEKFLSCWJAVM
BZEWRVHTIALYSDU
BZIMJHSWOGLFXEA
BZJQGRMULAWVFKX
BZOLQSGIKUDFXPW
BZVSJDIKHNWOYQX
CALSUXFDQIZKWEN
CAPKQILUMNEDSXF
CASMONRYFHWQIJZ
CATKDSQPOZXLFIU
CAXZNVGTWRSPBUJ
CBNWZAPULIQSMKV
CDBOPKLMWAERTNS
CDILXNBUWAVMRFY
CEQVLXIZYWTJRUA
CERYGLATUZNDVHI
CEVPDGLFQOWIRMU
CFDBPMYLTIJRAWQ
CFOXDMHYKBQAIJU
CFRSUGLTVYXDOEH
CGPETXWORQKVSFJ
CIURPGDBHQEZLVA
CJLQBUANEFHRSXT
CJOKDRNZXQLHSGB
CJPAXSDUTQRGOFB
CKAVHNJREBSFGQL
CKIZWHDJRXFLMBT
CLTAOYBKWEPMJDR
CLZIDPJQEMYFKTB
CMRNVLXZUAEWDYP
CMXPHDGZWOLJIEB
CNIMTHSWUZGVFOJ
COKXDVFQLJUBPSG
COXPHELJSQAVBGW
COYXJKFQAELSHWV
CPGMXZNROQUILWV
CQOTVMFYULZHSKJ
CQUSVRDINXWEHBP
CRAHFDNXMJEPWQO
CSJOFIKUNRLZDQM
CSOKENQDIGRLWZM
CTHXAYOBQDSMUKI
CTVHEAZQXOISFJN
CUWJYFOTGDHBAPV
CUZGWTRQJBXPOMY
CUZSAYNRWLIHMBD
CWFESARUYVLJDNQ
CWIKZPBRQDELHTJ
CWVDSOXMYFJLKNI
CXHITZPNMUBVLKR
CXOPDHIQANSZUVL
CZMOWKJNDIBUSQG
DACNBFKUOYEPJLM
DAJPSMKVXLBGRFE
DASMKIUXVHQWYLG
DBCMYGWRTHVOAKJ
DBPOWARKJTQHNEM
DCTVOQKLFXUBEWI
DCTVRMJFWBHSNOL
DEMPXRQGTCSKJAL
DEUHYZIBKTVJSXQ
DEYNCOHVQFUWZMR
DGBPHRNVWFSCZXK
DGFIBJATXQOREYS
DGKXTSFPRUJLEHI
DGLEFBJZWXIKMUQ
DGYVNSJRTULQBXZ
DHLYECTAFXIUGWJ
DIMVLHBWPORKZXJ
DIPTUZOAVFXJWBL
DIZWJLXPBCOUHYQ
DJKSEFHVOLNPYTG
DJMSWNZVHYFTIQA
DJUXNRSPQBVHZFE
DLAFRXYPNMCVTQJ
DLXBTIWKZYMUGRC
DMOYWJSABVGNULT
DPALOKQVUBGWFNR
DPOGXEATWBZQRVH
DQFYWNZVECRJSLI
DQOLWNZUMYPRSFV
DQORFMPUSJXZBKV
DRWMLBUCGTQAVHP
DSTCJQKVWABZNPL
DTBHEWJQULSYZON
DTHCIJYQGSKUVNX
DTPGQSVBIJCUROL
DUEACLQYMOJKSZR
DUETJQZFKSRPXBG
DVGKQPCFLYJZINT
DWQNMUKBSPATXHI
DWYEFHIGBJKQOUN
DXHUNQRFSJAGZET
DXOTKREWMSJZAFV
DXUNSWQCZJIKFBH
DZNGPYKUBAMWQEL
DZVXLFAJSTECIHR
EAUSKDNJOQGWFCL
EBCZOYHQLWVPSKT
EBURTGKOYHZDQVW
ECDRTFLISXZAWQN
ECMJZPKRDAIHSFG
ECNDIYOSBXJTGHV
ECUWZGHKSPIYNQD
EDPRSLNHUAXZVOK
EGAHXNDQJOMFVWK
EHCTBDOFWMGXZUQ
EHCYISDOAMZGWRP
EIUNXCFRZLPYTQD
EKHFUGTYWOPQJML
EKTONVHCWMUFXYG
EKTYIOGMAWSRCJD
ELGBAODJRXTIUKS
ELTJGHRXASWNCQV
ENOAIZULVCRKXYS
EQUPKDWNZSCLHMJ
ESDMKXUQVTICFZP
ESUANKZQCRHJBVY
ESWDVXOIBCQALYZ
ETICGMULOBFHWNA
EUYMOIXRHFBSCNZ
EVCFDZMHBXRLAOS
EVJNYPRFUIBZTCS
EVSYGTPXRZBKMWF
EVWBHMIFZPUDXOY
EVZRXTPLISYJCMN
EWSYXZPLJTQOAHI
EXTFCLSDNBZQJHG
EYNRFGBHLUXQTVC
EYQRCJVBDZUTGMS
EZJCXLFWHVORUGY
EZPJKFSBOYRTVCL
FALIOSEVUWQDCBP
FBCPHGZUWAMSJYI
FDRYUPQJXNWTHVB
FEOCTHKJUZGWLYI
FEOZJHUXYSANPLQ
FEWCPYBRNAXUQGD
FEXWTUSOAVYQRZD
FGETRZQNWYUDLIJ
FGJIESZKPOTWQVH
FGVATHDWCOPSJYQ
FHGPMCWADNEYVZU
FIESCTGXAYQODMR
FINLWHUYMQBCSKP
FIXOUHEYSDJZMKW
FKQMSHBWDGYAULV
FLBSDTZGIVPKWYC
FMLCSZDBHKVROQI
FMRKSPIYEOCJTZD
FOURSYZVXPKCLMJ
FPKBNDHEUJLOCTX
FPNMISKWJQXECHA
FPQDOMGBUYKWZJV
FRMHIGVXELOJZQA
FRNSBCLVDJAKOYG
FROGLIQDKAEVUWP
FROMBJIGVHYSPQZ
FSIDNZCEHXGMQWL
FSOJMLDZNYRPHVB
FSOZBKHLMJYRWIE
FSQVGCIOYXRUJAK
FSVLPRETCUWZYJX
FTROXUWCJSNIPLQ
FTZEJSPVLIBYOUX
FUZPGBAXWEYHJTL
FVMBDLRAIYHOTEW
FVXLAUMEPJQTOKS
FWDBGSKALQHOMVN
FXVDKHJGICZRLEQ
GALZHWCBDSRQKIY
GAQYDPLIKTJMNHV
GBFREMQOUDPCZAK
GBULCVSWRAKOIDE
GDFRONLHVZUKAPB
GDXVLSZBHMOAUKC
GEODBICFWRTZQLY
GFBNPILRJTZCAOY
GFEIXYMDWUKRJNB
GFJINDPRYQLXCEK
GFUCQDZILSNEHOM
GHAWMIDLRFESBCU
GHFAKNLZIQMVSBW
GHNAPIRBFQMYJKX
GHTOMSXCFRBJVLK
GHVQAMLYJXPSIEB
GILOQXBHWTRYMED
GIVTEZUBPLJFSRA
GJDTMQHWLNCSVPX
GJWEYIUVMHZPQLK
GKIFJDYVOAQUZMB
GMIXLNTCUWJEOFV
GNVRILTDSUMWPOC
GONFHMJILXBWDVR
GOQAVSFBNKXWLIM
GOVLEQKYBISNRDT
GPYNDIQUHMXFABO
GQKXOSJYRLTFHWA
GQUIFMHDPLTSJXK
GRMWVUZHKJYLPNB
GSFJYWUEMLOIBAN
GSINPXWLQOKTYHZ
GSKFRDIHWZYLXTC
GTNFOPLCIRSQAEJ
GTVCSWIZAQUDYJP
GVEOYNSZLQAJCKR
GVTXZHYWRFEPKDS
GWHNQUMDLAFTISC
GXCNKAJOZWTESRV
GYXCDIVRBEUJPNO
HBULIEGMNCSVOQT
HBWMSTNRVDKUGZI
HBXUOANIPTDVFMJ
HCEXYUBAKRSFODG
HDINSTMCZAEOKBR
HDMTLCGXQOYJRBV
HDTYWVECZNASOMP
HDXUMIEYOVNTWLP
HECBOSTPZYAIJVK
HEIQMWPDTLFGROV
HFVBJMRXGQAPDYL
HGNPSYTKZDBXRUM
HGTCIJAKYNUEFWM
HGWPDCLJEKNAFTR
HGXKJPMLOWZADNT
HGZELJQSAYWMFBU
HIGUFCDBZKEXVOM
HISFEAJXNVYKQRW
HIVUXMDEGOJWFSL
HJQYIKTOCEPXDRN
HLCNXEDYKOQTPVG
HLMYNRVTDFPAKQG
HLPVDXZBOKCQSIW
HNMOIKCDGJXESWT
HNUDCZBEYJGIRLV
HOEAYDWGCPIZMFT
HOIBSVMFLCJWDKQ
HQUPRLKNGXWFSIO
HRCMDFAKJZPEWXB
HSJTYIMNGOFPEWD
HSWCTLVADNZEUBK
HSWYRBIFUNZCLMX
HTEWKJYDRIFGABZ
HTRWLSIPVKFNADY
HUATGJCRBZKEFXY
HUMPKCEVNWYDOLR
HVTKJCDEFIBMRWZ
HWZSBAGFKURLNTY
HXLNYCPQDKUGZRE
HXRTQDKOFJMBLPW
HXWITRZGUFPDCYB
HYJCMLSPQFRVBNK
HYWOVCIUXPDEASL
HZMQYIVSXGENJOK
HZMUTLYVAWDIRPF
HZQOLSXEVUIFBJT
HZRDXTGBNYEUJAP
IACYGTUEPFMZJDW
ICGFZRXYNWUTMBK
IDBNQCXAVGURSOP
IDZWLCHSYPVGXEA
IEHAVCMQGUXNRPL
IEVQNZULSBWCYGR
IFBWUEGJLPSVNOR
IGKULZYMSWNTHRE
IJBDUPWCREOSHLT
IJGHLCQYNRUMXAT
IKSCTLAUYPWVBMH
ILCHSJVUNXOPAZG
ILFDZCXKTHSRJAP
ILHEJVDRMSKFACP
ILNPAVWRFDEBZGU
ILOPGWHCDSXEKTZ
IMAZRPVSJWHKUTX
IMYHFNQALBGKJCW
INPRGBQZYSJVTLX
IONYLFZKSRGHBJA
IPDXSKFMQRGLTNV
IQBYFLMSXHCREVU
IQFHBNPDTKVMLUE
IQUMXLAFRNOEYWK
IRTSMNQCZFEBKVO
ISCBVNPUJQTAZGR
ISGPWRFQTBJACXK
ITGFDOZMULKBJQE
IUHKDCLSYMGFREB
IUPLVCTSRDXFWQJ
IVLEQUSTYJBXWFD
IVPZKOGEFNMJTUH
IVXSFPBRCNQUOEL
IWGXQSLZUHKADJB
IXSMJTQLFRWCKOH
IXYEDWKUTRCOFVP
IYTDQPSBZROEJKH
IZMPJKYAFNETROD
IZOMJTSCKFRXANP
IZQOHFNUAGTLDPC
JAFVTZNPXBKHOGS
JBCQREVFSXGYAZK
JBXENOPUICQHMVG
JBZLFDXPWETQIMA
JBZSWFALMYGRVNX
JBZXAUFGKVOMEIL
JDFLZPGXKSCREUQ
JFOYVPDQXEUBLMK
JGROMSUYTXZLAPQ
JIBAMUQDSTVCPFG
JLFVPDYRGESXCWQ
JLNQAXFURMZCDBT
JLOETAFKNHBYIZG
JMDRBEWUSGCKIVL
JMEHBURTALZCYKV
JMFKIGDOQBTSYUV
JNELYMAHGIZVBCT
JNIYHRDEBKOLAPT
JNQABSITRPDGUYV
JNQGLMSZOAHTFCD
JOCGFLWSHUABPID
JOSMXRUIHDKPVLT
JRTDPUKGBOVHXLS
JRUZFKPHENCXDTW
JSUVFIHDOWRLZQM
JUKGSBHONTWIVDR
JUOWYIZFGRTSHBL
JUSTGPBWHZIQRCD
JUWAPQDXONIBFHR
JYTPAMOZHSVFXUE
JZTGUEAPIWVNRFQ
KCBAWQGFEMNPIUV
KCFWNSUDMLYHZJI
KCMSVJBGDAFWYPL
KDOEGXCZVAPJBMN
KDPAGXFQTRCMSNU
KDVOIBSRUGPLETJ
KEMBNOVALXCQRPT
KENRZLOWMHPFXDG
KEQNVOFRBYPCUAT
KFGLCUYIXQDWSPN
KFLEZGRTVHYAOUJ
KFREOSVXBLNZAMJ
KIGYLHVEZSDPONR
KJFPUZXNRIBLTEH
KJGIDNZMTSYQAPL
KJITNWVPOMEXLRH
KJNCZVATIDXSRHQ
KLDTEBUPJSOMWNY
KLZCRWPHMOTJYGF
KMBSJEIVWAGXPDO
KNSPOHADICUFMGQ
KOTWXPRALEUNSYI
KOXGQYBWPDJCAHV
KOXLVRPHDMYFTJW
KPGCNBSIXFYETHO
KPGQYNJWZCMAOVB
KPLGURDSYFAMQTI
KQNWBMFVTDYCPEA
KRFYPSTAVNLHWJE
KRVYBQEXGLFAUIS
KSGFBMNYAZEJCXT
KSIQTLXMFNGBWDO
KTIOMGFUCPLWEVA
KUBTJWZMDGPIRXV
KUPESRYGTOBQDVZ
KUSWZBQMVTAOXFJ
KUWCIMQASEPXYON
KUXJFNWOPGMBRHC
KUYPAHEZWIVLMBT
KWDUSFXNZQPIGLO
KWFVUMNEDTJAPYG
KWQCMBLADXZORSI
KXDWLJAYRFNOPEG
KXMIBNPYGZQOHWE
KXODLNTAWSZIUHF
KXYIRCOVTLPWFQM
KYLSCRDZFTQJGBX
KZGYLWXCRTAQDIB
LAZWCFBOESIXMTP
LBAIEPFKZJGWTVS
LBMUWZEANKQVIFG
LCGFWHNSRKBETYZ
LCPIDRUSOKXVGMQ
LDAGIRWYEXMSUNO
LDSIOPHVBKTMJFU
LFTXAHNIGKCURJV
LGMIEKOTNFWSHXQ
LGSCIKQWXMDJRVO
LHOBCYDMNIVUZPS
LITOAKHDNCVBZPY
LIZVEAFOCNQHBSU
LJRNWPGHXCIQSOB
LMPQAZVEGJDKFCO
LNEHVXKAFRDUBZI
LOIHXCJZEWBNAVT
LPKAYGTSMCXNEFU
LPVNWEAQCTGKXDO
LPVWIDCNQKUTXHE
LRQACHDSKTIYEVZ
LSEYDCWTGIAJVKZ
LSXDEAPQYMZTGHJ
LTNQMRGIJPEZCSX
LTQNZYEPBDGMORI
LUGIJXSPMBHQTVF
LUIPJAHNGTZCSOW
LUKHEJBWYRAIQMZ
LVHXNBIYJPFERWQ
LWBQYANXIGSHUTO
LXFCBAUDRVYJSOW
LXROKIPFJSNHEAB
LYJADQIWXNPGHKS
LYMDEHCPRQJNUFB
LZAGOESIBRCTKPH
LZCQWGPKMUORFJS
MCUSWNLDPJOAZGH
MEFDVLSYTQUOHJP
MEVKBLIJUPWTSCZ
MGIQHRDCZEPSFTB
MGIQTRSDXWJLUCY
MGNRYKIHACEVLTD
MHCWOTNUKDFQEPR
MHNCXGLPKUEJAVD
MHSUZTDJPYXKFVQ
MHZQBKAFYXRLUNS
MKLHWAZTFYQPXDO
MKTDLYNRVZOEGWU
MLEKJQRCHDYZPBX
MNETCFBOGHZJUXW
MNFHGYRAEICZOTB
MPGWYTRDFNZBEJO
MQGZTIPUSXDBLWY
MRVOUHEFJWAXNSG
MRXLJDAVOBKQFTG
MSKBXNJRZWYLTCA
MSWOPKABVCNQEYT
MTXAWDHYGQFZSRO
MWFSODPKQJXGNBI
MWRFPUKQSTVHOZG
MXBECYFDIGTNKHZ
MYBQVZILXOTPGEN
MYNSXFCZAQKHEWG
MYOGDCHWJFASEPX
MZCSYOJHGAVWBKE
MZREBPKXULYJSVQ
NACJRBUVLHOZEGK
NADCJVOSFWLRHBU
NAODFKYBUZTCWGI
NASQOFIPHGKYTCD
NATPROZXIYVFJDE
NBLSZMVHJGDIKRC
NBUQMEVKSFAYTPC
NCLDYOEAITZXBGS
NCPBSHXDYJOZTQM
NCYOEQZKUTGFLID
NEJKFWQDPLTMXCR
NGBECMIUTSODRWZ
NGIRMZEHTCSKVBY
NGJBEFQXDYVKPZC
NGVDYMOEJQPFLHB
NHJKBIPMXFUWZGS
NHKRZPWBQSCMOEU
NHKUWZJAMTLDBQG
NHQWIOSCRYUTGAZ
NJOKZDHUVYFXQIB
NJRICDSUZQMHLET
NKDEAHRBSFXTUGW
NLRAGDEVKHTSBOW
NMABRPEXFZQWUJS
NOBTUHVQWDMZRLF
NOEWVCBDPXGLRJT
NOGBVIQKEZLPUWJ
NOKYVMTUWHGCBDJ
NOPLDAQRMIYSWHJ
NPOMVTFIXGDJWRQ
NQFPYDLJBZUASXV
NQWIFPGDUCSOEJL
NQXTUMHAZCPEIOW
NRJPLUEBIOGZAWT
NSMICZPJURVYTAQ
NSTDAEUMYPRWCJZ
NTPLRSHCAMZOBYJ
NUBYVXHJTGAEQDL
NUGTZYQPVSKDCLW
NUQKMWTRCXDVSGH
NUSFOJXRKEPZLWG
NUVMQCTRYXOWJZL
NVKUCBGXJZIFQYR
NWIUDGAJTRFOCZY
NXQJPCZKYHWMOVT
NZCHVDYIFPMKATU
NZCUEBSDAITHVFM
NZLTGMAWVIHSBDK
NZQHCDXJLETFBOV
OBSAEMIVTKYJZNL
OCPTMFRSBJZHAYD
ODQHIZUMCWSNVGR
OEARSWGKPMQBZHV
OFKQWNTPGLYXMEJ
OGUPYLRBVKQMZTF
OHILXMQSDUTZJKG
OHMDFLKBYNCWRAI
OHTLVDIUXEASZYQ
OHUWRMZJSBEILCV
OLPZUYBKDVAFESC
OLVTEMWJNDQHRFA
OLXIPMDCYGJSWTA
OMKFQBYVNUSDJEH
OMYFTDEKSUGVNQL
ONQRVCKBSZALYFD
OQJCFTYWUHXRLSN
ORSGCTYDMWPJXIH
ORTJIYXELSGVPFQ
OSEPQNXLWRJAFIG
OSGXFHZIPMJQKAL
OSHTAEXUDNYLRIP
OTHSYBVGJNKXPLC
OTWRDGQMIKJXEPZ
OUGAVYHTDRXSPBC
OVAJKRFTLNUBSMD
OVYTHSAPRLZBMFW
OWNBHQRTKESJLAC
OWXAUSLMYHDFRTZ
OYXTQCFHAUSDPJV
OZSIVTHMPFCQKGA
PAMIFGDQKVYCTHB
PBRWODLHSNQAZMC
PBVTMDNKYSHIOLG
PDBGHZYTIMXONKC
PDVTCKXUYFJMGAN
PEHVBTNYXRIOLKU
PHCISFXRWAYUKEJ
PHKEYXNZUGRJOWA
PITFZYGBXUDJSNA
PIVTSDLHYXUCFZR
PJYVMQRGAOCDUSF
PKNEBOVRJTDFIYH
PKOTACBYDGISXFR
PKRSJWCDUQAXZNE
PLAKTFWVCQHYOMD
PLSXRBQCDAKYFZO
PLUXMRZWJIBQDCV
PMYUKERNDVFHWXG
PNGHYZWERXIMVUD
POXLDNMSIARQJTH
PREIAGKFSTJMZWH
PRJDTWOMAKSGHIV
PRKETGLZYQINDHM
PRZQJXUVADKHWOY
PSHYJNVUMIAQLDR
PTBFJKARSNYWDVL
PTJORSDMIHNVKGU
PTMUDNBAXOECJYZ
PTZDMXRBJWGIAKS
PUWZSYGBDVRMFQE
PVFDNEWMGXOAYBU
PVGXYDACBITKHLM
PWJRHBZIQGSTDLC
PXNVEHLOCAWBIRT
PXOYZBKSMAUDNJF
PXUOYIRLBAQDZFM
PZHUOBDVIKMTYFA
QDOERLUPAIMCGZK
QFHZLYDRONAJIEU
QFLYPDHTBESCOZV
QFTPESLVAYKCUBH
QFUCDHJKSZLTYXP
QFYDANXEIOSPCZV
QGHVNCWRYPJTUML
QJOAYPVURZMEWFH
QLITUHZENXAKYMD
QMDELYFKUBPGROW
QMITPLRCFXWSNDZ
QMURNAZLSCDEKWO
QNHCVPLEJBXTZWO
QNKURAJSLMPOXHC
QOECHILSUTBFMWD
QPCVYFUJADINZHX
QPLDHRAJBZXNSVG
QPRZILWFGXDUKAT
QRINBMVJOFLTUHP
QTJVXWPKEMZALDY
QTPHOFDCKYBMUNW
QTYRNHSWIXPADFC
QUMTPGSVFDJXINE
QUTWPDLZVRGCHBF
QVTXLSEUMHCOPAG
QWCIAKLSEVRTMDH
QWKVMDTIEHFRUCG
QXCBFEMYKZRPGTD
QXRWFPJITZKHNEY
QYMVSNHXAWUFLIO
QZDYVWJPFREXKOS
RBPYSANFOXHTQZV
RCVUBTHMWEPFOLA
RFCDXEYSNOJLUZW
RFGNWXDOIUMLJVT
RFPOHSWTLIBVCYQ
RGFZLAEMYWJPHDB
RGVOTJNBXPHFMED
RHODVWPUKYALGQN
RINWOBCVDEMLQHT
RKWZEOLCJYMXHNP
RLXMASDTIJKYHOP
RMVNJIFAYQGPLOB
RNLQIGZVHEJKABX
RNOGDWPLHEVQSTU
RODNGTBQZFLPYUI
RPDVCXNESGWTLZA
RTQXEMADZYFJSUB
RUDNZVEAJFTWGPX
RUIBNEMGDCSQJYF
RUNIBCDZGAHKMYX
RUTVMWZFLNDIXJA
RUYANVXZQGPJFLC
RWZQYCLJODVTISU
RXECLZYAFHDTUKM
RXPCKUEYDBVAGSW
RXYMBFEJQOWUSIN
RYVKDMTQBSGZONX
RZGOLWEXUHJYBKC
SAJYGKFPODHELMB
SAMBXCFYLUHZGQE
SAUXFHDQIROZJKG
SAYTFQRWUKZNMHE
SBAEYIXMTRJVPDC
SBQLEWAKNVCFPGI
SCBETWRAXJFZKOQ
SCMNIYVHBJUAZTK
SECPROBXVKZGMYA
SETLUYNMBXHIJAD
SFQLKDVRHBJCIXP
SGDVXWABEYRIZKL
SHKTGZXCJEWARFO
SHTPMLZBWEODVNU
SITFPNAYEXQZVCR
SJHZIDUFOQGMTBP
SJUAWYOHETVCXNG
SKHEFYTJCBRIMUZ
SKVCTODIAJBYQEU
SLFPEYNACJZTDWH
SMPXGKDQZTYNCUF
SODLRTKJFYWEVBU
SQRECUGKPIJHWZN
SRFBZVJGNXUCELK
SRIMDWHAGUZCTNF
SRQOIANZFUEVHDB
SRYEQMBOJLZFNGX
SUGDFTPXBLQEIRZ
SULQPYRCKTBWMVF
SVYWNEMKHIOZTAX
SWHIDJZCYVXLEAT
SXTIAVFUBEZHLGK
TAOBGXLWMJUCREY
TBLEURHJYPZOGKX
TBRIQSDVKNECGMJ
TCGOSDXHLZBIUEQ
TDABOVXRUQCYHGF
TDKIEGNYCVMZBQO
TDMVKPGOYLAIQXJ
TEBMCXKZNLAJHGI
TFSDXBKJYZVPCLM
TFZOMHWBIGQVCRX
THIDZXJLMYFEWPO
THPWOGAKJLBDZRY
TIMXFBOCUKHDNGP
TJBNICVKDOUMXPF
TJHQLZVUMYKCFDI
TJMYWVIXGURADPS
TNAOFZDSGJCBURI
TNMYDSFOCUAGIEQ
TNPMJZRLFODGWSB
TNYFGOWKBMQPHJV
TPBZRVCLYGQSAXU
TPMIFWSQZCYROUL
TPVDUEIZYJXMACS
TPYWQKUBGRHCDJO
TQBRLGHDSWYZIEF
TQGDXBCEJSYNMVA
TSJLYBDIPCONKME
TVRFEAQXNHDZJIO
TVRLKOXEWSIPYJU
TWANSUFDCBXLHGY
TWAOFLZQKBUENIR
TWXCKPDYLBVROGN
TYNRIAGWDOLKJHC
TYPOQCEHSUXVMNJ
TYQXODKZHIVCBEL
TZJCSNIHPBLGYWX
TZOJIUFKBYAEGWN
TZYKNBEGODFHCSA
UATQBJSEXPFRDHM
UAYBGSLENJWZFQD
UCQPYWTLBNKXVZD
UDFJXGCRTHNSOML
UDJWLVFETSQKAHX
UDRGZAWCVXHISJN
UEPBAHROSTYQCLZ
UEXFDHKCNVSTIMA
UFOWIXYHPVRLAKC
UGYLJTPEQSMICBK
UHIVFYDZTQGNMXW
UHJBWFNIAVSLGYR
UHMZKEGIJODQPWV
UKSFQPMRXZDGLYH
ULQNKGZTIDRXSHW
UMCQHPDSROVZWNI
UMVCADSIROQPTZN
UNBWGVJQXAOKCRM
UNGXTJYAMDKROLE
UNJYBMWOSPZQCGT
UPNCKJZTOWIBYDF
UQEGLPTOHYZANMK
UQSXGIBDVZYFREJ
URVYSALQCJZOETG
USDMXYFVZWLCNBH
UTGIJDMOQRXNZPF
UTMGYJFPWRNQXKO
UWIDYQZNBJFXALE
UXLVTFRPYGCWNDO
UXOPGZMTHKVDLIY
UYEVQJKPCOZHRIS
UZBSMWVATJHXION
UZMBSFACQKGEXVN
VAEPTQBSWODZYNG
VAZWHRYSLFXKQJM
VBOGPLMAIQHCFXS
VBRWDKZUQYGPCST
VBUFJMOPZWSQDNY
VCGJQHIPLXYZFEW
VDHSKICGEZTUFXA
VEDAFHSNCZLIRPU
VFWXKEHZYNRBUSO
VFZDPKOAJCEXGTI
VGHUTEZFOLXMDKB
VGSUXREYTOZNHKJ
VGTWCFJDYRPALES
VGZBOAEHNYTMDCI
VHIQUBGADWZCKMY
VIHPZUAXSMKTCGE
VJAETWQMPCFYZNK
VJIKHMPGCLXUNZQ
VLNXYZEJPUOBGTQ
VLPNGKQCOEWJMZF
VMDQXUAHCBJWGZK
VNIFUXMJOTZESDB
VNQASYDOGURTJXF
VNRBTHMEPLXJOWF
VOCUQXHZBNDSLGT
VONIDMWRJGSZTUH
VORQINAKCUBLPEW
VPAWDUSECMQYRFJ
VPCNOUKDBYHQJMI
VPNQKDFUWZBOASM
VPWQIRJNCHMBSGU
VTJDPNCFXEYUMSL
VUKZSIDEXPOWRNA
VUPJXBECIKLDRTF
VWUCKZMLJEDPSQN
VXAKWHSMJLUYIFQ
VXDCLWYEFPKOMTU
VYEPXSNAGRQUHZJ
VYSMITZDBGNFJXO
VYTFIHAJEQBMNCZ
VYZTFKWJIDMLQHS
WAPNRCYKGEODTLH
WASTMLUXRJYNFVB
WASXGKVJLPICFMN
WAYVGREONJLZMBS
WBXQYUDSVHZRCOT
WCGJIPEUTZKQDXA
WCJONRQITFAKZLH
WDLSTPMXVJUFBNG
WDXPMOHYRFJIZEN
WEGDCKBUPJNTAVI
WEGNZMHCIPRAKSF
WFCUPRAQSMIDEVJ
WFHCABOKSRMVPDQ
WFNDLQYUSKRHMOA
WHKEDRSTCJNIFPL
WHPZXCSUODGLVQB
WJPTIEFZDBUOSAX
WKVYRANIQSCHZUF
WMCAPHNXJVYDLFT
WMRYPKQLGEDCUXF
WMTJPDAGLXOUIFY
WNDTEVCXZALUSOK
WNGZTLXFJPOAMVB
WNRKPSBHOUZTQJE
WOFICXQPNHLVUYA
WONEHSBGQPMYFLZ
WQBGMKISXYJLPTV
WQFRGUYMKIJABCP
WRYUHJSAZMGVPTF
WSCGTOYQPAXIMUN
WTDYCVZRUHLGPBS
WUHAVTNSMYGRPLK
WUZOGDXHACQLRYE
WVKLFQMNEUCPJOY
WVRPBULADKJFHYE
WYEMFCLXTUSVOPG
WZGXLTDSRYCFAMV
WZOKMIEAQLNVBDT
XAGIJFTVBHWSOYL
XBIQMVPUNYZRADC
XCZUYMGHTKRFPNA
XDUNBLGRHFOPKVC
XDYEJHQPZSMKORB
XEOKBUWRFPSTDVI
XFMSYDONHGETLUR
XFURNAYVDOKMTHP
XGZSULCRFAPOKDM
XHFWKVIYTUJLSRA
XHKFEMSGQVNOYCZ
XIDGKSBAWLVQMHE
XIFJQNZUAKHBLPG
XJDCROMVGWAQINK
XLFIMWOYPZDKHJC
XLGSTIRBEHUMCAD
XLIDBKVQOUTGEAH
XLPGRYTUIBKFHSM
XNBZIYMTLCSQJVF
XNJRWMLTAISVODQ
XNKPBHWERTMSLOQ
XOBQPFAWREYSUZV
XOHNGQWDSZAIPVK
XOWIHSBYANQKZFT
XPKEHYRNZJDGATM
XPOVEYWMUINBSFA
XQMZWVJDBLNUEHS
XQZEKYNLFHSJGIV
XREJFZANCKTLQVG
XRKATMNUJCSWFDH
XRUFTHQKMAELJWP
XSCYKUVJPFBMNLE
XSIATPDVERJHGYB
XTPIWLYCARGVNZD
XTSBUODHCJEKIFG
XUJFRSLOWVDKEHC
XVFWNRYIPMKOHAL
XVNBEHFDTGCYWLK
XWETHJFLKUMPNIY
XWHVMIOQASRNFKG
XWSTNBUMFVILZPH
XYGQDHBEZTNKPWL
XYLDEHCFKQUPNZO
XYUPLBNQVMCZKDE
XYZKRSWVCBHDTUE
YCEMUTGIAWBONKQ
YCHFARGPEMXJWDL
YCUAEIBPTMKDGRV
YEHOZCFGXKDVSIA
YGPFJALNXBOCUDV
YILNHWZUPXTRAFV
YINSEOWJKPVUFGH
YIRBDMVALOTNHFW
YIUVKJGNHFDSMOP
YJXWTBUIGOESVQK
YKPVXTGOEIDFJLC
YLANVUWPXKTOCQG
YLOMGBXQFKCPUZH
YMLJSVTOGWAEZQX
YNURKITSJLVGQZP
YOCDKEINPHWAMJG
YOJDQIXNHCGKWTM
YPOEAFKMXHLCJZW
YPSOFAEUHBKWQCZ
YPUWTSGVOIFMEZA
YPXGTASEORWCNUL
YQKSILXADFNTVWG
YQPAGJVMOWCUTFS
YQXFLPMTKRWSZGC
YRKHFZULTIEPAGD
YRKQOXIFCTSZWUP
YRLXWBZUSFOQNEV
YRVXFKEAQWSOPLI
YSWVCTNZIOLBJEX
YUMDHJTZGWQXIKC
YUWFQBHZSMIEPRN
YVFZQDOIGHXBAJU
YVINFRDPLHUEOMJ
YWHKXUGDJQALVFO
YWRXZANMUCIHLGT
YWZBSQDPGUAMNXI
YXMHEDRFQOBKLUW
YZAKIWUTNSCEOBQ
ZADCTLSRMJIVOWU
ZASNMBTXHEGFVDU
ZAXNROSJTBHKFCV
ZBRNWAYSVXEHUPM
ZBVTLHKEUICNJAO
ZBYAUXLMSNQEHFP
ZDNIGWYMQVXJCTS
ZFQAWLSYBHTUKID
ZGMSBLXJDFTAPEW
ZILEOSJUCMXHDYB
ZIOQLFAHSGWUDYE
ZIQVGPSTYCFLHKW
ZIYMPLDCJTVUABR
ZKAYUMSCPDVBLQO
ZKFQIJBDTWPCLNY
ZLNDCMGHYEVFRTO
ZLXODWRYKNVCMBE
ZNFOADXULSEBKWQ
ZNKXDJPTQUMVRSL
ZNQXKGHYPUDLVSR
ZOBNDVFXMPYCKHU
ZOJPIQCYMUEFLRA
ZOXNRPBMGVHLTAC
ZPDCXBKHLGUSONF
ZQJSPBIYGDROKEA
ZSHUEQWOKTJMBFD
ZSYORDPKIFUNHMG
ZTBMYEGRFKWOJCN
ZTGJQIXAHLEKCOY
ZVEGYPKOATSWNQX
ZVYOFXNDQBISEHG
ZWSVIMXYOCPHANT
ZWUKAYXLFNHQEPT
ZXDTOMGAERKFVWQ
ZYUIPFGJTOSHWVL
Case #8: 955
ABJFEHMWPDRVNKI
AEUQBXHFVDIKLMG
AEWDQNCVFXJUHIL
AFKVNZEUGQRTOCM
AFWCILKVRHJPQMN
AFYBJCOPUZIDMSR
AGQHVNWISOLJZXD
AGVHDMKTRYELFPB
AHETOBPCWDXUKFN
AHMRYWXJNTGCSPZ
AIBSPULDORENZHF
AIDKPRONYCGZSUX
AILQYVUNDSPBMOX
AJOFGLRSHWCDYEM
AKBWDQTJIEHZROL
AKBZIVTOEMLFUYX
AKLXVHPEWUTZOGB
AKUVSWTENFXHRGC
AMBEKIGULHYNCVD
AMEYWIDUNHCKOLF
ANCJSOXILRBQTUY
AOFRDQGHJSMLVYX
AOXHDJKFYRZUPVN
APFVYCOTMDGNLZE
APSQZGUBYJVDCTL
AQSLJKWEDINTXBY
AQWTDPRNISGYCXB
AQXUMNIVKTRWPDY
ARVSWZELOXYFNGM
ARXUHIQJOKGFLWP
ASOQRCTULKPXFVH
ATSYMQRBIDUNVKX
ATUMFVJHSKDXZLR
AUBCKTRNDXELWIP
AUDWNYTHSFRMEIL
AVMBTWRLIGQPXFC
AWXDOFZHEYJSPQI
AXOJBUQLTZRDWPF
AXWHEVKROPBYNQI
AXWUVOFNCIPEQLM
AYDJRHKNFPQIVLW
AYLNUFSMOIVXGRK
AYNSBQLCZFTXGOU
BAQOKMXWINLRZCE
BARQKLVSFZXDUOY
BAXZKSNERMWHTUY
BDAWNQUJOZYKPCH
BDEZIYCFORMGUPQ
BDJZXMYRFOLQVNW
BDWIEPVKHGQZRJT
BFCKGHNMSJIVWEX
BFUSETHZRAPOWMK
BHQZSOKINRVWCTJ
BHTOPRIKQEGZUFJ
BICNEAOZMJGHQVP
BIHMYOEJUXDGRNS
BKATHSMPEDLWFIC
BKCGOUYIWSAFXLD
BKRDSHYLEGXMAIU
BLOAQUYHMJFZNPC
BLRZDNPCKTJOXWU
BMATQDYUOIVJWPZ
BMJZWAFVIKRENPD
BNEVSUHYFDKCPMX
BNRTYHISWZJGPLF
BOEYFTRSAVCGPQK
BOGMSQIXJPHNUDV
BOIEDYJKVRZPXLW
BQADXIVUGHTPRJO
BQDJCWXTYNKZHLS
BQKJLZICNEDGUFX
BQPLGEMNVAOCXSW
BUALHKNRCYPQIOE
BUHTFXZLJWIRAON
BVSJUTXPDOGYLHA
BYZVMKAPNJLXFHD
CALTBFGNYWVPMKU
CBLGRZFTQAVUNHY
CBPAJKGNDMYHUTW
CDNHXOPQTRJLGAV
CEFZMAYRPHWILJV
CEKFSGXDOITNYRL
CEPBGDJAVOYTRML
CGAWOJVRHLKISYQ
CGBLQVHSNWXZDFO
CGHZPAMKDRLXEOF
CGTDKYWZFEBPAUJ
CHDOSRWJYXFKMLT
CIDXGWSOJEHBQUN
CIHZPWASFOBQYLJ
CIMPOVBHQYTSEFA
CIXJGLZWFPNYMAQ
CIXZFLOVSTEPGWY
CJFTLQOHUXGDBAN
CKEGUPTBDVFYMIL
CKUVHPSEAQRWBZX
CMAKGTUYPWHZOVE
CNYPEXUSRMVLTHD
COJYLQSGEMNRVZB
CPUDZJMNTAQWSHO
CQFUBLREXPHNMWZ
CQKSVHOZGPAIYMX
CQTFRPHVJOWGMSY
CQUGJSLYFAHREBZ
CQUHIRMBLNWVPXJ
CQWOUXISLYADGVF
CSBHPMLJWIVGYEO
CSWJHEILMBRTNYG
CTAZVSUQLJMPDFY
CTHQYLOAFKZJBIP
CTRAYJHVDLGZEWS
CUSIXZJATBMQNGW
CVFHBQXIEZNAPWJ
CVGRKASOMJWPLUZ
CXOYEKJPRTIBSMQ
CXTSYPVMBHLDWFQ
CYJPGRKQVDHTFMI
CZDLPJKHXQRAWTF
CZJSFWBAVXKIMHD
DAPXROFQWJBNHCU
DASHRBWLMZJVYXI
DBARMYHKSOCZFGW
DBCJIVZPKSAWGXM
DBFYSHCIOUVAWRZ
DBITSEWXRZMGYHL
DBMUECFWLKTJXZS
DBNTIAQMJRXEYGH
DBRLIWTZCNAVHGF
DCSIBLZNTUAOWGH
DEHZSTGWULMBOXK
DEPFJRBUYKOCXWS
DFUAGZMPKTWELVS
DGKOZWVPQLBNAYJ
DGVUNYFAECMISLP
DGZAMRSEBUVTYWP
DHEWLBYGPJCKVOM
DHSVQBWYEGXAZOK
DIBWKLOQEJTAVCH
DILGVFNJPZEHUOB
DJXNIZFETMKWPUQ
DKFYETWAGMVICPR
DKHOZJWNQPLEYST
DKJAFRSIXTUVYGP
DKMXHYCLITEJZBO
DLWZKXMUTQBFEOI
DNKOIPFUYAELHZS
DNOKFRJAUGVYSXC
DNPYUSTVIGJEOCW
DNSKRZWTPUJXBQF
DOTACNUEFVKMIXB
DOXPLJQVASHTBIW
DPAKVMLXSBCGRFJ
DPCNIQOSRZBGVLK
DPHZKXTYFLMCQUN
DQZWGFHVIOXLUPC
DRVAMNKEITPYGFU
DSEBWPZQFVYHUOT
DSIGHVCUWYBEAKJ
DSTXIBLRKYVNCWU
DSYGQZHPLVOBNAR
DTUXBKNSHYCFIJR
DUCGPEKQLXRMTOW
DUMGHLZJRKEWQYA
DWAZRHUJFKYCVSG
DWNCELSTUFOZAYR
DWNHSXRCTMZUFIV
DXPNGZQVKSRAOCW
DYBOETILJXHKCUS
DYFXNJUSQOEIGLB
DYIRCJXSLAHTNPU
DZFQKCIYXEBHLTS
EAGIQKCVRZLNMXY
EAKNZVCQJBTFHDL
EALPQTNSFCGZXJD
EBVSYHPZWUCJIKT
EBYKGSZCQPUFHRO
ECQXBMDHJYZKVNG
EDHOXFQZBPNJSAC
EFRSWPJVGOCKBIU
EGBMSAKNQZDHXPV
EHKORQBYGAWCPDZ
EJFCPXSQNRIKTZV
EJPHAOGLRSNKCBX
EJROMDPIHNKZUGW
EJWDQFAPVKGICNL
EKZVJGCMQRBFOIY
ENHMUBZXJTRQCSV
ENIFBQVGKROZCHP
EPKSHLANOXWCTYF
EPRZYLTCMAXUQNF
EPYWCHQXITBSVOJ
EQHKOIMVARUCFBL
EQWGVSXPRNKBUHI
ERAGVIHXTYKSNDB
ERLKTJYCHAUPIDV
ETNHSCDVRGYZIMU
ETWSZMKAOLUQIFH
ETXQUAFHCYBPGZR
EUCZQJAKMOHGVNS
EUSPXWVZDOYLCQG
EUYKDXHTLNFSGRB
EVFSQNMPCJAZHDY
EVXCYFMWHADPIUO
EVXSBJKPFLTDOCZ
EVZJHATQWSDPIXU
EZTLRDPAGIOWMJX
EZXKMQSGFONDPLA
FBIRLYANMOHWKGC
FCYSMRIXKPHGLQA
FDGUKZCHPWOMVRQ
FDSTPZXRNEAQMVY
FEUSLRQZMCIOKDT
FEXIABYQSOCKPVJ
FEZXKCWYGIBUMHD
FGIZCRXDSJMLOHV
FGUYNRXPWKAHEIL
FICKVWZBTLMXENO
FIUOWEGMXYDJAKT
FJCHSWUNYGZQRXI
FJUBNYAOVTIQWLE
FJVCEDNTXQSAYKB
FJXVQEZGCYULOMW
FKZATGDHUYLEOPC
FLDEWTGUBPCSAYM
FLHJWMZGIOUPQAY
FMSZUVAHPRKLTWE
FOEGSZXQKWHPNIL
FPOBCTUJXZWHRGN
FQPKOJCNBZLMVTG
FQYHZNCSLWXIPVD
FRSUTYVQDNPWXCL
FSCWZRXLEMJVTYI
FSDWGCMXNJEPYBI
FTNQOSBIAWVEPYU
FTVNJILXUWYSQRK
FUVPWDYBZEGNOSL
FUWTRSVPCALZGNH
FVEMDNCOLPYQIJS
FWOMVLZEJIRQNTB
FXQIJVAYZUMCNEO
FYWTUOPDLSBRIXC
FZENMSWYTAKLPXJ
FZPWXOTJLSUBKAD
GANRBXSKCVTZIJF
GBODFJYKQLMPURW
GBXRCZDMHIAFENT
GCJLXYHQPWISUEO
GEZSCKPANOHBIJF
GFXTKCJWDMYLNBH
GFZWSNORJUHBTPQ
GHQRFMKCETPNUIJ
GIBUNAMWHQLPEXR
GJCMRSLFIBXAOVP
GJIBDHWTEYMQXCP
GJLSIMOCHDEFPVT
GKDIMNTAUSQBEWX
GKZXOCLWEIPUTFA
GLBVTYFZXHEJOWQ
GNDXQTACBUSPKHO
GNSLYWCJAOXQEVR
GNVPUKOJEXHTDLQ
GPULKYFVXCJSNZB
GRIYNZCELKAHPXB
GRKITVEOPWLMQDA
GSJPKDNZBYWOECI
GSKZLPVTHDWICJB
GSTFXLMAQCBONIH
GUHCBRDQZPWTEKI
GVXLMCSUAFWRPOT
GVZQTFDMWAUBYPJ
GWRADXUJFPOEVLZ
GXAYUODNISJTRCQ
GXFUYVLSTHKAQOR
GYISJRCUDHKWZBP
GYUSQJEVXDAILKF
GZCAKSHOJYWFDEP
GZHDOBKSUFPWQAY
GZIOPDCTNAEMULS
GZPDEYBXLWIMCNT
GZWPTXMHLBDASOY
HAWPSUXIOYFLQNM
HBQMCRXSLKUDAVP
HBWSGUCYJZNPVER
HCARQOWMGYPEBUV
HDGNTJMAIPVWYUL
HDVEYXFNCJBIGRA
HDWAGRKBPXJLMCV
HEKTZABXNMJQULI
HEQGZMBYVFWIXOK
HFOZTELGRUCPVWA
HGYAMUPDQFWEONR
HJCMGVKYBLANRSZ
HJDBETKNMUAWXZO
HJDMTKPQWCBAFZR
HLSPZYQUGXOKRIN
HMCKNTJPXLQZOYG
HMLOZPBENYSTGDR
HNTLPCBZVSGWFRD
HOBDGWPRISQZETK
HOVABMQCRYTPNXU
HOZQALBYSRDMWGN
HPDLWESJXIZAVMG
HQCJBVZISPUGKFT
HQMPTNIOGBSVCXA
HQWXZYAPFOKNEMT
HRETUJYPWDLIZOQ
HSBECIUTYLJQADV
HTQOEDJKVLNWZGA
HUAFQMECDYZKPXO
HUKQZWLXJVOBANI
HXTKGUQVZCNOAJM
HYPLGARSVDIQUZX
HZKGWCJLPUISOTB
HZPUBIFSDNRJATV
IBKYRUQTEMPDJNC
ICVHYOKEZTUXFGS
IEHLZNJVABQOSYP
IFKGSRYWTVQPEJO
IFUDSOEPGWKBHNR
IGPMWQURBCOZXKA
IGUXSZHTPMOAWRD
IJGBVOMWCNQHERF
IJKURYQFALCOPDW
IKBSLNCTFEDJVQY
IKBXMFHUTGJSLPC
IKMQNDZPOJGAUTR
ILHFPXUZTAOMSVB
ILTSXHBJVWKEAQD
IMLTXSRCQBOGJPW
IMRDZGAFJSQNTUY
INMECXDOSFUBWHQ
IPAMLHTRXWOYUZS
IPGBNZVXMCDHYKT
IQNBXOTUMJASHGC
IRMDWGHOEYVLFPC
ISODTUAXGRJPKWY
ISVYMQPJXAOKNFE
ITBWRVZCYAQXNPO
ITPQCLRUBMSEVJG
ITWUANSHOQDJRVY
IUGLRJFWSAOXNZM
IVBHDPMELCYQORJ
IVEPJZYGLATQXOS
IVNDJXUWLETABGH
IVQAEUHDCYMNTSW
IWDGUCYJZBSMXQF
IWRQGEUNBLPDVZA
IXOCEDMAYHWBNUV
IYJMWPRBUHZONEQ
IYUKOGSJXCTNAED
JASFELWPZOGXNMC
JBILOGHYXADQVTM
JCHFTKZLGDMAINX
JCINEUHDWMTLYPK
JCNWLFEARYHQVZP
JCZOTEFVRAQXHUG
JDCKSIETPBNGULQ
JDIZVEPRAMULQBW
JFHBGEMDSVXTCAR
JFYUHVSBDPNTCER
JGMLNEAVWHIPZOS
JHBSGWKTYZVEFLA
JIFTSRBDYEGKMXA
JIGFXZRUTEBAYMH
JKYWBPOGACMTRLD
JMTFSKOVGLYRAEI
JOAWNEMYVSZDTCP
JOYZRSMELDHXIPK
JPCWEARHQMDZOKU
JPIHLUOAFCKYBQM
JPMHRTUONCGBFKZ
JPRDLAUXYMINQGK
JQDIRNXKLZUCYSG
JRFSMQNTZVAYCIK
JSXYECQWMITAUBR
JTRAHWZKFQYCPUN
JUEOQYZSANLKVXC
JWIECRUMPKGBDZY
JWIVMZTAHFGSRLQ
JYAXQBTSWFVLEOH
JYKQFBTNGAPZUIL
JYZGAVNRQUWKDLH
JZBAQYNXUSIDWRV
KAORLWIMXZNFYCJ
KAPXBEGJQYLZVIM
KBAMDUZRXYIELOV
KBFLZGXDUPIRTYH
KDHYOLPWAGRVFTU
KFPXYWTLQMVGCHZ
KFUBJDNVQYCLXMT
KFVGBMSAWUHTROD
KGDCYNZQPMIREAX
KGIAWDUNJTBOPFE
KGRXOJTIWVPFCZL
KGVDCTEMLUPAXIH
KHCPRZUQNISYMWO
KHFTASNJPILEYGB
KHOWYRQSTUNGXVA
KHXDRNQCGBYFAUO
KNHDWIBCTFXAMGU
KNRTPADLXVYGOZU
KOFNIXCRJEYVPUH
KOPQRGZLCWFNUHA
KOPQYDCMESJTXRA
KOXRSFLYMNPUZEB
KPJUWQMXBOSGIZC
KPRWBIOCEDMANYV
KQCUXTSNWVIRLZJ
KQJEWIXPMHVSZDO
KRICFEHJVTNDGAO
KRTCUOVANBEPLDW
KRUMENWXJPBGVSY
KTSFYVGHNPMDJLQ
KUALQPCIGEYRSWH
KVAZHOFEXGPLBIR
KVLXQJBYSEANRZP
KVNLAMPBGYJCIOZ
KWJSQIMBYLXVDUO
KXILNUVSHBDTYAQ
KXZHWACFDQUTERP
KYMIRZJSGPDVQUF
KYOIBEUNHVJTLDW
KYTIOJXHRWAGUQZ
KYVTZRJONUDSMBH
KZRDVOJSFAWQYIT
LBCDAPWFJMEIXGR
LBUNVAWDTQZOJIX
LCVRFMYPSOQAHUD
LDETCKMSFRUXHVO
LDMKWPECRVNAGTS
LDUTISCPAWRFQBX
LEJOWTXAKBSUGZY
LERMIYCPDHTAGZU
LESMHZCGTAJYUNP
LEWCVGDNFISAYUB
LFEVUMXRWDQCSZJ
LFHZJMREWSQPOYA
LHKRQCIXEMTNGBP
LMKQDUSCBAHNYZO
LNQKERPDVCMGYXS
LNYUGSHOAQPDFCV
LOYTRNBGXUEADHQ
LPFCBJIZKAUWNVR
LPHOYKWZXBUDAMJ
LPTUNBCJOIVSDXR
LQCXGPSBRVOAKMJ
LQVOAEZNYUFPKCG
LQZGXRFPEHMNDYK
LRYSOQUVJETNIZD
LTOXWQECIFYSDKJ
LUFWTQDRJMZEBYP
LUVARBFDPZIXKNW
LUWGHCMOIXTNVJB
LVIGCHSNTQRBPMD
LXETHFVIUMDYAQO
LYDFIVQZACUEBMS
MAKFYLCGQITHNEW
MBACQYUWFXSDKIT
MCFPQSONBLKGYVZ
MDLRNGCXFVKJUHW
MEUJFSBAZIDTVCY
MFLYDNSRCUBXHIO
MFSDYPWRCGEUZHA
MFVACGSTKQIYDEN
MGDAOSXBJICRWZH
MGLBTFJRUYDPQAO
MHRUPOQANCDFBVT
MISVFOWRDCXQPKU
MJPTZWIOHGURCSN
MJQOHVETDKUNWGP
MJYVCBZHATQKWDN
MKZHQVECXTJUROY
MKZSDNJRGLTYEHB
MLKQGCWNFZTUHPV
MNKPUZEXJGADFOB
MOELZXHWJYTGPBU
MONXZCRHGEYWTSA
MQAPJXNZGCKVLHD
MQCKOULRBAZXGIT
MQIABHTNVZOUPKR
MQVNRUDPJCAWBIE
MRJXYTLIZVSBPOW
MSHCYOLIPJZQTXG
MSQEKYIBJFVLROA
MVHWOPYRETLBQXS
MVPWIYHRAQJKEFG
MXSNLVIHDUOFPRE
MZWPADSRQJLBKGC
NATXCLBJHEDMPKV
NAVIWOZRTPBHCLG
NBFYEVHAJRWSMCK
NBQZGSHXCJPVIRT
NCJBTAMYKLUEIFD
NDJKGHWEORPVXZU
NDTHOUWFQKXIMAS
NFGWJPRLCZQDTOK
NFYMLPZCSXDUQHR
NGEZOJATYUVHMSW
NGSWOPFZKVQDXTJ
NHVDUJAKTMCZGYS
NHWJDTAGZOQYLSE
NIPXJBAHZRDYSOM
NIZBSYCGKHREUTD
NJCRVHEGITZWDSA
NLTRDOXFWYMGIPA
NLWEAGMFCZUKQYD
NMTLJOHSIZBKEXU
NOPLUMIATZSCDGJ
NOSWKCHVRDMYATP
NPXCROIYJBTVLQM
NSFBKOXQRPWJEYM
NSIDOTCVBLQMRHY
NSMGIRLUTCZVPYB
NSRQGUWKZHAPVIX
NVDLXOJKBSPTQUF
NWPEZITSVXYRQOG
NXIBLOFGKPHJZWR
NXKJTZUMEQCVSYH
NXOUZVDMPYQLGCB
NXWSLMZYFECOTVH
NYAJFPODRCGESIH
NYXKFCDMAGJSQTV
NZUDCXEVRQGJOIP
OBNCYLAMUDWEPHV
OCXSEMAWBULFDQJ
OCZENMBSIWUYAJP
ODRTVHAIYUZLJWG
ODVAMCLFNWJEQPH
OEFHXGMLNRPWBSC
OENAYIBTLGDXPUJ
OGDLSMPNIBTWEZU
OIGNLMWAZSVYTQR
OISEMAHTKNZWYUL
OKHMYCVDZITSBJW
OKMBTVZEJAPDNUR
OLNFPGSKDECMIQR
OMQZBFCAPKJSHRW
OMSUWZBTELYJQCR
OMWPZHNGVEJLRYK
ONMXEHGSPVKTWZC
OPATLIVHYKDNCUB
OPDBCGJHVUYFIWL
OPDTSWFXGEHNJIK
ORUHZPVIDBNKCXG
ORZAEUDVKHLSMYF
OSKVQIXDPNZCHAR
OSRYPGCFJVXKMEH
OSWGBDYKIMPTLRX
OTKNPUZRCEBVMYX
OTPZCHRUKYXNBED
OUMWVYRIZAGCEKT
OUZJBXVGEPAYRDL
OVPMRICHNZUYXQE
OWZNMQVUFHJATXB
OXMNLBGRFSHKWZV
OYVCXZBKIQGNHRU
OYWDAJLZFRQPUIT
OZTBLSPUHAVXYRN
OZVBFAGPRULYDKH
PAZOMIJCNGDKTRX
PBASVNQJZFHLYMU
PDTMZNWSLBRUCKG
PECKBMRNJXFWTQD
PFCDNMJAYRZHXQS
PFWAKXMYTORQEIZ
PFZQEMUSKYGADCI
PGQVSBTJOCRDZLX
PHLAGSXFUVKCDZQ
PIMTGRCKEXOWDVQ
PJRDEZUTNFHOLGV
PKTLYQIORCBAXWN
PKYMHWRSBGDCAOV
PLEUMCFBDANXWJR
PLMKJXOHVWNYTFA
PLZMQTYRIXSOCDV
PMXLNWTBVQHRSAF
PQKFDYSBANERLXO
PRAEGTSYMJQKZHI
PRKGXFNLDICOZSY
PSHRQGZTYXBFJEL
PSQMROVFUZNXTHL
PSTZGEYODBWIJCN
PTAXGHJBEZRYUFN
PURAFXLMGHSICNY
PURFZTLCEYMSNQK
PWTFCAODKHNMBVL
PXDIKLRZTCSWUVJ
PXKMAZWULNRGYBQ
PXUWRGYMEKCZLOH
PXYBLKUGVQOWFNM
PYLGMTBOUJCFIRE
PYXHOWAUFLKTGQD
PZHKNTBEWYUFRAL
PZISEBXNYJWRGUO
QAEIKFMLCWVSZUY
QAJNMEIPHGTVKSB
QASTYMOKEDUGRXB
QAXCGRZLIMSJHEU
QBROXHWGSNAPCTD
QBZUKTXYFOVHSWD
QCJVGMAIONPLDKY
QCWHLZNEMYXKPGR
QDBLVIKRXTSOPCG
QDHSZMWAEYOCFBT
QDMTHZWJGYVBIOU
QDRZSYXEUNTAICJ
QDZTPHLEBGJSCUW
QESNBZWFYPOCHKR
QGZIALTWKUFMVEN
QHOGDPINTULJZBY
QHOSEDLJPRXKYTZ
QIGBTOZXUYJERFL
QJLDZVPACWRUMXG
QJTKLSFPVBCHUOY
QKJCGOVUDAZFRBX
QKWSFUOLMVGCZRB
QNOXLUDSGVZKFPI
QNTGDXZWURFJELY
QOXMEDVLUCIBGYZ
QPKOLWVCFZGXBRJ
QPNACYRVZSFJWIE
QPOTDZRUGNWISEJ
QPXJBFGCWLOHEVA
QRGFKLWMXHBITCA
QRLOZMSBFPNVIHK
QTHJMVYFNZGBOIX
QUWILOJFRXGCMKT
QVFOWDGKMTNPBXC
QVOITRZKWNGJXLC
QVTEHLMPWXAOBFC
QWCGDTHOSYRFXVK
QYKEGUNCRVTWOXM
QYVODHEBFCLGZJS
QYZSIEKUGBHTXRJ
QZEIWJTRPCUMGHA
QZODMGKFSIWXBNV
RADXJFCUIGHEQSW
RBAFEZXNUQPLIOV
RBEOGLKWCHDZPST
RDGSVJWAFUIHQKN
REDZVPSKIANGJLT
REUXSFDLABYCOVK
REWDLAYPSHBJIKO
RFEZCTAPOIDYGXW
RFISYAXJKDVTOLQ
RFQSGKAENXCTZMO
RFSJDVXQYKLBUEG
RGLKWTVPMJSNOAQ
RGTQPMJYOUVSXLW
RHIJTSVZFOEXPMU
RHXWFICUJPGYVES
RINTBWHAGYELCQM
RKBDPCXHLOINFGV
RMOJBCGPHUDIXWZ
RMSBHZAJGKOINEQ
RNIWJPKVYGEHLUS
RNPIDHKXAGZELVF
RQGHKSVDTOIEBXZ
RQNWAPEICSBODFU
RSFENIQTXBOVCAG
RTIGDUWPSAHECNY
RTJKHGQMNFABODS
RVLQPNJTOFXIAWG
RVMODSNBWYTZCGE
RWMCVALEYXSHFNJ
RXUOCFBIEJGKTVM
RXYKIMJLVDWEAHQ
RYZGFLTAQXPMIDO
SAFWXZCIREKDVLN
SALIPYMDVTRKHNW
SAPUJMGVRCKBXEO
SARZWKYVGLQEHMD
SAXLFKPJWHMNCUV
SBUXKNQGHJVMFPA
SCBKNTQRXYMVWUE
SCNJOGKXUZTIREY
SETFZIRQYXLBKMU
SEXAFNLDGVTYCPR
SEXIOKUCGQPMVYW
SGEMTZHCVKJRIPF
SIPDNCBWQMEGJUF
SJHCRWGUEBVANZT
SJQVRADFUETWLYK
SJYNUIOKLHBFRZW
SKNXZQAFVUMYRCI
SLGINMYKAEPOZBQ
SLNCKIAVPWJRXBM
SLOQZXIEHUTCPRV
SLQRUJZDAMIWGYT
SMDQXJTWCLUBVAO
SMJCXNYQPWFGDUR
SMXPKYEQAHLGDRF
SNJKZGVMIYDQFEU
SRHNVPAQWMUYLBF
STAKNMUDLQYWPJZ
STWPEGIVFUCMDJB
SVILQTZOBGMHWXN
SWFDCXQTUPRLEON
SWGIUQTXBZYOKFL
SWTRFAZUQJXGOPN
SZDMLNBKEXGAVQO
SZROCGBQUVKYNXM
TABNIHUVKFSZRPX
TAGZERPDUJXKVQW
TBMRPSDICGAFZVU
TDYZMPAVFHSQLGW
TEFUDSQMIBKLXGA
TESJUNIDOWXBALK
TEVNQUFLKOBCRSH
TEXARBZMKHGVJSQ
TFXYKUMIRZQWSGV
TFYISNBPJLUGOXQ
THOAWPNRBIXYZLM
TJSGMXNFOQAHBLI
TKQLNIXYUGZDWFH
TLHXQOPKEIACGNR
TLUYMIVFZCPRHOE
TMGNLHJEAXYWSIZ
TMZWJKCGSHYRIPE
TOYUPVKWZDFHANC
TPXRHDLEUIQSMYV
TPYJQXONVFWMRZB
TQIMLGFCONPDRVZ
TRCGQLMHJIUDNES
TRJXNEZVQGSLUBW
TSNZAWXKBGCHLPJ
TSXDAIBUYGQLRZO
TSZWMVJRABKNLHP
TUDKWJSFOGBMXHE
TUMKQHBRJOIEZGN
TURGJHEYPSQVXKD
TVMELZDCPRYBKOA
TVWAZRYUKPMFIJD
TVXEHPGMWCIRZYA
TWFBHSKGJNQMPYX
TWQCZVPNHOUFMIS
TWQDJYNBVGRKLEA
TWVIDAZBNHJMCRE
TWVQEHPMZXUJNFR
UAXGNVRJOWCBSYH
UDBCONXSZRGAYQJ
UDNLFBHSCGQZOWR
UDVFHCPAKZGTMEX
UEJBTHOPNCVGLWQ
UFIDNMWQRTAYOGL
UFRYNMCGXHIJLDK
UGHLBAKVEOJCZNQ
UGMIDXVCEKNWPHQ
UHEKZJMDLGYBNST
UHXMIANWRSOTKFC
UIHTFNROSZBPLDJ
UINLBJRXHVKWYTE
UIYNCLKRVFWASGH
UJSNFZQHLPKDEXV
UMSJTDFYCKHIWQE
UNKETZJWVPLAXMO
UNSXDGELQRIYWPA
UNTBZIVRMYHCEFL
UNVGQCYXASRDOEF
UPTVBEFIRMXDGJK
UQGMTNHDAECBOZX
UQPOTNJYDAKSVIG
UQWTASXCIGPNYVF
UREIZNPXDSWYAVT
UTJYSELZWCFHQAM
UVBQHNISRZXJLWY
UVSMRAONDGITXLC
UVTAICQPEGZSBWM
UWEXRQTYFAZIBLO
UYBAXDZTEPWSGCO
UYCGZWTHJSQALFN
UZRYHWSQDFEOPVG
UZSNEVRLOXMQJDH
UZVQOYHWEBXKPDS
VAIKNBJDFHUSMCX
VATQREUDYXBSGPH
VAWIBZGRJHMYELQ
VBQDUWARPMCFZJT
VDKCPNWTQIXFEMZ
VEKOXMUTHFCYJNG
VFLAOSGHNRPKIQJ
VGACZQKUSXBNHPY
VGFPEJXSAIKMUWR
VGJMBSZKAYONFEU
VGNUEWMJBCTKLRA
VINWRMUCYAKQXTS
VKHMDZFJPYENLUI
VKSYMIQOHXULGTE
VLNPXOHIWUQDCJM
VLOAUKEQRFJNGDM
VLXQANDPMYFRJZW
VLYCOPGHTNZIRBS
VLZCSQNKBTAEMIF
VLZFSQDCOIJMGKX
VNBAUTCGOSDZJXR
VNJBCXAUTIFODQH
VORGQLTHAPWDEUM
VOXSPWJRZAQIGMU
VQCIMTFGJEBWZHS
VRPSDTAUMZYFLNG
VSKYFBXCTHQRIUP
VTZEHXBASPDCNJR
VWCYBQDOLJZTUMK
VXNUGAHFKZYEQOR
VXNUHIAKWELFMSJ
VXNWARIEQDBCSLO
VZKQRXBNCUESHAD
VZRLBGNXCWMUODA
WAJZMDXNRVBTKGL
WAMZSEYLGNBVQTC
WBLIAHSKJFZGYPV
WCIVNUGZPMLXQEK
WCUOMDFIKELTJAZ
WFNJDTXKIUSCBAG
WFQRBIKUXNDCJGT
WFYJLATXOKVRMQB
WHJFGAEOVPNDCKL
WHSEDXTLFOMPJQK
WICLSKUXYQFZOAR
WIRQPKZHEJOLUNB
WKDRCYMXBEUGZPF
WKYVCBUIHTADQFG
WLUSQMJCFZRPBOT
WMHLJEDKCRQZBXU
WOGFBYHJICQMATV
WPAFOJRCEDGIKBH
WPYMANBELQCJRDX
WPYULXCQRJFZANI
WQDTZAUNXVYFMBJ
WQZKYHUIXPECFSD
WRJMSAQFTVBOPZG
WTZICOLXFMQEJHN
WUGIPHRSYADLQMB
WUGMRKZSJFEVBLI
WXOCAHPZFVMSEYB
WZDBMLSCRJVNXKG
WZFXHKYCRDGNOLU
WZUSYFQJEORCGDN
XBGAHDFEMLSTURY
XCPBQNYODMSEVZJ
XEMPTGJSAIDHURC
XFNPAHRKZEIJQLB
XHEWQOLPNVKSMFY
XHLQZSRBCYIJVTM
XHRLEGOPWYSTDJA
XHTVEYMNULZRWQO
XHZNBUCMIETADYG
XICMFLJNSYTREUQ
XKIPCWZANVGBTLO
XLBFSWUZAMQVPRT
XLFMYTBOIRHGDQP
XNGKYBDQWIOCSUR
XNWETYCPUVHGSBM
XNZCHMVWDAQUKIS
XOTLUHKSBVPCFMI
XOYTPNZRAIBKHEU
XPEZMAOKHISYLQN
XQOMBSAFEYPCRKI
XRKQZDMHFYBNOJL
XSMAHZGJNOUQDFW
XTLQZOPIFUHRBEC
XTWVOEIBHRAKMSL
XUHBJGODPKVQCIA
XUQNCAOGETIJSYH
XUSFOWAGCVYDQHE
XVGWTRASONKFUPL
XVNZMAIKTEFSQOD
XVOGQNJTIZCSBWA
XVSUNWQALPMHZRD
XYKOQCETPIBVNZG
XYOKUATIGQWBSNZ
XYQIMACZEORLSGB
XZDVGYJBMTQUACO
XZMOSYGKVHCFLNP
XZRLUMYENPDGIFW
YBCIMRXAPSTENLG
YBCIUWRXPEVHQST
YBQETVFOCIHSAPM
YBRAMPECXTWNOKF
YBVKNIRXHLJPEAC
YCFZERVBQAOXSGM
YCKPZOGNRIAXWHJ
YDLPKEOXFSBGMJI
YDSOKQGBTUIRWJH
YEIACXSNHTMBRGU
YETZBURSIXVOHWP
YEUSVNHOLDKQZGR
YFZGAOTCPDRUKLV
YGHDVFRBXPINOZJ
YGJWQISVFAHTUMO
YGNRIWAFDTQPMUE
YGVFTNDWRCEPMKB
YHMRSCGLKTOXEJP
YHPROELCFKGDAUJ
YHRVZPDSXBMEUNL
YHTUQSRDZGNOBXK
YIVEAXZTPFGWUBC
YJVFEKTQCORNPAS
YJVKDGCLUZFPISH
YKBQZLGANWVPIRM
YLUHASQWFEROPNV
YMGJBNIDFORVZAP
YMQZFAIXJEKPUHB
YNMLXIOPRCFVUDZ
YPKOHFGIQWCXNTV
YPZAREIMUQLVWKD
YQHCJOUTZDWAGRN
YQOSZLTJPIFNHGK
YRXVWZLJKUPMNFI
YRZJDNCPTIGEOMS
YSVKQLAWTNMDBOU
YUBLIWMTECXAZVN
YVSTMLAZPCBHIUQ
YWBAVLJCXPKGIRT
YWQXFGZDJAHOSKN
YZFEHMXQCBIGUSW
ZAODFNEITJHXKSV
ZAQFIWTDBGEHXKO
ZDOQTWJKVSGPRMB
ZDRKHLQSNJMCPFV
ZEABTKLCMPVDGSH
ZECONJMTDWIAXGH
ZFUOEIJNLBKRAWM
ZGVFJROQSTLIDPH
ZHTOBDSEUJAVMLI
ZHXGFUSITLRQNYB
ZICVRYDBFWQXATK
ZISTNDBQEVKMCFA
ZJUNXDVHQPLOAYT
ZJVMWGOBCQIXNPT
ZKWOXLTDJIFMASR
ZLHXIMCFAPTGUBS
ZLKJAGDEFOQTIWB
ZNJBACDMSUGYTXH
ZNVHUSGQOBCIMWL
ZNWLKRDFVXMQYHG
ZOIXGVFTWJYHAUE
ZOVKTGDBJMNECRA
ZOYKIECRLPFHTXN
ZPBRUHOJWDYFLME
ZPBXETFUJYLSQAR
ZPHXMSJUIGODRQT
ZPIWRKMJQYFNBGX
ZQFCIEWOVMBKPUH
ZQWMKIDRYBTVEXU
ZRTMFBOYCJKHVXN
ZRVEXOPDTBQSUFN
ZSOCMGTRLYQXKJD
ZSQFEOUPBIYGAKW
ZSYDWHMRVEBXAJQ
ZTELYCVDFKMXBGR
ZTRPCYAWODXKUQS
ZXLFHAYQPBIMOVK
ZXUNDEQPKLOFYJC
ZYUMNKFGTWBJCQS
