Hudson Craven
Hudson River
Irone Sola
Gustavo Alba

Owea Giles
Owen Giles

Albert Venter

Anita Dimaggio
Bobby Dimaggio
Franky Dimaggio
Tony Dimaggio
Andre Giles
Dalena Giles
Gavin Giles
Owen Giles

Anthony Tran
Zoie Oshea
Eyad Aboelnaga
Bowen Yang
Lisa Nguyen

Joe Mama
Anthony Simmons
Bill Cipher

Albert Camus
Jr Tolkien
Dricus Duplessis
Caius Softshine
Huynh Bui

Cheslin Kolbe
Siya Kolisi
Lukhanyo Am
Gerhard Venter
Kurtlee Arendse
Eben Etzebeth
Rassie Erasmus

Aimee Carrero
Aldous Huxley
Nikola Jokic
Jimmy Butler

Andre Zhang
Leon Fong
Stacey Armstrong