.GoD YZaL eHT ReVo SPMuJ XoF NWoRB KCiuQ eHT
SLaNiF aBN eHT NiW LLiW ReLTuB YMMiJ

TeMa TiS RoLoD MuSPi MuRoL

auQiLa aNGaM eRoLoD Te eRoBaL Tu TNuDiDiCNi RoPMeT DoMSuie oD DeS
MaiNeV MiNiM Da MiNe Tu
TauQeSNoC oDoMMoC ae Xe PiuQiLa Tu iSiN SiRoBaL oCMaLLu NoiTaTiCReXe DuRTSoN SiuQ
RuTaiRaP aLLuN TaiGuF ue eRoLoD MuLLiC eSSe TiLeV eTaTPuLoV Ni TiReDNeHeRPeR Ni RoLoD eRuRi eTua SiuD
MuRoBaL TSe Di MiNa TiLLoM TNuReSeD aiCiFFo iuQ aPLuC Ni TNuS TNeDioRP NoN TaTaDiPuC TaCeaCCo TNiS RueTPeCXe

WoLLoF ToN YaM i eM Fo TNoRF Ni KLaW TNoD
DaeL ToN YaM i eM DNiHeB KLaW TNoD
DNeiRF YM eB TSuJ eM eDiSeB KLaW

ReTNiW Fo TSDiM eHT Ni
SaW eReHT DNuoF i
eM NiHTiW
ReMMuS eLBiCNiVNi Na
YPPaH eM SeKaM TaHT DNa
eM TSNiaGa SeHSuP DLRoW eHT DRaH WoH ReTTaM oN TaHT SYaS Ti RoF
eM NiHTiW
ReGNoRTS GNiHTeMoS SeReHT
KCaB THGiR GNiHSuP ReTTeB GNiHTeMoS

FaeL eLGNiS a HTiW DeiPuCCoeRP
eeRT eHT eeS TNoW uoY
eeRT eLGNiS a HTiW DeiPuCCoeRP
TSeRoF eRiTNe eHT SSiM LLuoY

HGuaL TNSeoD NeVaeH
SeRaTS DNa SeLiMS TSuJ Ti

DNiK SYaWLa eRa GNoRTS eHT

iRaHaLaK uo eiD Ni ReV
oS eReoB eiD GNiS RaaD
iRaHaLaK uo eiD YM eeG
oB iRaHaLaK uo eiD

aNoSReP aSoMaF aNu eD aiRoTSiH aL eRaTNoC
aNoHC eD oDoPa Le NoC NeCoNoC aL SoDoT
aLLe NoC ReCaH euQ ReCaH oN aY eCiD oDiRaM uS
aLLeToB aNu aRPMoC eS Y SeKLiaB SoL a aV oiRaiD
NoiCNaC aReMiRP aL NoC aDNaB aL eCNaRRa eS