Day 1: Aa
Day 2: AaBb
Day 3: AaBbCc
Day 4: AaBbCcDd
Day 5: AaBbCcDdEe
Day 6: AaBbCcDdEeFf
Day 7: AaBbCcDdEeFfGg
Day 8: AaBbCcDdEeFfGgHh
Day 9: AaBbCcDdEeFfGgHhIi
Day 10: AaBbCcDdEeFfGgHhIiJj
Day 11: AaBbCcDdEeFfGgHhIiJjKk
Day 12: AaBbCcDdEeFfGgHhIiJjKkLl
Day 13: AaBbCcDdEeFfGgHhIiJjKkLlMm
Day 14: AaBbCcDdEeFfGgHhIiJjKkLlMmNn
Day 15: AaBbCcDdEeFfGgHhIiJjKkLlMmNnOo
Day 16: AaBbCcDdEeFfGgHhIiJjKkLlMmNnOoPp
Day 17: AaBbCcDdEeFfGgHhIiJjKkLlMmNnOoPpQq
Day 18: AaBbCcDdEeFfGgHhIiJjKkLlMmNnOoPpQqRr
Day 19: AaBbCcDdEeFfGgHhIiJjKkLlMmNnOoPpQqRrSs
Day 20: AaBbCcDdEeFfGgHhIiJjKkLlMmNnOoPpQqRrSsTt
Day 21: AaBbCcDdEeFfGgHhIiJjKkLlMmNnOoPpQqRrSsTtUu
Day 22: AaBbCcDdEeFfGgHhIiJjKkLlMmNnOoPpQqRrSsTtUuVv
Day 23: AaBbCcDdEeFfGgHhIiJjKkLlMmNnOoPpQqRrSsTtUuVvWw
Day 24: AaBbCcDdEeFfGgHhIiJjKkLlMmNnOoPpQqRrSsTtUuVvWwXx
Day 25: AaBbCcDdEeFfGgHhIiJjKkLlMmNnOoPpQqRrSsTtUuVvWwXxYy
Day 26: AaBbCcDdEeFfGgHhIiJjKkLlMmNnOoPpQqRrSsTtUuVvWwXxYyZz
