/\
||

 /\
/*-\
 ||

 /\
/aa\
 ||

  /\
 /-^\
/---^\
  ||

    /\
   /oo\
  /----\
 /---o--\
/-------o\
    ||

    /\
   /PP\
  /PPPP\
 /PPPPPP\
/PPPPPPPP\
    ||

     /\
    /--\
   /----\
  /------\
 /--------\
/----------\
     ||

        /\
       /bb\
      /bbbb\
     /bbbb--\
    /--b----b\
   /b---------\
  /------------\
 /--------------\
/----------------\
        ||

                                                                                                   /\
                                                                                                  /a-\
                                                                                                 /a---\
                                                                                                /a-----\
                                                                                               /--------\
                                                                                              /------a---\
                                                                                             /---a--------\
                                                                                            /-----a--------\
                                                                                           /----------a-----\
                                                                                          /-----------------a\
                                                                                         /aaaaaaaaaa----------\
                                                                                        /--------a-a-------a---\
                                                                                       /--a--------------a------\
                                                                                      /--------------------------\
                                                                                     /-----------------aa---------\
                                                                                    /------------------------------\
                                                                                   /--------------------------------\
                                                                                  /----------------a-----------------\
                                                                                 /------------------------------------\
                                                                                /--------------------------------------\
                                                                               /----------------------------------------\
                                                                              /------------------------------------------\
                                                                             /--------------------------------------------\
                                                                            /----------------------------------------------\
                                                                           /------------------------------------------------\
                                                                          /--------------------------------------------------\
                                                                         /----------------------------------------------------\
                                                                        /------------------------------------------------------\
                                                                       /--------------------------------------------------------\
                                                                      /----------------------------------------------------------\
                                                                     /------------------------------------------------------------\
                                                                    /--------------------------------------------------------------\
                                                                   /----------------------------------------------------------------\
                                                                  /------------------------------------------------------------------\
                                                                 /--------------------------------------------------------------------\
                                                                /----------------------------------------------------------------------\
                                                               /------------------------------------------------------------------------\
                                                              /--------------------------------------------------------------------------\
                                                             /----------------------------------------------------------------------------\
                                                            /------------------------------------------------------------------------------\
                                                           /--------------------------------------------------------------------------------\
                                                          /----------------------------------------------------------------------------------\
                                                         /------------------------------------------------------------------------------------\
                                                        /--------------------------------------------------------------------------------------\
                                                       /----------------------------------------------------------------------------------------\
                                                      /------------------------------------------------------------------------------------------\
                                                     /--------------------------------------------------------------------------------------------\
                                                    /----------------------------------------------------------------------------------------------\
                                                   /------------------------------------------------------------------------------------------------\
                                                  /--------------------------------------------------------------------------------------------------\
                                                 /----------------------------------------------------------------------------------------------------\
                                                /------------------------------------------------------------------------------------------------------\
                                               /--------------------------------------------------------------------------------------------------------\
                                              /----------------------------------------------------------------------------------------------------------\
                                             /------------------------------------------------------------------------------------------------------------\
                                            /--------------------------------------------------------------------------------------------------------------\
                                           /----------------------------------------------------------------------------------------------------------------\
                                          /------------------------------------------------------------------------------------------------------------------\
                                         /--------------------------------------------------------------------------------------------------------------------\
                                        /----------------------------------------------------------------------------------------------------------------------\
                                       /------------------------------------------------------------------------------------------------------------------------\
                                      /--------------------------------------------------------------------------------------------------------------------------\
                                     /----------------------------------------------------------------------------------------------------------------------------\
                                    /------------------------------------------------------------------------------------------------------------------------------\
                                   /--------------------------------------------------------------------------------------------------------------------------------\
                                  /----------------------------------------------------------------------------------------------------------------------------------\
                                 /------------------------------------------------------------------------------------------------------------------------------------\
                                /--------------------------------------------------------------------------------------------------------------------------------------\
                               /----------------------------------------------------------------------------------------------------------------------------------------\
                              /------------------------------------------------------------------------------------------------------------------------------------------\
                             /--------------------------------------------------------------------------------------------------------------------------------------------\
                            /----------------------------------------------------------------------------------------------------------------------------------------------\
                           /------------------------------------------------------------------------------------------------------------------------------------------------\
                          /--------------------------------------------------------------------------------------------------------------------------------------------------\
                         /----------------------------------------------------------------------------------------------------------------------------------------------------\
                        /------------------------------------------------------------------------------------------------------------------------------------------------------\
                       /--------------------------------------------------------------------------------------------------------------------------------------------------------\
                      /----------------------------------------------------------------------------------------------------------------------------------------------------------\
                     /------------------------------------------------------------------------------------------------------------------------------------------------------------\
                    /--------------------------------------------------------------------------------------------------------------------------------------------------------------\
                   /----------------------------------------------------------------------------------------------------------------------------------------------------------------\
                  /------------------------------------------------------------------------------------------------------------------------------------------------------------------\
                 /--------------------------------------------------------------------------------------------------------------------------------------------------------------------\
                /----------------------------------------------------------------------------------------------------------------------------------------------------------------------\
               /------------------------------------------------------------------------------------------------------------------------------------------------------------------------\
              /--------------------------------------------------------------------------------------------------------------------------------------------------------------------------\
             /----------------------------------------------------------------------------------------------------------------------------------------------------------------------------\
            /------------------------------------------------------------------------------------------------------------------------------------------------------------------------------\
           /--------------------------------------------------------------------------------------------------------------------------------------------------------------------------------\
          /----------------------------------------------------------------------------------------------------------------------------------------------------------------------------------\
         /------------------------------------------------------------------------------------------------------------------------------------------------------------------------------------\
        /--------------------------------------------------------------------------------------------------------------------------------------------------------------------------------------\
       /----------------------------------------------------------------------------------------------------------------------------------------------------------------------------------------\
      /------------------------------------------------------------------------------------------------------------------------------------------------------------------------------------------\
     /--------------------------------------------------------------------------------------------------------------------------------------------------------------------------------------------\
    /----------------------------------------------------------------------------------------------------------------------------------------------------------------------------------------------\
   /------------------------------------------------------------------------------------------------------------------------------------------------------------------------------------------------\
  /--------------------------------------------------------------------------------------------------------------------------------------------------------------------------------------------------\
 /----------------------------------------------------------------------------------------------------------------------------------------------------------------------------------------------------\
/------------------------------------------------------------------------------------------------------------------------------------------------------------------------------------------------------\
                                                                                                   ||

                                                                                                   /\
                                                                                                  /OO\
                                                                                                 /O---\
                                                                                                /------\
                                                                                               /--------\
                                                                                              /----------\
                                                                                             /------------\
                                                                                            /--------------\
                                                                                           /----------------\
                                                                                          /------------------\
                                                                                         /--------------------\
                                                                                        /----------------------\
                                                                                       /------------------------\
                                                                                      /--------------------------\
                                                                                     /----------------------------\
                                                                                    /------------------------------\
                                                                                   /--------------------------------\
                                                                                  /----------------------------------\
                                                                                 /------------------------------------\
                                                                                /--------------------------------------\
                                                                               /----------------------------------------\
                                                                              /------------------------------------------\
                                                                             /-------------------------------------O------\
                                                                            /----------------------------------------------\
                                                                           /------------------------------------------------\
                                                                          /--------------------------------------------------\
                                                                         /----------------------------------------------------\
                                                                        /------------------------------------------------------\
                                                                       /--------------------------------------------------------\
                                                                      /----------------------------------------------------------\
                                                                     /------------------------------------------------------------\
                                                                    /--------------------------------------------------------------\
                                                                   /----------------------------------------------------------------\
                                                                  /------------------------------------------------------------------\
                                                                 /--------------------------------------------------------------------\
                                                                /----------------------------------------------------------------------\
                                                               /------------------------------------------------------------------------\
                                                              /--------------------------------------------------------------------------\
                                                             /----------------------------------------------------------------------------\
                                                            /------------------------------------------------------------------------------\
                                                           /--------------------------------------------------------------------------------\
                                                          /----------------------------------------------------------------------------------\
                                                         /------------------------------------------------------------------------------------\
                                                        /--------------------------------------------------------------------------------------\
                                                       /----------------------------------------------------------------------------------------\
                                                      /------------------------------------------------------------------------------------------\
                                                     /--------------------------------------------------------------------------------------------\
                                                    /----------------------------------------------------------------------------------------------\
                                                   /------------------------------------------------------------------------------------------------\
                                                  /--------------------------------------------------------------------------------------------------\
                                                 /----------------------------------------------------------------------------------------------------\
                                                /------------------------------------------------------------------------------------------------------\
                                               /--------------------------------------------------------------------------------------------------------\
                                              /----------------------------------------------------------------------------------------------------------\
                                             /------------------------------------------------------------------------------------------------------------\
                                            /-----------------------------O--------------------------------------------------------------------------------\
                                           /----------------------------------------------------------------------------------------------------------------\
                                          /------------------------------------------------------------------------------------------------------------------\
                                         /--------------------------------------------------------------------------------------------------------------------\
                                        /----------------------------------------------------------------------------------------------------------------------\
                                       /------------------------------------------------------------------------------------------------------------------------\
                                      /--------------------------------------------------------------------------------------------------------------------------\
                                     /----------------------------------------------------------------------------------------------------------------------------\
                                    /------------------------------------------------------------------------------------------------------------------------------\
                                   /--------------------------------------------------------------------------------------------------------------------------------\
                                  /----------------------------------------------------------------------------------------------------------------------------------\
                                 /------------------------------------------------------------------------------------------------------------------------------------\
                                /--------------------------------------------------------------------------------------------------------------------------------------\
                               /----------------------------------------------------------------------------------------------------------------------------------------\
                              /------------------------------------------------------------------------------------------------------------------------------------------\
                             /--------------------------------------------------------------------------------------------------------------------------------------------\
                            /----------------------------------------------------------------------------------------------------------------------------------------------\
                           /------------------------------------------------------------------------------------------------------------------------------------------------\
                          /--------------------------------------------------------------------------------------------------------------------------------------------------\
                         /----------------------------------------------------------------------------------------------------------------------------------------------------\
                        /------------------------------------------------------------------------------------------------------------------------------------------------------\
                       /--------------------------------------------------------------------------------------------------------------------------------------------------------\
                      /----------------------------------------------------------------------------------------------------------------------------------------------------------\
                     /------------------------------------------------------------------------------------------------------------------------------------------------------------\
                    /--------------------------------------------------------------------------------------------------------------------------------------------------------------\
                   /----------------------------------------------------------------------------------------------------------------------------------------------------------------\
                  /------------------------------------------------------------------------------------------------------------------------------------------------------------------\
                 /--------------------------------------------------------------------------------------------------------------------------------------------------------------------\
                /----------------------------------------------------------------------------------------------------------------------------------------------------------------------\
               /------------------------------------------------------------------------------------------------------------------------------------------------------------------------\
              /--------------------------------------------------------------------------------------------------------------------------------------------------------------------------\
             /----------------------------------------------------------------------------------------------------------------------------------------------------------------------------\
            /------------------------------------------------------------------------------------------------------------------------------------------------------------------------------\
           /--------------------------------------------------------------------------------------------------------------------------------------------------------------------------------\
          /----------------------------------------------------------------------------------------------------------------------------------------------------------------------------------\
         /------------------------------------------------------------------------------------------------------------------------------------------------------------------------------------\
        /--------------------------------------------------------------------------------------------------------------------------------------------------------------------------------------\
       /----------------------------------------------------------------------------------------------------------------------------------------------------------------------------------------\
      /------------------------------------------------------------------------------------------------------------------------------------------------------------------------------------------\
     /--------------------------------------------------------------------------------------------------------------------------------------------------------------------------------------------\
    /----------------------------------------------------------------------------------------------------------------------------------------------------------------------------------------------\
   /------------------------------------------------------------------------------------------------------------------------------------------------------------------------------------------------\
  /--------------------------------------------------------------------------------------------------------------------------------------------------------------------------------------------------\
 /----------------------------------------------------------------------------------------------------------------------------------------------------------------------------------------------------\
/------------------------------------------------------------------------------------------------------------------------------------------------------------------------------------------------------\
                                                                                                   ||

  /\
 /-\\
/---\\
  ||

    /\
   /--\
  /----\
 /------\
/--------\
    ||

                                                                       /\
                                                                      /--\
                                                                     /!---\
                                                                    /------\
                                                                   /-------!\
                                                                  /----------\
                                                                 /------------\
                                                                /--------------\
                                                               /----------------\
                                                              /------------------\
                                                             /--------------------\
                                                            /----------------------\
                                                           /------------------------\
                                                          /--------------------------\
                                                         /----------------------------\
                                                        /------------------------------\
                                                       /--------------------------------\
                                                      /----------------------------------\
                                                     /------------------------------------\
                                                    /--------------------------------------\
                                                   /----------------------------------------\
                                                  /------------------------------------------\
                                                 /--------------------------------------------\
                                                /----------------------------------------------\
                                               /------------------------------------------------\
                                              /--------------------------------------------------\
                                             /----------------------------------------------------\
                                            /------------------------------------------------------\
                                           /--------------------------------------------------------\
                                          /----------------------------------------------------------\
                                         /------------------------------------------------------------\
                                        /--------------------------------------------------------------\
                                       /----------------------------------------------------------------\
                                      /------------------------------------------------------------------\
                                     /--------------------------------------------------------------------\
                                    /----------------------------------------------------------------------\
                                   /------------------------------------------------------------------------\
                                  /--------------------------------------------------------------------------\
                                 /----------------------------------------------------------------------------\
                                /------------------------------------------------------------------------------\
                               /--------------------------------------------------------------------------------\
                              /----------------------------------------------------------------------------------\
                             /------------------------------------------------------------------------------------\
                            /--------------------------------------------------------------------------------------\
                           /----------------------------------------------------------------------------------------\
                          /------------------------------------------------------------------------------------------\
                         /--------------------------------------------------------------------------------------------\
                        /----------------------------------------------------------------------------------------------\
                       /------------------------------------------------------------------------------------------------\
                      /--------------------------------------------------------------------------------------------------\
                     /----------------------------------------------------------------------------------------------------\
                    /------------------------------------------------------------------------------------------------------\
                   /--------------------------------------------------------------------------------------------------------\
                  /----------------------------------------------------------------------------------------------------------\
                 /------------------------------------------------------------------------------------------------------------\
                /--------------------------------------------------------------------------------------------------------------\
               /----------------------------------------------------------------------------------------------------------------\
              /------------------------------------------------------------------------------------------------------------------\
             /--------------------------------------------------------------------------------------------------------------------\
            /----------------------------------------------------------------------------------------------------------------------\
           /------------------------------------------------------------------------------------------------------------------------\
          /--------------------------------------------------------------------------------------------------------------------------\
         /----------------------------------------------------------------------------------------------------------------------------\
        /------------------------------------------------------------------------------------------------------------------------------\
       /--------------------------------------------------------------------------------------------------------------------------------\
      /----------------------------------------------------------------------------------------------------------------------------------\
     /------------------------------------------------------------------------------------------------------------------------------------\
    /--------------------------------------------------------------------------------------------------------------------------------------\
   /----------------------------------------------------------------------------------------------------------------------------------------\
  /------------------------------------------------------------------------------------------------------------------------------------------\
 /--------------------------------------------------------------------------------------------------------------------------------------------\
/----------------------------------------------------------------------------------------------------------------------------------------------\
                                                                       ||