DO NOT SELL!!!

Shopping list for John Cena's order:
2 cups of flour
0.75 cup of butter
1.50 teaspoons of baking soda
3 cups of sugar
0.50 cup of royal icing
1 egg

Shopping list for Gus Fring's order:
138 cups of flour
51.75 cups of butter
103.50 teaspoons of baking soda
207 cups of sugar
34.50 cups of royal icing
69 eggs

Shopping list for Mike Ehrmantraut's order:
42 cups of flour
15.75 cups of butter
31.50 teaspoons of baking soda
63 cups of sugar
10.50 cups of royal icing
21 eggs

DO NOT SELL!!!

Shopping list for Twilight Sparkle's order:
1998 cups of flour
749.25 cups of butter
1498.50 teaspoons of baking soda
2997 cups of sugar
499.50 cups of royal icing
999 eggs
