#1: Stephen Curry - point guard
#2: Dorian Finney-Smith - small forward
#3: Stephon Marbury - point guard
***************
#1: Darth Vader - power forward
#2: Freddy Fazbear - center
***************
#1: Luka Doncic - point guard
#2: LaMelo Ball - point guard
#3: LeBron James - small forward
***************
#1: Donovan Mitchell - shooting guard
#2: Kyrie Irving - shooting guard
***************
#1: Kevin Durant - small forward
#2: Carmelo Anthony - small forward
#3: Kobe Bryant - shooting guard
#4: Michael Jordan - shooting guard
#5: Shaquille O'Neal - center
***************
***************
#1: Ben Simmons - point guard
#2: Tyrese Maxey - shooting guard
#3: Joel Embiid - center
***************
