Period -1
---------
Nik.S Tro.D Amy.A Bob.B Cam.C Dan.D Eve.E Flo.F Gil.G Hal.H Ike.I Joe.J Kim.K Leo.L Mia.M
Ben.B Cia.C Dan.D Eva.E Flo.F Gus.G Hal.H Ida.I Jon.J Kai.K Leo.L Meg.M Ned.N Ora.O Ned.N
Ana.A Xan.X Yve.Y Zoe.Z Ana.A Ben.B Cia.C Dan.D Eva.E Flo.F Gus.G Hal.H Ida.I Pam.P Ora.O
Zoe.Z Wes.W Leo.L Meg.M Ned.N Ora.O Pam.P Qui.Q Ron.R Sue.S Tom.T Uma.U Jon.J Qui.Q Pam.P
Yve.Y Vin.V Kai.K Ron.R Sam.S Tia.T Uma.U Val.V Wes.W Xan.X Yve.Y Vin.V Kai.K Ron.R Qua.Q
Xan.X Uma.U Jan.J Qui.Q Pam.P Qui.Q Ron.R Sam.S Tia.T Uma.U Zac.Z Wes.W Leo.L Sam.S Ray.R
Wes.W Tom.T Ida.I Pam.P Ora.O Jon.J Ida.I Hal.H Zoe.Z Val.V Ana.A Xan.X Meg.M Tia.T Sam.S
Vin.V Sue.S Hal.H Ora.O Ned.N Ida.I Hal.H Gus.G Gus.G Wes.W Ben.B Yve.Y Ned.N Uma.U Tin.T
Uma.U Ron.R Gus.G Ned.N Meg.M Zac.Z Yve.Y Xan.X Fay.F Xan.X Cia.C Zoe.Z Ora.O Val.V Uma.U
Tom.T Qui.Q Fay.F Meg.M Leo.L Ida.I Hal.H Gus.G Wes.W Yve.Y Dan.D Ada.A Pam.P Wes.W Val.V
Sue.S Pam.P Eli.E Leo.L Kai.K Jan.J Ida.I Hal.H Fay.F Flo.F Eva.E Ben.B Qui.Q Xan.X Wes.W
Ron.R Ora.O Deb.D Kai.K Jon.J                   Gus.G Eli.E Deb.D Cal.C Ron.R Yve.Y Xan.X
Qui.Q Ned.N Cal.C Ben.B Ada.A                         Val.V Uma.U Tia.T Sam.S Zac.Z Yve.Y
Pam.P Meg.M Leo.L Kai.K Jan.J                         Eli.E Deb.D Cal.C Ben.B Ada.A Zac.Z
Ora.O Ned.N Meg.M Leo.L Kai.K                         Fay.F Eli.E Deb.D Cal.C Ben.B Ada.A

Period 44
---------
Nik.S Tro.D Joe.S Tim.J
Joe.B Ste.I Eva.B Hob.P
Pra.B Sam.A       Kim.L
Yas.P             Log.L

Period 6
--------
Bow.Y Emm.A Fra.F
Jac.J Iva.I Geo.G
            Hel.H

Period 3
--------
Joh.A Kat.K
Mar.M Lil.L

Period 5345
-----------
Nik.S Ali.B Bob.D
      Eva.E Cha.C
            Dav.A

Period 4
--------
Gra.F Hen.G Isa.H
      Lil.K Jac.I
            Kat.J

Period 3
--------
Tom.T Urs.U
      Vic.V

Period 298922
-------------
Tes.C