Elizabeth Perez
10/30/practiceNov10 $118.90
Total Sales $118.90

Jeremy Riley
10/4/practiceNov10 $31.95
10/27/practiceNov10 $75.50
Total Sales $107.45

Toni Andrews
10/12/practiceNov10 $19.14
10/30/practiceNov10 $85.49
Total Sales $104.63

Cory Randolph
10/6/practiceNov10 $25.25
10/14/practiceNov10 $35.90
10/30/practiceNov10 $18.50
Total Sales $79.65

Patricia Garza
10/20/practiceNov10 $25.15
10/28/practiceNov10 $52.05
Total Sales $77.20

Alonzo Carrasco
10/6/practiceNov10 $31.10
10/30/practiceNov10 $37.75
Total Sales $68.85

Idalia Sauceda
10/3/practiceNov10 $15.00
10/12/practiceNov10 $15.00
10/20/practiceNov10 $26.35
10/29/practiceNov10 $9.50
Total Sales $65.85

Steve Flanary
10/2/practiceNov10 $20.00
10/15/practiceNov10 $12.75
10/16/practiceNov10 $8.50
Total Sales $41.25

Ronald Meads
10/3/practiceNov10 $18.45
10/28/practiceNov10 $22.22
Total Sales $40.67

Bernice Urteaga
10/15/practiceNov10 $14.99
Total Sales $14.99

Grand Total $719.44