000004
000040
000400
004000
00000000
11112222
33334444
44445555
55556666
77778888
77778888
77778888
9
00000000000000000000
9
9
9
9
9
9
9
9
9
9
9
9
9
9
9
9
9
9
9
9
00000000001111111111
00000111110000011111
22222222222222222222
00000000000000000000
11111111111111111111
33333444446666666666
77777777777777777777
77777777777777777777
48888888888888888888
88888888888888888888
88888888888888888888
88888888888888888888
99999999999999999999
99999999999999999999
00000000000000000000
00000000000000000000
00000000000000000000
00000000000000000000
00000000000000000000
00000000000000000001
99999999999999999999
99999999999999999999
99999999999999999999
99999999999999999999
99999999999999999999
99999999999999999999
99999999999999999999
99999999999999999999
99999999999999999999
99999999999999999999
99999999999999999999
99999999999999999999
99999999999999999999
99999999999999999999
99999999999999999999
99999999999999999999
99999999999999999999
99999999999999999999
99999999999999999999
99999999999999999999
3333333333
3000000005
88888888888888888888
88888888888888888888
88888888888888888888
88888888888888888888
88888008888880088888
88880000888800008888
88888008888880088888
88888888888888888888
88888888811888888888
88888888811888888888
88888008888880088888
88888800888800888888
88888880000008888888
88888888000088888888
88888888888888888888
88888888888888888888
88888888888888888888
88888888888888888888
88888888888888888888
88888888888888888888
