Raffle #1:
James Wins Video Game!!
Betty Wins CD!!
Jimmy Wins Backpack!!
Raffle #2:
Marc Wins Eraser!!
James Wins Pencil!!
Tim Wins Pen!!
Raffle #3:
George Wins A Really Cool Prize That George Will Win!!
Raffle #4:
Contestant #1 Wins Prize #1!!
Contestant #2 Wins Prize #2!!
Contestant #3 Wins Prize #3!!
Raffle #5:
Candy Wins Candy!!
Joe Wins A Cup of Joe!!
Raffle #6:
Contestant #1 Wins something!!
Contestant #2 Wins nothing!!
Contestant #3 Wins a lot of things!!
Contestant #4 Wins everything!!
Raffle #7:
Contestant #1 Wins the coolest prize of all!!
Raffle #8:
He Wins all the toys!!
Raffle #9:
Contestant 1 Wins Prize 1!!
