 C
CC

    C
   CC
  CCC
 CCCC
CCCCC

       C
      CC
     CCC
    CCCC
   CCCCC
  CCCCCC
 CCCCCCC
CCCCCCCC

                            C
                           CC
                          CCC
                         CCCC
                        CCCCC
                       CCCCCC
                      CCCCCCC
                     CCCCCCCC
                    CCCCCCCCC
                   CCCCCCCCCC
                  CCCCCCCCCCC
                 CCCCCCCCCCCC
                CCCCCCCCCCCCC
               CCCCCCCCCCCCCC
              CCCCCCCCCCCCCCC
             CCCCCCCCCCCCCCCC
            CCCCCCCCCCCCCCCCC
           CCCCCCCCCCCCCCCCCC
          CCCCCCCCCCCCCCCCCCC
         CCCCCCCCCCCCCCCCCCCC
        CCCCCCCCCCCCCCCCCCCCC
       CCCCCCCCCCCCCCCCCCCCCC
      CCCCCCCCCCCCCCCCCCCCCCC
     CCCCCCCCCCCCCCCCCCCCCCCC
    CCCCCCCCCCCCCCCCCCCCCCCCC
   CCCCCCCCCCCCCCCCCCCCCCCCCC
  CCCCCCCCCCCCCCCCCCCCCCCCCCC
 CCCCCCCCCCCCCCCCCCCCCCCCCCCC
CCCCCCCCCCCCCCCCCCCCCCCCCCCCC

