Ben Davis
Users that are one connection away: Jeb Bush, David Smith, Danny Vunt
Users that are two connections away: Johhny Blaze, Johnny Blaze, Harry Potter, Teddy Roosevelt
Users that are three connections away: Eric Chan, Abraham Lincoln
Ariel Hatley
Users that are one connection away: Sam Armstrong, Johhny Blaze, Wesley Chart
Users that are two connections away: Jeb Bush, Eric Chan, Danny Vunt
Users that are three connections away: Johnny Blaze, Harry Potter, Dylan Rhodes, Teddy Roosevelt
B B
Users that are one connection away: No users are one connection away
Users that are two connections away: No users are two connections away
Users that are three connections away: No users are three connections away
G G
Users that are one connection away: E E
Users that are two connections away: D D
Users that are three connections away: No users are three connections away
Harry Potter
Users that are one connection away: Sam Armstrong, Teddy Roosevelt
Users that are two connections away: Ben Davis, Abraham Lincoln, Danny Vunt
Users that are three connections away: Johnny Blaze, Wesley Chart, Ariel Hatley, Dylan Rhodes
Dylan Rhodes
Users that are one connection away: Johhny Blaze, Teddy Roosevelt
Users that are two connections away: Jeb Bush, David Smith
Users that are three connections away: Sam Armstrong, Ariel Hatley, Harry Potter
E E
Users that are one connection away: G G
Users that are two connections away: No users are two connections away
Users that are three connections away: No users are three connections away
Abraham Lincoln
Users that are one connection away: Jeb Bush, Eric Chan
Users that are two connections away: Sam Armstrong, Johhny Blaze, Harry Potter
Users that are three connections away: Ben Davis, David Smith, Danny Vunt
Johnny Blaze
Users that are one connection away: Sam Armstrong
Users that are two connections away: Jeb Bush, Ben Davis
Users that are three connections away: Wesley Chart, Ariel Hatley, Harry Potter, Teddy Roosevelt
Ben Davis
Users that are one connection away: Jeb Bush, David Smith, Danny Vunt
Users that are two connections away: Johhny Blaze, Johnny Blaze, Harry Potter, Teddy Roosevelt
Users that are three connections away: Eric Chan, Abraham Lincoln
Danny Vunt
Users that are one connection away: Jeb Bush, Ben Davis
Users that are two connections away: Wesley Chart, Ariel Hatley, Harry Potter, Teddy Roosevelt
Users that are three connections away: Abraham Lincoln, David Smith
H H
Users that are one connection away: J J
Users that are two connections away: No users are two connections away
Users that are three connections away: No users are three connections away
C C
Users that are one connection away: No users are one connection away
Users that are two connections away: No users are two connections away
Users that are three connections away: No users are three connections away
