&................................&................................&
.&...............................&...............................&.
..&..............................&..............................&..
...&.%.........................%.&.%.........................%.&...
....&%..........................%&%..........................%&....
...%%%...........................%...........................%%%...
......&..........................&..........................&......
.......&.........................&.........................&.......
........&........................&........................&........
.........&..%.................%..&..%.................%..&.........
..........&.%..................%.&.%..................%.&..........
...........&%...................%&%...................%&...........
.........%%%%....................%....................%%%%.........
.............&...................&...................&.............
..............&..................&..................&..............
...............&...%.........%...&...%.........%...&...............
................&..%..........%..&..%..........%..&................
.................&.%...........%.&.%...........%.&.................
..................&%............%&%............%&..................
...............%%%%%.............%.............%%%%%...............
....................&............&............&....................
.....................&....%.%....&....%.%....&.....................
......................&...%..%...&...%..%...&......................
.......................&..%...%..&..%...%..&.......................
........................&.%....%.&.%....%.&........................
.........................&%.....%&%.....%&.........................
.....................%%%%%%......%......%%%%%%.....................
...........................&.....&.....&...........................
.....................%......&....&....&......%.....................
...............%......%......&...&...&......%......%...............
.........%......%......%......&..&..&......%......%......%.........
...%......%......%......%......&.&.&......%......%......%......%...
....%......%......%......%......&&&......%......%......%......%....
&&&&&%&&&&&&%&&&&&&%&&&&&&%&&&&&&&&&&&&&%&&&&&&%&&&&&&%&&&&&&%&&&&&
....%......%......%......%......&&&......%......%......%......%....
...%......%......%......%......&.&.&......%......%......%......%...
.........%......%......%......&..&..&......%......%......%.........
...............%......%......&...&...&......%......%...............
.....................%......&....&....&......%.....................
...........................&.....&.....&...........................
.....................%%%%%%......%......%%%%%%.....................
.........................&%.....%&%.....%&.........................
........................&.%....%.&.%....%.&........................
.......................&..%...%..&..%...%..&.......................
......................&...%..%...&...%..%...&......................
.....................&....%.%....&....%.%....&.....................
....................&............&............&....................
...............%%%%%.............%.............%%%%%...............
..................&%............%&%............%&..................
.................&.%...........%.&.%...........%.&.................
................&..%..........%..&..%..........%..&................
...............&...%.........%...&...%.........%...&...............
..............&..................&..................&..............
.............&...................&...................&.............
.........%%%%....................%....................%%%%.........
...........&%...................%&%...................%&...........
..........&.%..................%.&.%..................%.&..........
.........&..%.................%..&..%.................%..&.........
........&........................&........................&........
.......&.........................&.........................&.......
......&..........................&..........................&......
...%%%...........................%...........................%%%...
....&%..........................%&%..........................%&....
...&.%.........................%.&.%.........................%.&...
..&..............................&..............................&..
.&...............................&...............................&.
&................................&................................&
@****@****@
*#***#***#*
**#**#**#**
***#*#*#***
****###****
@#########@
****###****
***#*#*#***
**#**#**#**
*#***#***#*
@****@****@
@&&&)&&&&&)&&&@&&&)&&&&&)&&&@
&@&&)&&&&&&)&&@&&)&&&&&&)&&@&
&&@&)&&)&)&&)&@&)&&)&)&&)&@&&
&&&@)&&&))&&&)@)&&&))&&&)@&&&
)))))&&&&)&&&&)&&&&)&&&&)))))
&&&&&@&&&))&&&@&&&))&&&@&&&&&
&&&&&&@&&)&)&&@&&)&)&&@&&&&&&
&&)&&&&@&)&&)&@&)&&)&@&&&&)&&
&&&)&&&&@)&&&)@)&&&)@&&&&)&&&
&&))))))))&&&&)&&&&))))))))&&
)&&&&)&&&&@&&&@&&&@&&&&)&&&&)
&)&&&&)&&&&@&&@&&@&&&&)&&&&)&
&&)&&&&)&&&&@&@&@&&&&)&&&&)&&
&&&)&&&&)&&&&@@@&&&&)&&&&)&&&
@@@@)@@@@)@@@@@@@@@)@@@@)@@@@
&&&)&&&&)&&&&@@@&&&&)&&&&)&&&
&&)&&&&)&&&&@&@&@&&&&)&&&&)&&
&)&&&&)&&&&@&&@&&@&&&&)&&&&)&
)&&&&)&&&&@&&&@&&&@&&&&)&&&&)
&&))))))))&&&&)&&&&))))))))&&
&&&)&&&&@)&&&)@)&&&)@&&&&)&&&
&&)&&&&@&)&&)&@&)&&)&@&&&&)&&
&&&&&&@&&)&)&&@&&)&)&&@&&&&&&
&&&&&@&&&))&&&@&&&))&&&@&&&&&
)))))&&&&)&&&&)&&&&)&&&&)))))
&&&@)&&&))&&&)@)&&&))&&&)@&&&
&&@&)&&)&)&&)&@&)&&)&)&&)&@&&
&@&&)&&&&&&)&&@&&)&&&&&&)&&@&
@&&&)&&&&&)&&&@&&&)&&&&&)&&&@
,%%%%%%%%%%%%%%%%%%%%%%%%%%%%%%%%%%%%%%%%%%%%%%%%,%%%%%%%%%%%%%%%%%%%%%%%%%%%%%%%%%%%%%%%%%%%%%%%%,
%,%%%%%%%%%%%%%%%%%%%%%%%%%%%%%%%%%%%%%%%%%%%%%%%,%%%%%%%%%%%%%%%%%%%%%%%%%%%%%%%%%%%%%%%%%%%%%%%,%
%%,%%%%%%L%%%%%%%%%%%%%%%%%%%%%%%%%%%%%%%%L%%%%%%,%%%%%%L%%%%%%%%%%%%%%%%%%%%%%%%%%%%%%%%L%%%%%%,%%
%%%,%%%%%L%%%%%%%%%%%%%%%%%%%%%%%%%%%%%%%%%L%%%%%,%%%%%L%%%%%%%%%%%%%%%%%%%%%%%%%%%%%%%%%L%%%%%,%%%
%%%%,%%%%L%%%%%%%%%%%%%%%%%%%%%%%%%%%%%%%%%%L%%%%,%%%%L%%%%%%%%%%%%%%%%%%%%%%%%%%%%%%%%%%L%%%%,%%%%
%%%%%,%%%L%%%%%%%%%%%%%%%%%%%%%%%%%%%%%%%%%%%L%%%,%%%L%%%%%%%%%%%%%%%%%%%%%%%%%%%%%%%%%%%L%%%,%%%%%
%%%%%%,%%L%%%%%%%%%%%%%%%%%%%%%%%%%%%%%%%%%%%%L%%,%%L%%%%%%%%%%%%%%%%%%%%%%%%%%%%%%%%%%%%L%%,%%%%%%
%%%%%%%,%L%%%%%%%%%%%%%%%%%%%%%%%%%%%%%%%%%%%%%L%,%L%%%%%%%%%%%%%%%%%%%%%%%%%%%%%%%%%%%%%L%,%%%%%%%
%%%%%%%%,L%%%%%%%%%%%%%%%%%%%%%%%%%%%%%%%%%%%%%%L,L%%%%%%%%%%%%%%%%%%%%%%%%%%%%%%%%%%%%%%L,%%%%%%%%
%%LLLLLLLL%%%%%%%%%%%%%%%%%%%%%%%%%%%%%%%%%%%%%%%L%%%%%%%%%%%%%%%%%%%%%%%%%%%%%%%%%%%%%%%LLLLLLLL%%
%%%%%%%%%%,%%%%%%%%%%%%%%%%%%%%%%%%%%%%%%%%%%%%%%,%%%%%%%%%%%%%%%%%%%%%%%%%%%%%%%%%%%%%%,%%%%%%%%%%
%%%%%%%%%%%,%%%%%%%L%%%%%%%%%%%%%%%%%%%%%L%%%%%%%,%%%%%%%L%%%%%%%%%%%%%%%%%%%%%L%%%%%%%,%%%%%%%%%%%
%%%%%%%%%%%%,%%%%%%L%%%%%%%%%%%%%%%%%%%%%%L%%%%%%,%%%%%%L%%%%%%%%%%%%%%%%%%%%%%L%%%%%%,%%%%%%%%%%%%
%%%%%%%%%%%%%,%%%%%L%%%%%%%%%%%%%%%%%%%%%%%L%%%%%,%%%%%L%%%%%%%%%%%%%%%%%%%%%%%L%%%%%,%%%%%%%%%%%%%
%%%%%%%%%%%%%%,%%%%L%%%%%%%%%%%%%%%%%%%%%%%%L%%%%,%%%%L%%%%%%%%%%%%%%%%%%%%%%%%L%%%%,%%%%%%%%%%%%%%
%%%%%%%%%%%%%%%,%%%L%%%%%%%%%%%%%%%%%%%%%%%%%L%%%,%%%L%%%%%%%%%%%%%%%%%%%%%%%%%L%%%,%%%%%%%%%%%%%%%
%%%%%%%%%%%%%%%%,%%L%%%%%%%%%%%%%%%%%%%%%%%%%%L%%,%%L%%%%%%%%%%%%%%%%%%%%%%%%%%L%%,%%%%%%%%%%%%%%%%
%%%%%%%%%%%%%%%%%,%L%%%%%%%%%%%%%%%%%%%%%%%%%%%L%,%L%%%%%%%%%%%%%%%%%%%%%%%%%%%L%,%%%%%%%%%%%%%%%%%
%%%%%%%%%%%%%%%%%%,L%%%%%%%%%%%%%%%%%%%%%%%%%%%%L,L%%%%%%%%%%%%%%%%%%%%%%%%%%%%L,%%%%%%%%%%%%%%%%%%
%%%%%%%%%%%LLLLLLLLL%%%%%%%%%%%%%%%%%%%%%%%%%%%%%L%%%%%%%%%%%%%%%%%%%%%%%%%%%%%LLLLLLLLL%%%%%%%%%%%
%%%%%%%%%%%%%%%%%%%%,%%%%%%%%L%%%%%%%%%%L%%%%%%%%,%%%%%%%%L%%%%%%%%%%L%%%%%%%%,%%%%%%%%%%%%%%%%%%%%
%%%%%%%%%%%%%%%%%%%%%,%%%%%%%L%%%%%%%%%%%L%%%%%%%,%%%%%%%L%%%%%%%%%%%L%%%%%%%,%%%%%%%%%%%%%%%%%%%%%
%%%%%%%%%%%%%%%%%%%%%%,%%%%%%L%%%%%%%%%%%%L%%%%%%,%%%%%%L%%%%%%%%%%%%L%%%%%%,%%%%%%%%%%%%%%%%%%%%%%
%%%%%%%%%%%%%%%%%%%%%%%,%%%%%L%%%%%%%%%%%%%L%%%%%,%%%%%L%%%%%%%%%%%%%L%%%%%,%%%%%%%%%%%%%%%%%%%%%%%
%%%%%%%%%%%%%%%%%%%%%%%%,%%%%L%%%%%%%%%%%%%%L%%%%,%%%%L%%%%%%%%%%%%%%L%%%%,%%%%%%%%%%%%%%%%%%%%%%%%
%%%%%%%%%%%%%%%%%%%%%%%%%,%%%L%%%%%%%%%%%%%%%L%%%,%%%L%%%%%%%%%%%%%%%L%%%,%%%%%%%%%%%%%%%%%%%%%%%%%
%%%%%%%%%%%%%%%%%%%%%%%%%%,%%L%%%%%%%%%%%%%%%%L%%,%%L%%%%%%%%%%%%%%%%L%%,%%%%%%%%%%%%%%%%%%%%%%%%%%
%%%%%%%%%%%%%%%%%%%%%%%%%%%,%L%%%%%%%%%%%%%%%%%L%,%L%%%%%%%%%%%%%%%%%L%,%%%%%%%%%%%%%%%%%%%%%%%%%%%
%%%%%%%%%%%%%%%%%%%%%%%%%%%%,L%%%%%%%%%%%%%%%%%%L,L%%%%%%%%%%%%%%%%%%L,%%%%%%%%%%%%%%%%%%%%%%%%%%%%
%%%%%%%%%%%%%%%%%%%%LLLLLLLLLL%%%%%%%%%L%%%%%%%%%L%%%%%%%%%L%%%%%%%%%LLLLLLLLLL%%%%%%%%%%%%%%%%%%%%
%%%%%%%%%%%%%%%%%%%%%%%%%%%%%%,%%%%%%%%LL%%%%%%%%,%%%%%%%%LL%%%%%%%%,%%%%%%%%%%%%%%%%%%%%%%%%%%%%%%
%%%%%%%%%%%%%%%%%%%%%%%%%%%%%%%,%%%%%%%L%L%%%%%%%,%%%%%%%L%L%%%%%%%,%%%%%%%%%%%%%%%%%%%%%%%%%%%%%%%
%%%%%%%%%%%%%%%%%%%%%%%%%%%%%%%%,%%%%%%L%%L%%%%%%,%%%%%%L%%L%%%%%%,%%%%%%%%%%%%%%%%%%%%%%%%%%%%%%%%
%%%%%%%%%%%%%%%%%%%%%%%%%%%%%%%%%,%%%%%L%%%L%%%%%,%%%%%L%%%L%%%%%,%%%%%%%%%%%%%%%%%%%%%%%%%%%%%%%%%
%%%%%%%%%%%%%%%%%%%%%%%%%%%%%%%%%%,%%%%L%%%%L%%%%,%%%%L%%%%L%%%%,%%%%%%%%%%%%%%%%%%%%%%%%%%%%%%%%%%
%%%%%%%%%%%%%%%%%%%%%%%%%%%%%%%%%%%,%%%L%%%%%L%%%,%%%L%%%%%L%%%,%%%%%%%%%%%%%%%%%%%%%%%%%%%%%%%%%%%
%%%%%%%%%%%%%%%%%%%%%%%%%%%%%%%%%%%%,%%L%%%%%%L%%,%%L%%%%%%L%%,%%%%%%%%%%%%%%%%%%%%%%%%%%%%%%%%%%%%
%%%%%%%%%%%%%%%%%%%%%%%%%%%%%%%%%%%%%,%L%%%%%%%L%,%L%%%%%%%L%,%%%%%%%%%%%%%%%%%%%%%%%%%%%%%%%%%%%%%
%%%%%%%%%%%%%%%%%%%%%%%%%%%%%%%%%%%%%%,L%%%%%%%%L,L%%%%%%%%L,%%%%%%%%%%%%%%%%%%%%%%%%%%%%%%%%%%%%%%
%%%%%%%%%%%%%%%%%%%%%%%%%%%%%LLLLLLLLLLL%%%%%%%%%L%%%%%%%%%LLLLLLLLLLL%%%%%%%%%%%%%%%%%%%%%%%%%%%%%
%%%%%%%%%%%%%%%%%%%%L%%%%%%%%%L%%%%%%%%%,%%%%%%%%,%%%%%%%%,%%%%%%%%%L%%%%%%%%%L%%%%%%%%%%%%%%%%%%%%
%%%%%%%%%%%L%%%%%%%%%L%%%%%%%%%L%%%%%%%%%,%%%%%%%,%%%%%%%,%%%%%%%%%L%%%%%%%%%L%%%%%%%%%L%%%%%%%%%%%
%%L%%%%%%%%%L%%%%%%%%%L%%%%%%%%%L%%%%%%%%%,%%%%%%,%%%%%%,%%%%%%%%%L%%%%%%%%%L%%%%%%%%%L%%%%%%%%%L%%
%%%L%%%%%%%%%L%%%%%%%%%L%%%%%%%%%L%%%%%%%%%,%%%%%,%%%%%,%%%%%%%%%L%%%%%%%%%L%%%%%%%%%L%%%%%%%%%L%%%
%%%%L%%%%%%%%%L%%%%%%%%%L%%%%%%%%%L%%%%%%%%%,%%%%,%%%%,%%%%%%%%%L%%%%%%%%%L%%%%%%%%%L%%%%%%%%%L%%%%
%%%%%L%%%%%%%%%L%%%%%%%%%L%%%%%%%%%L%%%%%%%%%,%%%,%%%,%%%%%%%%%L%%%%%%%%%L%%%%%%%%%L%%%%%%%%%L%%%%%
%%%%%%L%%%%%%%%%L%%%%%%%%%L%%%%%%%%%L%%%%%%%%%,%%,%%,%%%%%%%%%L%%%%%%%%%L%%%%%%%%%L%%%%%%%%%L%%%%%%
%%%%%%%L%%%%%%%%%L%%%%%%%%%L%%%%%%%%%L%%%%%%%%%,%,%,%%%%%%%%%L%%%%%%%%%L%%%%%%%%%L%%%%%%%%%L%%%%%%%
%%%%%%%%L%%%%%%%%%L%%%%%%%%%L%%%%%%%%%L%%%%%%%%%,,,%%%%%%%%%L%%%%%%%%%L%%%%%%%%%L%%%%%%%%%L%%%%%%%%
,,,,,,,,,L,,,,,,,,,L,,,,,,,,,L,,,,,,,,,L,,,,,,,,,,,,,,,,,,,L,,,,,,,,,L,,,,,,,,,L,,,,,,,,,L,,,,,,,,,
%%%%%%%%L%%%%%%%%%L%%%%%%%%%L%%%%%%%%%L%%%%%%%%%,,,%%%%%%%%%L%%%%%%%%%L%%%%%%%%%L%%%%%%%%%L%%%%%%%%
%%%%%%%L%%%%%%%%%L%%%%%%%%%L%%%%%%%%%L%%%%%%%%%,%,%,%%%%%%%%%L%%%%%%%%%L%%%%%%%%%L%%%%%%%%%L%%%%%%%
%%%%%%L%%%%%%%%%L%%%%%%%%%L%%%%%%%%%L%%%%%%%%%,%%,%%,%%%%%%%%%L%%%%%%%%%L%%%%%%%%%L%%%%%%%%%L%%%%%%
%%%%%L%%%%%%%%%L%%%%%%%%%L%%%%%%%%%L%%%%%%%%%,%%%,%%%,%%%%%%%%%L%%%%%%%%%L%%%%%%%%%L%%%%%%%%%L%%%%%
%%%%L%%%%%%%%%L%%%%%%%%%L%%%%%%%%%L%%%%%%%%%,%%%%,%%%%,%%%%%%%%%L%%%%%%%%%L%%%%%%%%%L%%%%%%%%%L%%%%
%%%L%%%%%%%%%L%%%%%%%%%L%%%%%%%%%L%%%%%%%%%,%%%%%,%%%%%,%%%%%%%%%L%%%%%%%%%L%%%%%%%%%L%%%%%%%%%L%%%
%%L%%%%%%%%%L%%%%%%%%%L%%%%%%%%%L%%%%%%%%%,%%%%%%,%%%%%%,%%%%%%%%%L%%%%%%%%%L%%%%%%%%%L%%%%%%%%%L%%
%%%%%%%%%%%L%%%%%%%%%L%%%%%%%%%L%%%%%%%%%,%%%%%%%,%%%%%%%,%%%%%%%%%L%%%%%%%%%L%%%%%%%%%L%%%%%%%%%%%
%%%%%%%%%%%%%%%%%%%%L%%%%%%%%%L%%%%%%%%%,%%%%%%%%,%%%%%%%%,%%%%%%%%%L%%%%%%%%%L%%%%%%%%%%%%%%%%%%%%
%%%%%%%%%%%%%%%%%%%%%%%%%%%%%LLLLLLLLLLL%%%%%%%%%L%%%%%%%%%LLLLLLLLLLL%%%%%%%%%%%%%%%%%%%%%%%%%%%%%
%%%%%%%%%%%%%%%%%%%%%%%%%%%%%%%%%%%%%%,L%%%%%%%%L,L%%%%%%%%L,%%%%%%%%%%%%%%%%%%%%%%%%%%%%%%%%%%%%%%
%%%%%%%%%%%%%%%%%%%%%%%%%%%%%%%%%%%%%,%L%%%%%%%L%,%L%%%%%%%L%,%%%%%%%%%%%%%%%%%%%%%%%%%%%%%%%%%%%%%
%%%%%%%%%%%%%%%%%%%%%%%%%%%%%%%%%%%%,%%L%%%%%%L%%,%%L%%%%%%L%%,%%%%%%%%%%%%%%%%%%%%%%%%%%%%%%%%%%%%
%%%%%%%%%%%%%%%%%%%%%%%%%%%%%%%%%%%,%%%L%%%%%L%%%,%%%L%%%%%L%%%,%%%%%%%%%%%%%%%%%%%%%%%%%%%%%%%%%%%
%%%%%%%%%%%%%%%%%%%%%%%%%%%%%%%%%%,%%%%L%%%%L%%%%,%%%%L%%%%L%%%%,%%%%%%%%%%%%%%%%%%%%%%%%%%%%%%%%%%
%%%%%%%%%%%%%%%%%%%%%%%%%%%%%%%%%,%%%%%L%%%L%%%%%,%%%%%L%%%L%%%%%,%%%%%%%%%%%%%%%%%%%%%%%%%%%%%%%%%
%%%%%%%%%%%%%%%%%%%%%%%%%%%%%%%%,%%%%%%L%%L%%%%%%,%%%%%%L%%L%%%%%%,%%%%%%%%%%%%%%%%%%%%%%%%%%%%%%%%
%%%%%%%%%%%%%%%%%%%%%%%%%%%%%%%,%%%%%%%L%L%%%%%%%,%%%%%%%L%L%%%%%%%,%%%%%%%%%%%%%%%%%%%%%%%%%%%%%%%
%%%%%%%%%%%%%%%%%%%%%%%%%%%%%%,%%%%%%%%LL%%%%%%%%,%%%%%%%%LL%%%%%%%%,%%%%%%%%%%%%%%%%%%%%%%%%%%%%%%
%%%%%%%%%%%%%%%%%%%%LLLLLLLLLL%%%%%%%%%L%%%%%%%%%L%%%%%%%%%L%%%%%%%%%LLLLLLLLLL%%%%%%%%%%%%%%%%%%%%
%%%%%%%%%%%%%%%%%%%%%%%%%%%%,L%%%%%%%%%%%%%%%%%%L,L%%%%%%%%%%%%%%%%%%L,%%%%%%%%%%%%%%%%%%%%%%%%%%%%
%%%%%%%%%%%%%%%%%%%%%%%%%%%,%L%%%%%%%%%%%%%%%%%L%,%L%%%%%%%%%%%%%%%%%L%,%%%%%%%%%%%%%%%%%%%%%%%%%%%
%%%%%%%%%%%%%%%%%%%%%%%%%%,%%L%%%%%%%%%%%%%%%%L%%,%%L%%%%%%%%%%%%%%%%L%%,%%%%%%%%%%%%%%%%%%%%%%%%%%
%%%%%%%%%%%%%%%%%%%%%%%%%,%%%L%%%%%%%%%%%%%%%L%%%,%%%L%%%%%%%%%%%%%%%L%%%,%%%%%%%%%%%%%%%%%%%%%%%%%
%%%%%%%%%%%%%%%%%%%%%%%%,%%%%L%%%%%%%%%%%%%%L%%%%,%%%%L%%%%%%%%%%%%%%L%%%%,%%%%%%%%%%%%%%%%%%%%%%%%
%%%%%%%%%%%%%%%%%%%%%%%,%%%%%L%%%%%%%%%%%%%L%%%%%,%%%%%L%%%%%%%%%%%%%L%%%%%,%%%%%%%%%%%%%%%%%%%%%%%
%%%%%%%%%%%%%%%%%%%%%%,%%%%%%L%%%%%%%%%%%%L%%%%%%,%%%%%%L%%%%%%%%%%%%L%%%%%%,%%%%%%%%%%%%%%%%%%%%%%
%%%%%%%%%%%%%%%%%%%%%,%%%%%%%L%%%%%%%%%%%L%%%%%%%,%%%%%%%L%%%%%%%%%%%L%%%%%%%,%%%%%%%%%%%%%%%%%%%%%
%%%%%%%%%%%%%%%%%%%%,%%%%%%%%L%%%%%%%%%%L%%%%%%%%,%%%%%%%%L%%%%%%%%%%L%%%%%%%%,%%%%%%%%%%%%%%%%%%%%
%%%%%%%%%%%LLLLLLLLL%%%%%%%%%%%%%%%%%%%%%%%%%%%%%L%%%%%%%%%%%%%%%%%%%%%%%%%%%%%LLLLLLLLL%%%%%%%%%%%
%%%%%%%%%%%%%%%%%%,L%%%%%%%%%%%%%%%%%%%%%%%%%%%%L,L%%%%%%%%%%%%%%%%%%%%%%%%%%%%L,%%%%%%%%%%%%%%%%%%
%%%%%%%%%%%%%%%%%,%L%%%%%%%%%%%%%%%%%%%%%%%%%%%L%,%L%%%%%%%%%%%%%%%%%%%%%%%%%%%L%,%%%%%%%%%%%%%%%%%
%%%%%%%%%%%%%%%%,%%L%%%%%%%%%%%%%%%%%%%%%%%%%%L%%,%%L%%%%%%%%%%%%%%%%%%%%%%%%%%L%%,%%%%%%%%%%%%%%%%
%%%%%%%%%%%%%%%,%%%L%%%%%%%%%%%%%%%%%%%%%%%%%L%%%,%%%L%%%%%%%%%%%%%%%%%%%%%%%%%L%%%,%%%%%%%%%%%%%%%
%%%%%%%%%%%%%%,%%%%L%%%%%%%%%%%%%%%%%%%%%%%%L%%%%,%%%%L%%%%%%%%%%%%%%%%%%%%%%%%L%%%%,%%%%%%%%%%%%%%
%%%%%%%%%%%%%,%%%%%L%%%%%%%%%%%%%%%%%%%%%%%L%%%%%,%%%%%L%%%%%%%%%%%%%%%%%%%%%%%L%%%%%,%%%%%%%%%%%%%
%%%%%%%%%%%%,%%%%%%L%%%%%%%%%%%%%%%%%%%%%%L%%%%%%,%%%%%%L%%%%%%%%%%%%%%%%%%%%%%L%%%%%%,%%%%%%%%%%%%
%%%%%%%%%%%,%%%%%%%L%%%%%%%%%%%%%%%%%%%%%L%%%%%%%,%%%%%%%L%%%%%%%%%%%%%%%%%%%%%L%%%%%%%,%%%%%%%%%%%
%%%%%%%%%%,%%%%%%%%%%%%%%%%%%%%%%%%%%%%%%%%%%%%%%,%%%%%%%%%%%%%%%%%%%%%%%%%%%%%%%%%%%%%%,%%%%%%%%%%
%%LLLLLLLL%%%%%%%%%%%%%%%%%%%%%%%%%%%%%%%%%%%%%%%L%%%%%%%%%%%%%%%%%%%%%%%%%%%%%%%%%%%%%%%LLLLLLLL%%
%%%%%%%%,L%%%%%%%%%%%%%%%%%%%%%%%%%%%%%%%%%%%%%%L,L%%%%%%%%%%%%%%%%%%%%%%%%%%%%%%%%%%%%%%L,%%%%%%%%
%%%%%%%,%L%%%%%%%%%%%%%%%%%%%%%%%%%%%%%%%%%%%%%L%,%L%%%%%%%%%%%%%%%%%%%%%%%%%%%%%%%%%%%%%L%,%%%%%%%
%%%%%%,%%L%%%%%%%%%%%%%%%%%%%%%%%%%%%%%%%%%%%%L%%,%%L%%%%%%%%%%%%%%%%%%%%%%%%%%%%%%%%%%%%L%%,%%%%%%
%%%%%,%%%L%%%%%%%%%%%%%%%%%%%%%%%%%%%%%%%%%%%L%%%,%%%L%%%%%%%%%%%%%%%%%%%%%%%%%%%%%%%%%%%L%%%,%%%%%
%%%%,%%%%L%%%%%%%%%%%%%%%%%%%%%%%%%%%%%%%%%%L%%%%,%%%%L%%%%%%%%%%%%%%%%%%%%%%%%%%%%%%%%%%L%%%%,%%%%
%%%,%%%%%L%%%%%%%%%%%%%%%%%%%%%%%%%%%%%%%%%L%%%%%,%%%%%L%%%%%%%%%%%%%%%%%%%%%%%%%%%%%%%%%L%%%%%,%%%
%%,%%%%%%L%%%%%%%%%%%%%%%%%%%%%%%%%%%%%%%%L%%%%%%,%%%%%%L%%%%%%%%%%%%%%%%%%%%%%%%%%%%%%%%L%%%%%%,%%
%,%%%%%%%%%%%%%%%%%%%%%%%%%%%%%%%%%%%%%%%%%%%%%%%,%%%%%%%%%%%%%%%%%%%%%%%%%%%%%%%%%%%%%%%%%%%%%%%,%
,%%%%%%%%%%%%%%%%%%%%%%%%%%%%%%%%%%%%%%%%%%%%%%%%,%%%%%%%%%%%%%%%%%%%%%%%%%%%%%%%%%%%%%%%%%%%%%%%%,
(
NNN
N#N
NNN
1222222222222222222222222221222222222222222222222222221
2122222222222222222222222221222222222222222222222222212
2212222222222222222222222221222222222222222222222222122
2221222222222222222222222221222222222222222222222221222
2222122222222222222222222221222222222222222222222212222
2222212222222222222222222221222222222222222222222122222
2222221222222222222222222221222222222222222222221222222
2222222322222222222222222223222222222222222222232222222
2222222212222222222222222221222222222222222222122222222
2222222221222222222222222221222222222222222221222222222
2222222222122222222222222221222222222222222212222222222
2222222222213222222222222231322222222222223122222222222
2222222222233222222222222223222222222222223322222222222
2222222222222122222222222221222222222222212222222222222
2222222222222212222222222221222222222222122222222222222
2222222222222221232222222321232222222321222222222222222
2222222222222222132222222231322222222312222222222222222
2222222222222223332222222223222222222333222222222222222
2222222222222222221222222221222222221222222222222222222
2222222222222222222122323221223232212222222222222222222
2222222222222222222212322321232232122222222222222222222
2222222222222222222221322231322231222222222222222222222
2222222222222222222333322223222233332222222222222222222
2222222222222222222222212221222122222222222222222222222
2222222222222222222322221221221222232222222222222222222
2222222222222223222232222121212222322223222222222222222
2222222222232222322223222211122223222232222322222222222
1111111311113111131111311111111131111311113111131111111
2222222222232222322223222211122223222232222322222222222
2222222222222223222232222121212222322223222222222222222
2222222222222222222322221221221222232222222222222222222
2222222222222222222222212221222122222222222222222222222
2222222222222222222333322223222233332222222222222222222
2222222222222222222221322231322231222222222222222222222
2222222222222222222212322321232232122222222222222222222
2222222222222222222122323221223232212222222222222222222
2222222222222222221222222221222222221222222222222222222
2222222222222223332222222223222222222333222222222222222
2222222222222222132222222231322222222312222222222222222
2222222222222221232222222321232222222321222222222222222
2222222222222212222222222221222222222222122222222222222
2222222222222122222222222221222222222222212222222222222
2222222222233222222222222223222222222222223322222222222
2222222222213222222222222231322222222222223122222222222
2222222222122222222222222221222222222222222212222222222
2222222221222222222222222221222222222222222221222222222
2222222212222222222222222221222222222222222222122222222
2222222322222222222222222223222222222222222222232222222
2222221222222222222222222221222222222222222222221222222
2222212222222222222222222221222222222222222222222122222
2222122222222222222222222221222222222222222222222212222
2221222222222222222222222221222222222222222222222221222
2212222222222222222222222221222222222222222222222222122
2122222222222222222222222221222222222222222222222222212
1222222222222222222222222221222222222222222222222222221
^@@@@^@@@@^
@^@@@^@@@^@
@@^@@^@@^@@
@@@^@^@^@@@
@@@@^^^@@@@
^^^^^^^^^^^
@@@@^^^@@@@
@@@^@^@^@@@
@@^@@^@@^@@
@^@@@^@@@^@
^@@@@^@@@@^
,>>>>>>>>>>>>>>>>>>>>>>>>>>>>>>>>>,>>>>>>>>>>>>>>>>>>>>>>>>>>>>>>>>>,
>,>>>>>>>>>>>>>>>>>>>>>>>>>>>>>>>>,>>>>>>>>>>>>>>>>>>>>>>>>>>>>>>>>,>
>>,>>>>>>>>>>>>>>>>>>>>>>>>>>>>>>>,>>>>>>>>>>>>>>>>>>>>>>>>>>>>>>>,>>
>>>,>>>>>>>>>>>>>>>>>>>>>>>>>>>>>>,>>>>>>>>>>>>>>>>>>>>>>>>>>>>>>,>>>
>>>>,>>>>>>>>>>>>>>>>>>>>>>>>>>>>>,>>>>>>>>>>>>>>>>>>>>>>>>>>>>>,>>>>
>>>>>,>>>>>>>>>>>>>>>>>>>>>>>>>>>>,>>>>>>>>>>>>>>>>>>>>>>>>>>>>,>>>>>
>>>>>>,>>>>>>>>>>>>>>>>>>>>>>>>>>>,>>>>>>>>>>>>>>>>>>>>>>>>>>>,>>>>>>
>>>>>>>,>>>>^>>>>>>>>>>>>>>>>^>>>>,>>>>^>>>>>>>>>>>>>>>>^>>>>,>>>>>>>
>>>>>>>>,>>>^>>>>>>>>>>>>>>>>>^>>>,>>>^>>>>>>>>>>>>>>>>>^>>>,>>>>>>>>
>>>>>>>>>,>>^>>>>>>>>>>>>>>>>>>^>>,>>^>>>>>>>>>>>>>>>>>>^>>,>>>>>>>>>
>>>>>>>>>>,>^>>>>>>>>>>>>>>>>>>>^>,>^>>>>>>>>>>>>>>>>>>>^>,>>>>>>>>>>
>>>>>>>>>>>,^>>>>>>>>>>>>>>>>>>>>^,^>>>>>>>>>>>>>>>>>>>>^,>>>>>>>>>>>
>>>>>>>^^^^^^>>>>>>>>>>>>>>>>>>>>>^>>>>>>>>>>>>>>>>>>>>>^^^^^^>>>>>>>
>>>>>>>>>>>>>,>>>>>>>>>>>>>>>>>>>>,>>>>>>>>>>>>>>>>>>>>,>>>>>>>>>>>>>
>>>>>>>>>>>>>>,>>>>>>>>>>>>>>>>>>>,>>>>>>>>>>>>>>>>>>>,>>>>>>>>>>>>>>
>>>>>>>>>>>>>>>,>>>>>>>>>>>>>>>>>>,>>>>>>>>>>>>>>>>>>,>>>>>>>>>>>>>>>
>>>>>>>>>>>>>>>>,>>>>>>>>>>>>>>>>>,>>>>>>>>>>>>>>>>>,>>>>>>>>>>>>>>>>
>>>>>>>>>>>>>>>>>,>>>>>>>>>>>>>>>>,>>>>>>>>>>>>>>>>,>>>>>>>>>>>>>>>>>
>>>>>>>>>>>>>>>>>>,>>>>>>>>>>>>>>>,>>>>>>>>>>>>>>>,>>>>>>>>>>>>>>>>>>
>>>>>>>>>>>>>>>>>>>,>>>>>>>>>>>>>>,>>>>>>>>>>>>>>,>>>>>>>>>>>>>>>>>>>
>>>>>>>>>>>>>>>>>>>>,>>>>>>>>>>>>>,>>>>>>>>>>>>>,>>>>>>>>>>>>>>>>>>>>
>>>>>>>>>>>>>>>>>>>>>,>>>>>>>>>>>>,>>>>>>>>>>>>,>>>>>>>>>>>>>>>>>>>>>
>>>>>>>>>>>>>>>>>>>>>>,>>>>>>>>>>>,>>>>>>>>>>>,>>>>>>>>>>>>>>>>>>>>>>
>>>>>>>>>>>>>>>>>>>>>>>,>>>>>>>>>>,>>>>>>>>>>,>>>>>>>>>>>>>>>>>>>>>>>
>>>>>>>>>>>>>>>>>>>>>>>>,>>>>>>>>>,>>>>>>>>>,>>>>>>>>>>>>>>>>>>>>>>>>
>>>>>>>>>>>>>>>>>>>>>>>>>,>>>>>>>>,>>>>>>>>,>>>>>>>>>>>>>>>>>>>>>>>>>
>>>>>>>>>>>>>>>>>>>>>>>>>>,>>>>>>>,>>>>>>>,>>>>>>>>>>>>>>>>>>>>>>>>>>
>>>>>>>>>>>>>>>>>>>>>>>>>>>,>>>>>>,>>>>>>,>>>>>>>>>>>>>>>>>>>>>>>>>>>
>>>>>>>>>>>>>>>>>>>>>>>>>>>>,>>>>>,>>>>>,>>>>>>>>>>>>>>>>>>>>>>>>>>>>
>>>>>>>^>>>>>>>>>>>>>>>>>>>>>,>>>>,>>>>,>>>>>>>>>>>>>>>>>>>>>^>>>>>>>
>>>>>>>>^>>>>>>>>>>>>>>>>>>>>>,>>>,>>>,>>>>>>>>>>>>>>>>>>>>>^>>>>>>>>
>>>>>>>>>^>>>>>>>>>>>>>>>>>>>>>,>>,>>,>>>>>>>>>>>>>>>>>>>>>^>>>>>>>>>
>>>>>>>>>>^>>>>>>>>>>>>>>>>>>>>>,>,>,>>>>>>>>>>>>>>>>>>>>>^>>>>>>>>>>
>>>>>>>>>>>^>>>>>>>>>>>>>>>>>>>>>,,,>>>>>>>>>>>>>>>>>>>>>^>>>>>>>>>>>
,,,,,,,,,,,,^,,,,,,,,,,,,,,,,,,,,,,,,,,,,,,,,,,,,,,,,,,,^,,,,,,,,,,,,
>>>>>>>>>>>^>>>>>>>>>>>>>>>>>>>>>,,,>>>>>>>>>>>>>>>>>>>>>^>>>>>>>>>>>
>>>>>>>>>>^>>>>>>>>>>>>>>>>>>>>>,>,>,>>>>>>>>>>>>>>>>>>>>>^>>>>>>>>>>
>>>>>>>>>^>>>>>>>>>>>>>>>>>>>>>,>>,>>,>>>>>>>>>>>>>>>>>>>>>^>>>>>>>>>
>>>>>>>>^>>>>>>>>>>>>>>>>>>>>>,>>>,>>>,>>>>>>>>>>>>>>>>>>>>>^>>>>>>>>
>>>>>>>^>>>>>>>>>>>>>>>>>>>>>,>>>>,>>>>,>>>>>>>>>>>>>>>>>>>>>^>>>>>>>
>>>>>>>>>>>>>>>>>>>>>>>>>>>>,>>>>>,>>>>>,>>>>>>>>>>>>>>>>>>>>>>>>>>>>
>>>>>>>>>>>>>>>>>>>>>>>>>>>,>>>>>>,>>>>>>,>>>>>>>>>>>>>>>>>>>>>>>>>>>
>>>>>>>>>>>>>>>>>>>>>>>>>>,>>>>>>>,>>>>>>>,>>>>>>>>>>>>>>>>>>>>>>>>>>
>>>>>>>>>>>>>>>>>>>>>>>>>,>>>>>>>>,>>>>>>>>,>>>>>>>>>>>>>>>>>>>>>>>>>
>>>>>>>>>>>>>>>>>>>>>>>>,>>>>>>>>>,>>>>>>>>>,>>>>>>>>>>>>>>>>>>>>>>>>
>>>>>>>>>>>>>>>>>>>>>>>,>>>>>>>>>>,>>>>>>>>>>,>>>>>>>>>>>>>>>>>>>>>>>
>>>>>>>>>>>>>>>>>>>>>>,>>>>>>>>>>>,>>>>>>>>>>>,>>>>>>>>>>>>>>>>>>>>>>
>>>>>>>>>>>>>>>>>>>>>,>>>>>>>>>>>>,>>>>>>>>>>>>,>>>>>>>>>>>>>>>>>>>>>
>>>>>>>>>>>>>>>>>>>>,>>>>>>>>>>>>>,>>>>>>>>>>>>>,>>>>>>>>>>>>>>>>>>>>
>>>>>>>>>>>>>>>>>>>,>>>>>>>>>>>>>>,>>>>>>>>>>>>>>,>>>>>>>>>>>>>>>>>>>
>>>>>>>>>>>>>>>>>>,>>>>>>>>>>>>>>>,>>>>>>>>>>>>>>>,>>>>>>>>>>>>>>>>>>
>>>>>>>>>>>>>>>>>,>>>>>>>>>>>>>>>>,>>>>>>>>>>>>>>>>,>>>>>>>>>>>>>>>>>
>>>>>>>>>>>>>>>>,>>>>>>>>>>>>>>>>>,>>>>>>>>>>>>>>>>>,>>>>>>>>>>>>>>>>
>>>>>>>>>>>>>>>,>>>>>>>>>>>>>>>>>>,>>>>>>>>>>>>>>>>>>,>>>>>>>>>>>>>>>
>>>>>>>>>>>>>>,>>>>>>>>>>>>>>>>>>>,>>>>>>>>>>>>>>>>>>>,>>>>>>>>>>>>>>
>>>>>>>>>>>>>,>>>>>>>>>>>>>>>>>>>>,>>>>>>>>>>>>>>>>>>>>,>>>>>>>>>>>>>
>>>>>>>^^^^^^>>>>>>>>>>>>>>>>>>>>>^>>>>>>>>>>>>>>>>>>>>>^^^^^^>>>>>>>
>>>>>>>>>>>,^>>>>>>>>>>>>>>>>>>>>^,^>>>>>>>>>>>>>>>>>>>>^,>>>>>>>>>>>
>>>>>>>>>>,>^>>>>>>>>>>>>>>>>>>>^>,>^>>>>>>>>>>>>>>>>>>>^>,>>>>>>>>>>
>>>>>>>>>,>>^>>>>>>>>>>>>>>>>>>^>>,>>^>>>>>>>>>>>>>>>>>>^>>,>>>>>>>>>
>>>>>>>>,>>>^>>>>>>>>>>>>>>>>>^>>>,>>>^>>>>>>>>>>>>>>>>>^>>>,>>>>>>>>
>>>>>>>,>>>>^>>>>>>>>>>>>>>>>^>>>>,>>>>^>>>>>>>>>>>>>>>>^>>>>,>>>>>>>
>>>>>>,>>>>>>>>>>>>>>>>>>>>>>>>>>>,>>>>>>>>>>>>>>>>>>>>>>>>>>>,>>>>>>
>>>>>,>>>>>>>>>>>>>>>>>>>>>>>>>>>>,>>>>>>>>>>>>>>>>>>>>>>>>>>>>,>>>>>
>>>>,>>>>>>>>>>>>>>>>>>>>>>>>>>>>>,>>>>>>>>>>>>>>>>>>>>>>>>>>>>>,>>>>
>>>,>>>>>>>>>>>>>>>>>>>>>>>>>>>>>>,>>>>>>>>>>>>>>>>>>>>>>>>>>>>>>,>>>
>>,>>>>>>>>>>>>>>>>>>>>>>>>>>>>>>>,>>>>>>>>>>>>>>>>>>>>>>>>>>>>>>>,>>
>,>>>>>>>>>>>>>>>>>>>>>>>>>>>>>>>>,>>>>>>>>>>>>>>>>>>>>>>>>>>>>>>>>,>
,>>>>>>>>>>>>>>>>>>>>>>>>>>>>>>>>>,>>>>>>>>>>>>>>>>>>>>>>>>>>>>>>>>>,
',,,,,-,,,,,,,,,,,,,,,,,,,,,-,,,,,',,,,,-,,,,,,,,,,,,,,,,,,,,,-,,,,,'
,',,,,-,,,,,,,,,,,,,,,,,,,,,,-,,,,',,,,-,,,,,,,,,,,,,,,,,,,,,,-,,,,',
,,',,,-,,,,,,-,,,,,,,,,-,,,,,,-,,,',,,-,,,,,,-,,,,,,,,,-,,,,,,-,,,',,
,,,',,-,,,,,,-,,,,,,,,,,-,,,,,,-,,',,-,,,,,,-,,,,,,,,,,-,,,,,,-,,',,,
,,,,',-,,,,,,-,,,,,,,,,,,-,,,,,,-,',-,,,,,,-,,,,,,,,,,,-,,,,,,-,',,,,
,,,,,'-,,,,,,-,,,,,,,,,,,,-,,,,,,-'-,,,,,,-,,,,,,,,,,,,-,,,,,,-',,,,,
-------,,,,,,-,,,,,,,,,,,,,-,,,,,,-,,,,,,-,,,,,,,,,,,,,-,,,,,,-------
,,,,,,,',,,,,-,,,,,,,,,,,,,,-,,,,,',,,,,-,,,,,,,,,,,,,,-,,,,,',,,,,,,
,,,,,,,,',,,,-,,,,,,-,-,,,,,,-,,,,',,,,-,,,,,,-,-,,,,,,-,,,,',,,,,,,,
,,,,,,,,,',,,-,,,,,,-,,-,,,,,,-,,,',,,-,,,,,,-,,-,,,,,,-,,,',,,,,,,,,
,,,,,,,,,,',,-,,,,,,-,,,-,,,,,,-,,',,-,,,,,,-,,,-,,,,,,-,,',,,,,,,,,,
,,,,,,,,,,,',-,,,,,,-,,,,-,,,,,,-,',-,,,,,,-,,,,-,,,,,,-,',,,,,,,,,,,
,,,,,,,,,,,,'-,,,,,,-,,,,,-,,,,,,-'-,,,,,,-,,,,,-,,,,,,-',,,,,,,,,,,,
,,------------,,,,,,-,,,,,,-,,,,,,-,,,,,,-,,,,,,-,,,,,,------------,,
,,,,,,,,,,,,,,',,,,,--,,,,,--,,,,,',,,,,--,,,,,--,,,,,',,,,,,,,,,,,,,
,,,,,,,,,,,,,,,',,,,-,-,,,,-,-,,,,',,,,-,-,,,,-,-,,,,',,,,,,,,,,,,,,,
,,,,,,,,,,,,,,,,',,,-,,-,,,-,,-,,,',,,-,,-,,,-,,-,,,',,,,,,,,,,,,,,,,
,,,,,,,,,,,,,,,,,',,-,,,-,,-,,,-,,',,-,,,-,,-,,,-,,',,,,,,,,,,,,,,,,,
,,,,,,,,,,,,,,,,,,',-,,,,-,-,,,,-,',-,,,,-,-,,,,-,',,,,,,,,,,,,,,,,,,
,,,,,,,,,,,,,,,,,,,'-,,,,,--,,,,,-'-,,,,,--,,,,,-',,,,,,,,,,,,,,,,,,,
,,,,,,,,-------------,,,,,,-,,,,,,-,,,,,,-,,,,,,-------------,,,,,,,,
,,,,,,,,,,,,,,-,,,,,,',,,,,--,,,,,',,,,,--,,,,,',,,,,,-,,,,,,,,,,,,,,
,,,,,,,,-,,,,,,-,,,,,,',,,,-,-,,,,',,,,-,-,,,,',,,,,,-,,,,,,-,,,,,,,,
,,-,,,,,,-,,,,,,-,,,,,,',,,-,,-,,,',,,-,,-,,,',,,,,,-,,,,,,-,,,,,,-,,
,,,-,,,,,,-,,,,,,-,,,,,,',,-,,,-,,',,-,,,-,,',,,,,,-,,,,,,-,,,,,,-,,,
,,,,-,,,,,,-,,,,,,-,,,,,,',-,,,,-,',-,,,,-,',,,,,,-,,,,,,-,,,,,,-,,,,
,,,,,-,,,,,,-,,,,,,-,,,,,,'-,,,,,-'-,,,,,-',,,,,,-,,,,,,-,,,,,,-,,,,,
,,,,,,-,,,,,,---------------,,,,,,-,,,,,,---------------,,,,,,-,,,,,,
-,,,,,,-,,,,,,-,,,,,,-,,,,,,',,,,,',,,,,',,,,,,-,,,,,,-,,,,,,-,,,,,,-
,-,,,,,,-,,,,,,-,,,,,,-,,,,,,',,,,',,,,',,,,,,-,,,,,,-,,,,,,-,,,,,,-,
,,-,,,,,,-,,,,,,-,,,,,,-,,,,,,',,,',,,',,,,,,-,,,,,,-,,,,,,-,,,,,,-,,
,,,-,,,,,,-,,,,,,-,,,,,,-,,,,,,',,',,',,,,,,-,,,,,,-,,,,,,-,,,,,,-,,,
,,,,-,,,,,,-,,,,,,-,,,,,,-,,,,,,',',',,,,,,-,,,,,,-,,,,,,-,,,,,,-,,,,
,,,,,-,,,,,,-,,,,,,-,,,,,,-,,,,,,''',,,,,,-,,,,,,-,,,,,,-,,,,,,-,,,,,
''''''-''''''-''''''-''''''-'''''''''''''-''''''-''''''-''''''-''''''
,,,,,-,,,,,,-,,,,,,-,,,,,,-,,,,,,''',,,,,,-,,,,,,-,,,,,,-,,,,,,-,,,,,
,,,,-,,,,,,-,,,,,,-,,,,,,-,,,,,,',',',,,,,,-,,,,,,-,,,,,,-,,,,,,-,,,,
,,,-,,,,,,-,,,,,,-,,,,,,-,,,,,,',,',,',,,,,,-,,,,,,-,,,,,,-,,,,,,-,,,
,,-,,,,,,-,,,,,,-,,,,,,-,,,,,,',,,',,,',,,,,,-,,,,,,-,,,,,,-,,,,,,-,,
,-,,,,,,-,,,,,,-,,,,,,-,,,,,,',,,,',,,,',,,,,,-,,,,,,-,,,,,,-,,,,,,-,
-,,,,,,-,,,,,,-,,,,,,-,,,,,,',,,,,',,,,,',,,,,,-,,,,,,-,,,,,,-,,,,,,-
,,,,,,-,,,,,,---------------,,,,,,-,,,,,,---------------,,,,,,-,,,,,,
,,,,,-,,,,,,-,,,,,,-,,,,,,'-,,,,,-'-,,,,,-',,,,,,-,,,,,,-,,,,,,-,,,,,
,,,,-,,,,,,-,,,,,,-,,,,,,',-,,,,-,',-,,,,-,',,,,,,-,,,,,,-,,,,,,-,,,,
,,,-,,,,,,-,,,,,,-,,,,,,',,-,,,-,,',,-,,,-,,',,,,,,-,,,,,,-,,,,,,-,,,
,,-,,,,,,-,,,,,,-,,,,,,',,,-,,-,,,',,,-,,-,,,',,,,,,-,,,,,,-,,,,,,-,,
,,,,,,,,-,,,,,,-,,,,,,',,,,-,-,,,,',,,,-,-,,,,',,,,,,-,,,,,,-,,,,,,,,
,,,,,,,,,,,,,,-,,,,,,',,,,,--,,,,,',,,,,--,,,,,',,,,,,-,,,,,,,,,,,,,,
,,,,,,,,-------------,,,,,,-,,,,,,-,,,,,,-,,,,,,-------------,,,,,,,,
,,,,,,,,,,,,,,,,,,,'-,,,,,--,,,,,-'-,,,,,--,,,,,-',,,,,,,,,,,,,,,,,,,
,,,,,,,,,,,,,,,,,,',-,,,,-,-,,,,-,',-,,,,-,-,,,,-,',,,,,,,,,,,,,,,,,,
,,,,,,,,,,,,,,,,,',,-,,,-,,-,,,-,,',,-,,,-,,-,,,-,,',,,,,,,,,,,,,,,,,
,,,,,,,,,,,,,,,,',,,-,,-,,,-,,-,,,',,,-,,-,,,-,,-,,,',,,,,,,,,,,,,,,,
,,,,,,,,,,,,,,,',,,,-,-,,,,-,-,,,,',,,,-,-,,,,-,-,,,,',,,,,,,,,,,,,,,
,,,,,,,,,,,,,,',,,,,--,,,,,--,,,,,',,,,,--,,,,,--,,,,,',,,,,,,,,,,,,,
,,------------,,,,,,-,,,,,,-,,,,,,-,,,,,,-,,,,,,-,,,,,,------------,,
,,,,,,,,,,,,'-,,,,,,-,,,,,-,,,,,,-'-,,,,,,-,,,,,-,,,,,,-',,,,,,,,,,,,
,,,,,,,,,,,',-,,,,,,-,,,,-,,,,,,-,',-,,,,,,-,,,,-,,,,,,-,',,,,,,,,,,,
,,,,,,,,,,',,-,,,,,,-,,,-,,,,,,-,,',,-,,,,,,-,,,-,,,,,,-,,',,,,,,,,,,
,,,,,,,,,',,,-,,,,,,-,,-,,,,,,-,,,',,,-,,,,,,-,,-,,,,,,-,,,',,,,,,,,,
,,,,,,,,',,,,-,,,,,,-,-,,,,,,-,,,,',,,,-,,,,,,-,-,,,,,,-,,,,',,,,,,,,
,,,,,,,',,,,,-,,,,,,,,,,,,,,-,,,,,',,,,,-,,,,,,,,,,,,,,-,,,,,',,,,,,,
-------,,,,,,-,,,,,,,,,,,,,-,,,,,,-,,,,,,-,,,,,,,,,,,,,-,,,,,,-------
,,,,,'-,,,,,,-,,,,,,,,,,,,-,,,,,,-'-,,,,,,-,,,,,,,,,,,,-,,,,,,-',,,,,
,,,,',-,,,,,,-,,,,,,,,,,,-,,,,,,-,',-,,,,,,-,,,,,,,,,,,-,,,,,,-,',,,,
,,,',,-,,,,,,-,,,,,,,,,,-,,,,,,-,,',,-,,,,,,-,,,,,,,,,,-,,,,,,-,,',,,
,,',,,-,,,,,,-,,,,,,,,,-,,,,,,-,,,',,,-,,,,,,-,,,,,,,,,-,,,,,,-,,,',,
,',,,,-,,,,,,,,,,,,,,,,,,,,,,-,,,,',,,,-,,,,,,,,,,,,,,,,,,,,,,-,,,,',
',,,,,-,,,,,,,,,,,,,,,,,,,,,-,,,,,',,,,,-,,,,,,,,,,,,,,,,,,,,,-,,,,,'
*?_?????????????????????????????????_?*?_?????????????????????????????????_?*
?*_??????????????????????????????????_*_??????????????????????????????????_*?
___???????????????????????????????????_???????????????????????????????????___
???*??_????????????????????????????_??*??_????????????????????????????_??*???
????*?_?????????????????????????????_?*?_?????????????????????????????_?*????
?????*_??????????????????????????????_*_??????????????????????????????_*?????
???____???_???????????????????????_???_???_???????????????????????_???____???
???????*??_????????????????????????_??*??_????????????????????????_??*???????
????????*?_?????????????????????????_?*?_?????????????????????????_?*????????
?????????*_???_??????????????????_???_*_???_??????????????????_???_*?????????
??????_____???_???????????????????_???_???_???????????????????_???_____??????
???????????*??_????????????????????_??*??_????????????????????_??*???????????
????????????*?_???_?????????????_???_?*?_???_?????????????_???_?*????????????
?????????????*_???_??????????????_???_*_???_??????????????_???_*?????????????
?????????______???_???????????????_???_???_???????????????_???______?????????
???????????????*??_???_????????_???_??*??_???_????????_???_??*???????????????
????????????????*?_???_?????????_???_?*?_???_?????????_???_?*????????????????
?????????????????*_???_??????????_???_*_???_??????????_???_*?????????????????
????????????_______???_???_???_???_???_???_???_???_???_???_______????????????
???????????????????*??_???_????_???_??*??_???_????_???_??*???????????????????
????????????????????*?_???_?????_???_?*?_???_?????_???_?*????????????????????
?????????????????????*_???_??__??_???_*_???_??__??_???_*?????????????????????
???????????????________???_???_???_???_???_???_???_???________???????????????
???????????????????????*??_???__???_??*??_???__???_??*???????????????????????
????????????????????????*?_?_?_?_?_?_?*?_?_?_?_?_?_?*????????????????????????
?????????????????????????*_??__??__??_*_??__??__??_*?????????????????????????
??????????????????_________???_???_???_???_???_???_________??????????????????
???????????????????????????*??__??__??*??__??__??*???????????????????????????
????????????????????????_???*?_?_?_?_?*?_?_?_?_?*???_????????????????????????
?????????????????????_???_???*_??__??_*_??__??_*???_???_?????????????????????
??????????????????_??__________???_???_???_???__________??_??????????????????
???????????????_???_???_???_???*??__??*??__??*???_???_???_???_???????????????
????????????_???_???_???_???_???*?_?_?*?_?_?*???_???_???_???_???_????????????
?????????_???_???_???_???_???_???*_??_*_??_*???_???_???_???_???_???_?????????
??????_???_???_???_???_?___________???_???___________?_???_???_???_???_??????
???_???_???_???_???_???_???_???_???*??*??*???_???_???_???_???_???_???_???_???
_???_???_???_???_???_???_???_???_???*?*?*???_???_???_???_???_???_???_???_???_
?_???_???_???_???_???_???_???_???_???***???_???_???_???_???_???_???_???_???_?
**_***_***_***_***_***_***_***_***_*******_***_***_***_***_***_***_***_***_**
?_???_???_???_???_???_???_???_???_???***???_???_???_???_???_???_???_???_???_?
_???_???_???_???_???_???_???_???_???*?*?*???_???_???_???_???_???_???_???_???_
???_???_???_???_???_???_???_???_???*??*??*???_???_???_???_???_???_???_???_???
??????_???_???_???_???_?___________???_???___________?_???_???_???_???_??????
?????????_???_???_???_???_???_???*_??_*_??_*???_???_???_???_???_???_?????????
????????????_???_???_???_???_???*?_?_?*?_?_?*???_???_???_???_???_????????????
???????????????_???_???_???_???*??__??*??__??*???_???_???_???_???????????????
??????????????????_??__________???_???_???_???__________??_??????????????????
?????????????????????_???_???*_??__??_*_??__??_*???_???_?????????????????????
????????????????????????_???*?_?_?_?_?*?_?_?_?_?*???_????????????????????????
???????????????????????????*??__??__??*??__??__??*???????????????????????????
??????????????????_________???_???_???_???_???_???_________??????????????????
?????????????????????????*_??__??__??_*_??__??__??_*?????????????????????????
????????????????????????*?_?_?_?_?_?_?*?_?_?_?_?_?_?*????????????????????????
???????????????????????*??_???__???_??*??_???__???_??*???????????????????????
???????????????________???_???_???_???_???_???_???_???________???????????????
?????????????????????*_???_??__??_???_*_???_??__??_???_*?????????????????????
????????????????????*?_???_?????_???_?*?_???_?????_???_?*????????????????????
???????????????????*??_???_????_???_??*??_???_????_???_??*???????????????????
????????????_______???_???_???_???_???_???_???_???_???_???_______????????????
?????????????????*_???_??????????_???_*_???_??????????_???_*?????????????????
????????????????*?_???_?????????_???_?*?_???_?????????_???_?*????????????????
???????????????*??_???_????????_???_??*??_???_????????_???_??*???????????????
?????????______???_???????????????_???_???_???????????????_???______?????????
?????????????*_???_??????????????_???_*_???_??????????????_???_*?????????????
????????????*?_???_?????????????_???_?*?_???_?????????????_???_?*????????????
???????????*??_????????????????????_??*??_????????????????????_??*???????????
??????_____???_???????????????????_???_???_???????????????????_???_____??????
?????????*_???_??????????????????_???_*_???_??????????????????_???_*?????????
????????*?_?????????????????????????_?*?_?????????????????????????_?*????????
???????*??_????????????????????????_??*??_????????????????????????_??*???????
???____???_???????????????????????_???_???_???????????????????????_???____???
?????*_??????????????????????????????_*_??????????????????????????????_*?????
????*?_?????????????????????????????_?*?_?????????????????????????????_?*????
???*??_????????????????????????????_??*??_????????????????????????????_??*???
___???????????????????????????????????_???????????????????????????????????___
?*_??????????????????????????????????_*_??????????????????????????????????_*?
*?_?????????????????????????????????_?*?_?????????????????????????????????_?*
kJJJJmJJJJJmJJJJkJJJJmJJJJJmJJJJk
JkJJJmJJJJJJmJJJkJJJmJJJJJJmJJJkJ
JJkJJmJJJJJJJmJJkJJmJJJJJJJmJJkJJ
JJJkJmJJJJJJJJmJkJmJJJJJJJJmJkJJJ
JJJJkmJJJJJJJJJmkmJJJJJJJJJmkJJJJ
mmmmmmJJJJJJJJJJmJJJJJJJJJJmmmmmm
JJJJJJkJJJJJJJJJkJJJJJJJJJkJJJJJJ
JJJJJJJkJJJJJJJJkJJJJJJJJkJJJJJJJ
JJJJJJJJkJJJJJJJkJJJJJJJkJJJJJJJJ
JJJJJJJJJkJJJJJJkJJJJJJkJJJJJJJJJ
JJJJJJJJJJkJJJJJkJJJJJkJJJJJJJJJJ
mJJJJJJJJJJkJJJJkJJJJkJJJJJJJJJJm
JmJJJJJJJJJJkJJJkJJJkJJJJJJJJJJmJ
JJmJJJJJJJJJJkJJkJJkJJJJJJJJJJmJJ
JJJmJJJJJJJJJJkJkJkJJJJJJJJJJmJJJ
JJJJmJJJJJJJJJJkkkJJJJJJJJJJmJJJJ
kkkkkmkkkkkkkkkkkkkkkkkkkkkmkkkkk
JJJJmJJJJJJJJJJkkkJJJJJJJJJJmJJJJ
JJJmJJJJJJJJJJkJkJkJJJJJJJJJJmJJJ
JJmJJJJJJJJJJkJJkJJkJJJJJJJJJJmJJ
JmJJJJJJJJJJkJJJkJJJkJJJJJJJJJJmJ
mJJJJJJJJJJkJJJJkJJJJkJJJJJJJJJJm
JJJJJJJJJJkJJJJJkJJJJJkJJJJJJJJJJ
JJJJJJJJJkJJJJJJkJJJJJJkJJJJJJJJJ
JJJJJJJJkJJJJJJJkJJJJJJJkJJJJJJJJ
JJJJJJJkJJJJJJJJkJJJJJJJJkJJJJJJJ
JJJJJJkJJJJJJJJJkJJJJJJJJJkJJJJJJ
mmmmmmJJJJJJJJJJmJJJJJJJJJJmmmmmm
JJJJkmJJJJJJJJJmkmJJJJJJJJJmkJJJJ
JJJkJmJJJJJJJJmJkJmJJJJJJJJmJkJJJ
JJkJJmJJJJJJJmJJkJJmJJJJJJJmJJkJJ
JkJJJmJJJJJJmJJJkJJJmJJJJJJmJJJkJ
kJJJJmJJJJJmJJJJkJJJJmJJJJJmJJJJk
)iiiiiiiiiiiiiiiiiiiiiiiiiiiiiiiii)iiiiiiiiiiiiiiiiiiiiiiiiiiiiiiiii)
i)iiiiiiiiiiiiiiiiiiiiiiiiiiiiiiii)iiiiiiiiiiiiiiiiiiiiiiiiiiiiiiii)i
ii)iiiiiiiiiiiiiiiiiiiiiiiiiiiiiii)iiiiiiiiiiiiiiiiiiiiiiiiiiiiiii)ii
iii)iiiiiiiiiiiiiiiiiiiiiiiiiiiiii)iiiiiiiiiiiiiiiiiiiiiiiiiiiiii)iii
iiii)iiiiiiii>iiiiiiiiiii>iiiiiiii)iiiiiiii>iiiiiiiiiii>iiiiiiii)iiii
iiiii)iiiiiii>iiiiiiiiiiii>iiiiiii)iiiiiii>iiiiiiiiiiii>iiiiiii)iiiii
iiiiii)iiiiii>iiiiiiiiiiiii>iiiiii)iiiiii>iiiiiiiiiiiii>iiiiii)iiiiii
iiiiiii)iiiii>iiiiiiiiiiiiii>iiiii)iiiii>iiiiiiiiiiiiii>iiiii)iiiiiii
iiiiiiii)iiii>iiiiiiiiiiiiiii>iiii)iiii>iiiiiiiiiiiiiii>iiii)iiiiiiii
iiiiiiiii)iii>iiiiiiiiiiiiiiii>iii)iii>iiiiiiiiiiiiiiii>iii)iiiiiiiii
iiiiiiiiii)ii>iiiiiiiiiiiiiiiii>ii)ii>iiiiiiiiiiiiiiiii>ii)iiiiiiiiii
iiiiiiiiiii)i>iiiiiiiiiiiiiiiiii>i)i>iiiiiiiiiiiiiiiiii>i)iiiiiiiiiii
iiiiiiiiiiii)>iiiiiiiiiiiiiiiiiii>)>iiiiiiiiiiiiiiiiiii>)iiiiiiiiiiii
iiii>>>>>>>>>>iiiiiiiiiiiiiiiiiiii>iiiiiiiiiiiiiiiiiiii>>>>>>>>>>iiii
iiiiiiiiiiiiii)iiiiiiiiiiiiiiiiiii)iiiiiiiiiiiiiiiiiii)iiiiiiiiiiiiii
iiiiiiiiiiiiiii)iiiiiiiiiiiiiiiiii)iiiiiiiiiiiiiiiiii)iiiiiiiiiiiiiii
iiiiiiiiiiiiiiii)iiiiiiiiiiiiiiiii)iiiiiiiiiiiiiiiii)iiiiiiiiiiiiiiii
iiiiiiiiiiiiiiiii)iiiiiiiiiiiiiiii)iiiiiiiiiiiiiiii)iiiiiiiiiiiiiiiii
iiiiiiiiiiiiiiiiii)iiiiiiiiiiiiiii)iiiiiiiiiiiiiii)iiiiiiiiiiiiiiiiii
iiiiiiiiiiiiiiiiiii)iiiiiiiiiiiiii)iiiiiiiiiiiiii)iiiiiiiiiiiiiiiiiii
iiiiiiiiiiiiiiiiiiii)iiiiiiiiiiiii)iiiiiiiiiiiii)iiiiiiiiiiiiiiiiiiii
iiiiiiiiiiiiiiiiiiiii)iiiiiiiiiiii)iiiiiiiiiiii)iiiiiiiiiiiiiiiiiiiii
iiiiiiiiiiiiiiiiiiiiii)iiiiiiiiiii)iiiiiiiiiii)iiiiiiiiiiiiiiiiiiiiii
iiiiiiiiiiiiiiiiiiiiiii)iiiiiiiiii)iiiiiiiiii)iiiiiiiiiiiiiiiiiiiiiii
iiiiiiiiiiiiiiiiiiiiiiii)iiiiiiiii)iiiiiiiii)iiiiiiiiiiiiiiiiiiiiiiii
iiii>iiiiiiiiiiiiiiiiiiii)iiiiiiii)iiiiiiii)iiiiiiiiiiiiiiiiiiii>iiii
iiiii>iiiiiiiiiiiiiiiiiiii)iiiiiii)iiiiiii)iiiiiiiiiiiiiiiiiiii>iiiii
iiiiii>iiiiiiiiiiiiiiiiiiii)iiiiii)iiiiii)iiiiiiiiiiiiiiiiiiii>iiiiii
iiiiiii>iiiiiiiiiiiiiiiiiiii)iiiii)iiiii)iiiiiiiiiiiiiiiiiiii>iiiiiii
iiiiiiii>iiiiiiiiiiiiiiiiiiii)iiii)iiii)iiiiiiiiiiiiiiiiiiii>iiiiiiii
iiiiiiiii>iiiiiiiiiiiiiiiiiiii)iii)iii)iiiiiiiiiiiiiiiiiiii>iiiiiiiii
iiiiiiiiii>iiiiiiiiiiiiiiiiiiii)ii)ii)iiiiiiiiiiiiiiiiiiii>iiiiiiiiii
iiiiiiiiiii>iiiiiiiiiiiiiiiiiiii)i)i)iiiiiiiiiiiiiiiiiiii>iiiiiiiiiii
iiiiiiiiiiii>iiiiiiiiiiiiiiiiiiii)))iiiiiiiiiiiiiiiiiiii>iiiiiiiiiiii
)))))))))))))>)))))))))))))))))))))))))))))))))))))))))>)))))))))))))
iiiiiiiiiiii>iiiiiiiiiiiiiiiiiiii)))iiiiiiiiiiiiiiiiiiii>iiiiiiiiiiii
iiiiiiiiiii>iiiiiiiiiiiiiiiiiiii)i)i)iiiiiiiiiiiiiiiiiiii>iiiiiiiiiii
iiiiiiiiii>iiiiiiiiiiiiiiiiiiii)ii)ii)iiiiiiiiiiiiiiiiiiii>iiiiiiiiii
iiiiiiiii>iiiiiiiiiiiiiiiiiiii)iii)iii)iiiiiiiiiiiiiiiiiiii>iiiiiiiii
iiiiiiii>iiiiiiiiiiiiiiiiiiii)iiii)iiii)iiiiiiiiiiiiiiiiiiii>iiiiiiii
iiiiiii>iiiiiiiiiiiiiiiiiiii)iiiii)iiiii)iiiiiiiiiiiiiiiiiiii>iiiiiii
iiiiii>iiiiiiiiiiiiiiiiiiii)iiiiii)iiiiii)iiiiiiiiiiiiiiiiiiii>iiiiii
iiiii>iiiiiiiiiiiiiiiiiiii)iiiiiii)iiiiiii)iiiiiiiiiiiiiiiiiiii>iiiii
iiii>iiiiiiiiiiiiiiiiiiii)iiiiiiii)iiiiiiii)iiiiiiiiiiiiiiiiiiii>iiii
iiiiiiiiiiiiiiiiiiiiiiii)iiiiiiiii)iiiiiiiii)iiiiiiiiiiiiiiiiiiiiiiii
iiiiiiiiiiiiiiiiiiiiiii)iiiiiiiiii)iiiiiiiiii)iiiiiiiiiiiiiiiiiiiiiii
iiiiiiiiiiiiiiiiiiiiii)iiiiiiiiiii)iiiiiiiiiii)iiiiiiiiiiiiiiiiiiiiii
iiiiiiiiiiiiiiiiiiiii)iiiiiiiiiiii)iiiiiiiiiiii)iiiiiiiiiiiiiiiiiiiii
iiiiiiiiiiiiiiiiiiii)iiiiiiiiiiiii)iiiiiiiiiiiii)iiiiiiiiiiiiiiiiiiii
iiiiiiiiiiiiiiiiiii)iiiiiiiiiiiiii)iiiiiiiiiiiiii)iiiiiiiiiiiiiiiiiii
iiiiiiiiiiiiiiiiii)iiiiiiiiiiiiiii)iiiiiiiiiiiiiii)iiiiiiiiiiiiiiiiii
iiiiiiiiiiiiiiiii)iiiiiiiiiiiiiiii)iiiiiiiiiiiiiiii)iiiiiiiiiiiiiiiii
iiiiiiiiiiiiiiii)iiiiiiiiiiiiiiiii)iiiiiiiiiiiiiiiii)iiiiiiiiiiiiiiii
iiiiiiiiiiiiiii)iiiiiiiiiiiiiiiiii)iiiiiiiiiiiiiiiiii)iiiiiiiiiiiiiii
iiiiiiiiiiiiii)iiiiiiiiiiiiiiiiiii)iiiiiiiiiiiiiiiiiii)iiiiiiiiiiiiii
iiii>>>>>>>>>>iiiiiiiiiiiiiiiiiiii>iiiiiiiiiiiiiiiiiiii>>>>>>>>>>iiii
iiiiiiiiiiii)>iiiiiiiiiiiiiiiiiii>)>iiiiiiiiiiiiiiiiiii>)iiiiiiiiiiii
iiiiiiiiiii)i>iiiiiiiiiiiiiiiiii>i)i>iiiiiiiiiiiiiiiiii>i)iiiiiiiiiii
iiiiiiiiii)ii>iiiiiiiiiiiiiiiii>ii)ii>iiiiiiiiiiiiiiiii>ii)iiiiiiiiii
iiiiiiiii)iii>iiiiiiiiiiiiiiii>iii)iii>iiiiiiiiiiiiiiii>iii)iiiiiiiii
iiiiiiii)iiii>iiiiiiiiiiiiiii>iiii)iiii>iiiiiiiiiiiiiii>iiii)iiiiiiii
iiiiiii)iiiii>iiiiiiiiiiiiii>iiiii)iiiii>iiiiiiiiiiiiii>iiiii)iiiiiii
iiiiii)iiiiii>iiiiiiiiiiiii>iiiiii)iiiiii>iiiiiiiiiiiii>iiiiii)iiiiii
iiiii)iiiiiii>iiiiiiiiiiii>iiiiiii)iiiiiii>iiiiiiiiiiii>iiiiiii)iiiii
iiii)iiiiiiii>iiiiiiiiiii>iiiiiiii)iiiiiiii>iiiiiiiiiii>iiiiiiii)iiii
iii)iiiiiiiiiiiiiiiiiiiiiiiiiiiiii)iiiiiiiiiiiiiiiiiiiiiiiiiiiiii)iii
ii)iiiiiiiiiiiiiiiiiiiiiiiiiiiiiii)iiiiiiiiiiiiiiiiiiiiiiiiiiiiiii)ii
i)iiiiiiiiiiiiiiiiiiiiiiiiiiiiiiii)iiiiiiiiiiiiiiiiiiiiiiiiiiiiiiii)i
)iiiiiiiiiiiiiiiiiiiiiiiiiiiiiiiii)iiiiiiiiiiiiiiiiiiiiiiiiiiiiiiiii)
.^^^^^^^^^^^^^^^^^^^^^^^^^^^^^^^^^.^^^^^^^^^^^^^^^^^^^^^^^^^^^^^^^^^.
^.^^^^^^^^^^^^^^^^^^^^^^^^^^^^^^^^.^^^^^^^^^^^^^^^^^^^^^^^^^^^^^^^^.^
^^.^^^^^^^^^^^^^^^^^^^^^^^^^^^^^^^.^^^^^^^^^^^^^^^^^^^^^^^^^^^^^^^.^^
^^^.^^^^^^^^^^^^^^^^^^^^^^^^^^^^^^.^^^^^^^^^^^^^^^^^^^^^^^^^^^^^^.^^^
^^^^.^^^^^^^^^^^^^^^^^^^^^^^^^^^^^.^^^^^^^^^^^^^^^^^^^^^^^^^^^^^.^^^^
^^^^^.^^^^^^^^^^^^^^^^^^^^^^^^^^^^.^^^^^^^^^^^^^^^^^^^^^^^^^^^^.^^^^^
^^^^^^.^^^^^^^^^^^^^^^^^^^^^^^^^^^.^^^^^^^^^^^^^^^^^^^^^^^^^^^.^^^^^^
^^^^^^^.^^^^^^^^^^^^^^^^^^^^^^^^^^.^^^^^^^^^^^^^^^^^^^^^^^^^^.^^^^^^^
^^^^^^^^.^^^^^^^^^^^^^^^^^^^^^^^^^.^^^^^^^^^^^^^^^^^^^^^^^^^.^^^^^^^^
^^^^^^^^^.^^^^^^^^^^^^^^^^^^^^^^^^.^^^^^^^^^^^^^^^^^^^^^^^^.^^^^^^^^^
^^^^^^^^^^.^^^^^^^^^^^^^^^^^^^^^^^.^^^^^^^^^^^^^^^^^^^^^^^.^^^^^^^^^^
^^^^^^^^^^^.^^^^^^^^^^^^^^^^^^^^^^.^^^^^^^^^^^^^^^^^^^^^^.^^^^^^^^^^^
^^^^^^^^^^^^.^^^^^^^^^^^^^^^^^^^^^.^^^^^^^^^^^^^^^^^^^^^.^^^^^^^^^^^^
^^^^^^^^^^^^^.^^^^^^^^^^^^^^^^^^^^.^^^^^^^^^^^^^^^^^^^^.^^^^^^^^^^^^^
^^^^^^^^^^^^^^.^^^^^^^^^^^^^^^^^^^.^^^^^^^^^^^^^^^^^^^.^^^^^^^^^^^^^^
^^^^^^^^^^^^^^^.^^^^^^^^^^^^^^^^^^.^^^^^^^^^^^^^^^^^^.^^^^^^^^^^^^^^^
^^^^^^^^^^^^^^^^.^^^^^^^^^^^^^^^^^.^^^^^^^^^^^^^^^^^.^^^^^^^^^^^^^^^^
^^^^^^^^^^^^^^^^^.^^^^^^^^^^^^^^^^.^^^^^^^^^^^^^^^^.^^^^^^^^^^^^^^^^^
^^^^^^^^^^^^^^^^^^.^^^^^^^^^^^^^^^.^^^^^^^^^^^^^^^.^^^^^^^^^^^^^^^^^^
^^^^^^^^^^^^^^^^^^^.^^^^^^^^^^^^^^.^^^^^^^^^^^^^^.^^^^^^^^^^^^^^^^^^^
^^^^^^^^^^^^^^^^^^^^.^^^^^^^^^^^^^.^^^^^^^^^^^^^.^^^^^^^^^^^^^^^^^^^^
^^^^^^^^^^^^^^^^^^^^^.^^^^^^^^^^^^.^^^^^^^^^^^^.^^^^^^^^^^^^^^^^^^^^^
^^^^^^^^^^^^^^^^^^^^^^.^^^^^^^^^^^.^^^^^^^^^^^.^^^^^^^^^^^^^^^^^^^^^^
^^^^^^^^^^^^^^^^^^^^^^^.^^^^^^^^^^.^^^^^^^^^^.^^^^^^^^^^^^^^^^^^^^^^^
^^^^^^^^^^^^^^^^^^^^^^^^.^^^^^^^^^.^^^^^^^^^.^^^^^^^^^^^^^^^^^^^^^^^^
^^^^^^^^^^^^^^^^^^^^^^^^^.^^^^^^^^.^^^^^^^^.^^^^^^^^^^^^^^^^^^^^^^^^^
^^^^^^^^^^^^^^^^^^^^^^^^^^.^^^^^^^.^^^^^^^.^^^^^^^^^^^^^^^^^^^^^^^^^^
^^^^^^^^^^^^^^^^^^^^^^^^^^^.^^^^^^.^^^^^^.^^^^^^^^^^^^^^^^^^^^^^^^^^^
^^^^^^^^^^^^^^^^^^^^^^^^^^^^.^^^^^.^^^^^.^^^^^^^^^^^^^^^^^^^^^^^^^^^^
^^^^^^^^^^^^^^^^^^^^^^^^^^^^^.^^^^.^^^^.^^^^^^^^^^^^^^^^^^^^^^^^^^^^^
^^^^^^^^^^^^^^^^^^^^^^^^^^^^^^.^^^.^^^.^^^^^^^^^^^^^^^^^^^^^^^^^^^^^^
^^^^^^^^^^^^^^^^^^^^^^^^^^^^^^^=======^^^^^^^^^^^^^^^^^^^^^^^^^^^^^^^
^^^^^^^^^^^^^^^^^^^^^^^^^^^^^^^=======^^^^^^^^^^^^^^^^^^^^^^^^^^^^^^^
^^^^^^^^^^^^^^^^^^^^^^^^^^^^^^^=======^^^^^^^^^^^^^^^^^^^^^^^^^^^^^^^
...............................===.===...............................
^^^^^^^^^^^^^^^^^^^^^^^^^^^^^^^=======^^^^^^^^^^^^^^^^^^^^^^^^^^^^^^^
^^^^^^^^^^^^^^^^^^^^^^^^^^^^^^^=======^^^^^^^^^^^^^^^^^^^^^^^^^^^^^^^
^^^^^^^^^^^^^^^^^^^^^^^^^^^^^^^=======^^^^^^^^^^^^^^^^^^^^^^^^^^^^^^^
^^^^^^^^^^^^^^^^^^^^^^^^^^^^^^.^^^.^^^.^^^^^^^^^^^^^^^^^^^^^^^^^^^^^^
^^^^^^^^^^^^^^^^^^^^^^^^^^^^^.^^^^.^^^^.^^^^^^^^^^^^^^^^^^^^^^^^^^^^^
^^^^^^^^^^^^^^^^^^^^^^^^^^^^.^^^^^.^^^^^.^^^^^^^^^^^^^^^^^^^^^^^^^^^^
^^^^^^^^^^^^^^^^^^^^^^^^^^^.^^^^^^.^^^^^^.^^^^^^^^^^^^^^^^^^^^^^^^^^^
^^^^^^^^^^^^^^^^^^^^^^^^^^.^^^^^^^.^^^^^^^.^^^^^^^^^^^^^^^^^^^^^^^^^^
^^^^^^^^^^^^^^^^^^^^^^^^^.^^^^^^^^.^^^^^^^^.^^^^^^^^^^^^^^^^^^^^^^^^^
^^^^^^^^^^^^^^^^^^^^^^^^.^^^^^^^^^.^^^^^^^^^.^^^^^^^^^^^^^^^^^^^^^^^^
^^^^^^^^^^^^^^^^^^^^^^^.^^^^^^^^^^.^^^^^^^^^^.^^^^^^^^^^^^^^^^^^^^^^^
^^^^^^^^^^^^^^^^^^^^^^.^^^^^^^^^^^.^^^^^^^^^^^.^^^^^^^^^^^^^^^^^^^^^^
^^^^^^^^^^^^^^^^^^^^^.^^^^^^^^^^^^.^^^^^^^^^^^^.^^^^^^^^^^^^^^^^^^^^^
^^^^^^^^^^^^^^^^^^^^.^^^^^^^^^^^^^.^^^^^^^^^^^^^.^^^^^^^^^^^^^^^^^^^^
^^^^^^^^^^^^^^^^^^^.^^^^^^^^^^^^^^.^^^^^^^^^^^^^^.^^^^^^^^^^^^^^^^^^^
^^^^^^^^^^^^^^^^^^.^^^^^^^^^^^^^^^.^^^^^^^^^^^^^^^.^^^^^^^^^^^^^^^^^^
^^^^^^^^^^^^^^^^^.^^^^^^^^^^^^^^^^.^^^^^^^^^^^^^^^^.^^^^^^^^^^^^^^^^^
^^^^^^^^^^^^^^^^.^^^^^^^^^^^^^^^^^.^^^^^^^^^^^^^^^^^.^^^^^^^^^^^^^^^^
^^^^^^^^^^^^^^^.^^^^^^^^^^^^^^^^^^.^^^^^^^^^^^^^^^^^^.^^^^^^^^^^^^^^^
^^^^^^^^^^^^^^.^^^^^^^^^^^^^^^^^^^.^^^^^^^^^^^^^^^^^^^.^^^^^^^^^^^^^^
^^^^^^^^^^^^^.^^^^^^^^^^^^^^^^^^^^.^^^^^^^^^^^^^^^^^^^^.^^^^^^^^^^^^^
^^^^^^^^^^^^.^^^^^^^^^^^^^^^^^^^^^.^^^^^^^^^^^^^^^^^^^^^.^^^^^^^^^^^^
^^^^^^^^^^^.^^^^^^^^^^^^^^^^^^^^^^.^^^^^^^^^^^^^^^^^^^^^^.^^^^^^^^^^^
^^^^^^^^^^.^^^^^^^^^^^^^^^^^^^^^^^.^^^^^^^^^^^^^^^^^^^^^^^.^^^^^^^^^^
^^^^^^^^^.^^^^^^^^^^^^^^^^^^^^^^^^.^^^^^^^^^^^^^^^^^^^^^^^^.^^^^^^^^^
^^^^^^^^.^^^^^^^^^^^^^^^^^^^^^^^^^.^^^^^^^^^^^^^^^^^^^^^^^^^.^^^^^^^^
^^^^^^^.^^^^^^^^^^^^^^^^^^^^^^^^^^.^^^^^^^^^^^^^^^^^^^^^^^^^^.^^^^^^^
^^^^^^.^^^^^^^^^^^^^^^^^^^^^^^^^^^.^^^^^^^^^^^^^^^^^^^^^^^^^^^.^^^^^^
^^^^^.^^^^^^^^^^^^^^^^^^^^^^^^^^^^.^^^^^^^^^^^^^^^^^^^^^^^^^^^^.^^^^^
^^^^.^^^^^^^^^^^^^^^^^^^^^^^^^^^^^.^^^^^^^^^^^^^^^^^^^^^^^^^^^^^.^^^^
^^^.^^^^^^^^^^^^^^^^^^^^^^^^^^^^^^.^^^^^^^^^^^^^^^^^^^^^^^^^^^^^^.^^^
^^.^^^^^^^^^^^^^^^^^^^^^^^^^^^^^^^.^^^^^^^^^^^^^^^^^^^^^^^^^^^^^^^.^^
^.^^^^^^^^^^^^^^^^^^^^^^^^^^^^^^^^.^^^^^^^^^^^^^^^^^^^^^^^^^^^^^^^^.^
.^^^^^^^^^^^^^^^^^^^^^^^^^^^^^^^^^.^^^^^^^^^^^^^^^^^^^^^^^^^^^^^^^^^.
?::+:::::::::::::::::::::::::::::::::::::::::::::::::::::::::::::::::::::::::::::::::::::::+::?::+:::::::::::::::::::::::::::::::::::::::::::::::::::::::::::::::::::::::::::::::::::::::+::?
:?:+::::::::::::::::::::::::::::::::::::::::::::::::::::::::::::::::::::::::::::::::::::::::+:?:+::::::::::::::::::::::::::::::::::::::::::::::::::::::::::::::::::::::::::::::::::::::::+:?:
::?+:::::::::::::::::::::::::::::::::::::::::::::::::::::::::::::::::::::::::::::::::::::::::+?+:::::::::::::::::::::::::::::::::::::::::::::::::::::::::::::::::::::::::::::::::::::::::+?::
++++::::::+::::::::::::::::::::::::::::::::::::::::::::::::::::::::::::::::::::::::::::+::::::+::::::+::::::::::::::::::::::::::::::::::::::::::::::::::::::::::::::::::::::::::::+::::::++++
::::?:::::+:::::::::::::::::::::::::::::::::::::::::::::::::::::::::::::::::::::::::::::+:::::?:::::+:::::::::::::::::::::::::::::::::::::::::::::::::::::::::::::::::::::::::::::+:::::?::::
:::::?::::+::::::::::::::::::::::::::::::::::::::::::::::::::::::::::::::::::::::::::::::+::::?::::+::::::::::::::::::::::::::::::::::::::::::::::::::::::::::::::::::::::::::::::+::::?:::::
::::::?:::+:::::::::::::::::::::::::::::::::::::::::::::::::::::::::::::::::::::::::::::::+:::?:::+:::::::::::::::::::::::::::::::::::::::::::::::::::::::::::::::::::::::::::::::+:::?::::::
:::::::?::+::::::::::::::::::::::::::::::::::::::::::::::::::::::::::::::::::::::::::::::::+::?::+::::::::::::::::::::::::::::::::::::::::::::::::::::::::::::::::::::::::::::::::+::?:::::::
::::::::?:+:::::::::::::::::::::::::::::::::::::::::::::::::::::::::::::::::::::::::::::::::+:?:+:::::::::::::::::::::::::::::::::::::::::::::::::::::::::::::::::::::::::::::::::+:?::::::::
:::::::::?+::::::+::::::::::::::::::::::::::::::::::::::::::::::::::::::::::::::::::::+::::::+?+::::::+::::::::::::::::::::::::::::::::::::::::::::::::::::::::::::::::::::+::::::+?:::::::::
:::++++++++::::::+:::::::::::::::::::::::::::::::::::::::::::::::::::::::::::::::::::::+::::::+::::::+:::::::::::::::::::::::::::::::::::::::::::::::::::::::::::::::::::::+::::::++++++++:::
:::::::::::?:::::+::::::::::::::::::::::::::::::::::::::::::::::::::::::::::::::::::::::+:::::?:::::+::::::::::::::::::::::::::::::::::::::::::::::::::::::::::::::::::::::+:::::?:::::::::::
::::::::::::?::::+:::::::::::::::::::::::::::::::::::::::::::::::::::::::::::::::::::::::+::::?::::+:::::::::::::::::::::::::::::::::::::::::::::::::::::::::::::::::::::::+::::?::::::::::::
:::::::::::::?:::+::::::::::::::::::::::::::::::::::::::::::::::::::::::::::::::::::::::::+:::?:::+::::::::::::::::::::::::::::::::::::::::::::::::::::::::::::::::::::::::+:::?:::::::::::::
::::::::::::::?::+:::::::::::::::::::::::::::::::::::::::::::::::::::::::::::::::::::::::::+::?::+:::::::::::::::::::::::::::::::::::::::::::::::::::::::::::::::::::::::::+::?::::::::::::::
:::::::::::::::?:+::::::+::::::::::::::::::::::::::::::::::::::::::::::::::::::::::::+::::::+:?:+::::::+::::::::::::::::::::::::::::::::::::::::::::::::::::::::::::+::::::+:?:::::::::::::::
::::::::::::::::?+::::::+:::::::::::::::::::::::::::::::::::::::::::::::::::::::::::::+::::::+?+::::::+:::::::::::::::::::::::::::::::::::::::::::::::::::::::::::::+::::::+?::::::::::::::::
:::::::::+++++++++::::::+::::::::::::::::::::::::::::::::::::::::::::::::::::::::::::::+::::::+::::::+::::::::::::::::::::::::::::::::::::::::::::::::::::::::::::::+::::::+++++++++:::::::::
::::::::::::::::::?:::::+:::::::::::::::::::::::::::::::::::::::::::::::::::::::::::::::+:::::?:::::+:::::::::::::::::::::::::::::::::::::::::::::::::::::::::::::::+:::::?::::::::::::::::::
:::::::::::::::::::?::::+::::::::::::::::::::::::::::::::::::::::::::::::::::::::::::::::+::::?::::+::::::::::::::::::::::::::::::::::::::::::::::::::::::::::::::::+::::?:::::::::::::::::::
::::::::::::::::::::?:::+:::::::::::::::::::::::::::::::::::::::::::::::::::::::::::::::::+:::?:::+:::::::::::::::::::::::::::::::::::::::::::::::::::::::::::::::::+:::?::::::::::::::::::::
:::::::::::::::::::::?::+::::::+::::::::::::::::::::::::::::::::::::::::::::::::::::+::::::+::?::+::::::+::::::::::::::::::::::::::::::::::::::::::::::::::::+::::::+::?:::::::::::::::::::::
::::::::::::::::::::::?:+::::::+:::::::::::::::::::::::::::::::::::::::::::::::::::::+::::::+:?:+::::::+:::::::::::::::::::::::::::::::::::::::::::::::::::::+::::::+:?::::::::::::::::::::::
:::::::::::::::::::::::?+::::::+::::::::::::::::::::::::::::::::::::::::::::::::::::::+::::::+?+::::::+::::::::::::::::::::::::::::::::::::::::::::::::::::::+::::::+?:::::::::::::::::::::::
:::::::::::::::++++++++++::::::+:::::::::::::::::::::::::::::::::::::::::::::::::::::::+::::::+::::::+:::::::::::::::::::::::::::::::::::::::::::::::::::::::+::::::++++++++++:::::::::::::::
:::::::::::::::::::::::::?:::::+::::::::::::::::::::::::::::::::::::::::::::::::::::::::+:::::?:::::+::::::::::::::::::::::::::::::::::::::::::::::::::::::::+:::::?:::::::::::::::::::::::::
::::::::::::::::::::::::::?::::+:::::::::::::::::::::::::::::::::::::::::::::::::::::::::+::::?::::+:::::::::::::::::::::::::::::::::::::::::::::::::::::::::+::::?::::::::::::::::::::::::::
:::::::::::::::::::::::::::?:::+::::::+::::::::::::::::::::::::::::::::::::::::::::+::::::+:::?:::+::::::+::::::::::::::::::::::::::::::::::::::::::::+::::::+:::?:::::::::::::::::::::::::::
::::::::::::::::::::::::::::?::+::::::+:::::::::::::::::::::::::::::::::::::::::::::+::::::+::?::+::::::+:::::::::::::::::::::::::::::::::::::::::::::+::::::+::?::::::::::::::::::::::::::::
:::::::::::::::::::::::::::::?:+::::::+::::::::::::::::::::::::::::::::::::::::::::::+::::::+:?:+::::::+::::::::::::::::::::::::::::::::::::::::::::::+::::::+:?:::::::::::::::::::::::::::::
::::::::::::::::::::::::::::::?+::::::+:::::::::::::::::::::::::::::::::::::::::::::::+::::::+?+::::::+:::::::::::::::::::::::::::::::::::::::::::::::+::::::+?::::::::::::::::::::::::::::::
:::::::::::::::::::::+++++++++++::::::+::::::::::::::::::::::::::::::::::::::::::::::::+::::::+::::::+::::::::::::::::::::::::::::::::::::::::::::::::+::::::+++++++++++:::::::::::::::::::::
::::::::::::::::::::::::::::::::?:::::+:::::::::::::::::::::::::::::::::::::::::::::::::+:::::?:::::+:::::::::::::::::::::::::::::::::::::::::::::::::+:::::?::::::::::::::::::::::::::::::::
:::::::::::::::::::::::::::::::::?::::+::::::+::::::::::::::::::::::::::::::::::::+::::::+::::?::::+::::::+::::::::::::::::::::::::::::::::::::+::::::+::::?:::::::::::::::::::::::::::::::::
::::::::::::::::::::::::::::::::::?:::+::::::+:::::::::::::::::::::::::::::::::::::+::::::+:::?:::+::::::+:::::::::::::::::::::::::::::::::::::+::::::+:::?::::::::::::::::::::::::::::::::::
:::::::::::::::::::::::::::::::::::?::+::::::+::::::::::::::::::::::::::::::::::::::+::::::+::?::+::::::+::::::::::::::::::::::::::::::::::::::+::::::+::?:::::::::::::::::::::::::::::::::::
::::::::::::::::::::::::::::::::::::?:+::::::+:::::::::::::::::::::::::::::::::::::::+::::::+:?:+::::::+:::::::::::::::::::::::::::::::::::::::+::::::+:?::::::::::::::::::::::::::::::::::::
:::::::::::::::::::::::::::::::::::::?+::::::+::::::::::::::::::::::::::::::::::::::::+::::::+?+::::::+::::::::::::::::::::::::::::::::::::::::+::::::+?:::::::::::::::::::::::::::::::::::::
:::::::::::::::::::::::::::++++++++++++::::::+:::::::::::::::::::::::::::::::::::::::::+::::::+::::::+:::::::::::::::::::::::::::::::::::::::::+::::::++++++++++++:::::::::::::::::::::::::::
:::::::::::::::::::::::::::::::::::::::?:::::+::::::+::::::::::::::::::::::::::::+::::::+:::::?:::::+::::::+::::::::::::::::::::::::::::+::::::+:::::?:::::::::::::::::::::::::::::::::::::::
::::::::::::::::::::::::::::::::::::::::?::::+::::::+:::::::::::::::::::::::::::::+::::::+::::?::::+::::::+:::::::::::::::::::::::::::::+::::::+::::?::::::::::::::::::::::::::::::::::::::::
:::::::::::::::::::::::::::::::::::::::::?:::+::::::+::::::::::::::::::::::::::::::+::::::+:::?:::+::::::+::::::::::::::::::::::::::::::+::::::+:::?:::::::::::::::::::::::::::::::::::::::::
::::::::::::::::::::::::::::::::::::::::::?::+::::::+:::::::::::::::::::::::::::::::+::::::+::?::+::::::+:::::::::::::::::::::::::::::::+::::::+::?::::::::::::::::::::::::::::::::::::::::::
:::::::::::::::::::::::::::::::::::::::::::?:+::::::+::::::::::::::::::::::::::::::::+::::::+:?:+::::::+::::::::::::::::::::::::::::::::+::::::+:?:::::::::::::::::::::::::::::::::::::::::::
::::::::::::::::::::::::::::::::::::::::::::?+::::::+:::::::::::::::::::::::::::::::::+::::::+?+::::::+:::::::::::::::::::::::::::::::::+::::::+?::::::::::::::::::::::::::::::::::::::::::::
:::::::::::::::::::::::::::::::::+++++++++++++::::::+::::::+::::::::::::::::::::+::::::+::::::+::::::+::::::+::::::::::::::::::::+::::::+::::::+++++++++++++:::::::::::::::::::::::::::::::::
::::::::::::::::::::::::::::::::::::::::::::::?:::::+::::::+:::::::::::::::::::::+::::::+:::::?:::::+::::::+:::::::::::::::::::::+::::::+:::::?::::::::::::::::::::::::::::::::::::::::::::::
:::::::::::::::::::::::::::::::::::::::::::::::?::::+::::::+::::::::::::::::::::::+::::::+::::?::::+::::::+::::::::::::::::::::::+::::::+::::?:::::::::::::::::::::::::::::::::::::::::::::::
::::::::::::::::::::::::::::::::::::::::::::::::?:::+::::::+:::::::::::::::::::::::+::::::+:::?:::+::::::+:::::::::::::::::::::::+::::::+:::?::::::::::::::::::::::::::::::::::::::::::::::::
:::::::::::::::::::::::::::::::::::::::::::::::::?::+::::::+::::::::::::::::::::::::+::::::+::?::+::::::+::::::::::::::::::::::::+::::::+::?:::::::::::::::::::::::::::::::::::::::::::::::::
::::::::::::::::::::::::::::::::::::::::::::::::::?:+::::::+:::::::::::::::::::::::::+::::::+:?:+::::::+:::::::::::::::::::::::::+::::::+:?::::::::::::::::::::::::::::::::::::::::::::::::::
:::::::::::::::::::::::::::::::::::::::::::::::::::?+::::::+::::::+::::::::::::+::::::+::::::+?+::::::+::::::+::::::::::::+::::::+::::::+?:::::::::::::::::::::::::::::::::::::::::::::::::::
:::::::::::::::::::::::::::::::::::::::++++++++++++++::::::+::::::+:::::::::::::+::::::+::::::+::::::+::::::+:::::::::::::+::::::+::::::++++++++++++++:::::::::::::::::::::::::::::::::::::::
:::::::::::::::::::::::::::::::::::::::::::::::::::::?:::::+::::::+::::::::::::::+::::::+:::::?:::::+::::::+::::::::::::::+::::::+:::::?:::::::::::::::::::::::::::::::::::::::::::::::::::::
::::::::::::::::::::::::::::::::::::::::::::::::::::::?::::+::::::+:::::::::::::::+::::::+::::?::::+::::::+:::::::::::::::+::::::+::::?::::::::::::::::::::::::::::::::::::::::::::::::::::::
:::::::::::::::::::::::::::::::::::::::::::::::::::::::?:::+::::::+::::::::::::::::+::::::+:::?:::+::::::+::::::::::::::::+::::::+:::?:::::::::::::::::::::::::::::::::::::::::::::::::::::::
::::::::::::::::::::::::::::::::::::::::::::::::::::::::?::+::::::+:::::::::::::::::+::::::+::?::+::::::+:::::::::::::::::+::::::+::?::::::::::::::::::::::::::::::::::::::::::::::::::::::::
:::::::::::::::::::::::::::::::::::::::::::::::::::::::::?:+::::::+::::::+::::+::::::+::::::+:?:+::::::+::::::+::::+::::::+::::::+:?:::::::::::::::::::::::::::::::::::::::::::::::::::::::::
::::::::::::::::::::::::::::::::::::::::::::::::::::::::::?+::::::+::::::+:::::+::::::+::::::+?+::::::+::::::+:::::+::::::+::::::+?::::::::::::::::::::::::::::::::::::::::::::::::::::::::::
:::::::::::::::::::::::::::::::::::::::::::::+++++++++++++++::::::+::::::+::::::+::::::+::::::+::::::+::::::+::::::+::::::+::::::+++++++++++++++:::::::::::::::::::::::::::::::::::::::::::::
::::::::::::::::::::::::::::::::::::::::::::::::::::::::::::?:::::+::::::+:::::::+::::::+:::::?:::::+::::::+:::::::+::::::+:::::?::::::::::::::::::::::::::::::::::::::::::::::::::::::::::::
:::::::::::::::::::::::::::::::::::::::::::::::::::::::::::::?::::+::::::+::::::::+::::::+::::?::::+::::::+::::::::+::::::+::::?:::::::::::::::::::::::::::::::::::::::::::::::::::::::::::::
::::::::::::::::::::::::::::::::::::::::::::::::::::::::::::::?:::+::::::+:::::::::+::::::+:::?:::+::::::+:::::::::+::::::+:::?::::::::::::::::::::::::::::::::::::::::::::::::::::::::::::::
:::::::::::::::::::::::::::::::::::::::::::::::::::::::::::::::?::+::::::+:::+::+:::+::::::+::?::+::::::+:::+::+:::+::::::+::?:::::::::::::::::::::::::::::::::::::::::::::::::::::::::::::::
::::::::::::::::::::::::::::::::::::::::::::::::::::::::::::::::?:+::::::+::::+:+::::+::::::+:?:+::::::+::::+:+::::+::::::+:?::::::::::::::::::::::::::::::::::::::::::::::::::::::::::::::::
:::::::::::::::::::::::::::::::::::::::::::::::::::::::::::::::::?+::::::+:::::++:::::+::::::+?+::::::+:::::++:::::+::::::+?:::::::::::::::::::::::::::::::::::::::::::::::::::::::::::::::::
:::::::::::::::::::::::::::::::::::::::::::::::::::++++++++++++++++::::::+::::::+::::::+::::::+::::::+::::::+::::::+::::::++++++++++++++++:::::::::::::::::::::::::::::::::::::::::::::::::::
:::::::::::::::::::::::::::::::::::::::::::::::::::::::::::::::::::?:::::+::::::++::::::+:::::?:::::+::::::++::::::+:::::?:::::::::::::::::::::::::::::::::::::::::::::::::::::::::::::::::::
::::::::::::::::::::::::::::::::::::::::::::::::::::::::::::::::::::?::::+::::::+:+::::::+::::?::::+::::::+:+::::::+::::?::::::::::::::::::::::::::::::::::::::::::::::::::::::::::::::::::::
:::::::::::::::::::::::::::::::::::::::::::::::::::::::::::::::::::::?:::+::+:::+::+:::+::+:::?:::+::+:::+::+:::+::+:::?:::::::::::::::::::::::::::::::::::::::::::::::::::::::::::::::::::::
::::::::::::::::::::::::::::::::::::::::::::::::::::::::::::::::::::::?::+:::+::+:::+::+:::+::?::+:::+::+:::+::+:::+::?::::::::::::::::::::::::::::::::::::::::::::::::::::::::::::::::::::::
:::::::::::::::::::::::::::::::::::::::::::::::::::::::::::::::::::::::?:+::::+:+::::+:+::::+:?:+::::+:+::::+:+::::+:?:::::::::::::::::::::::::::::::::::::::::::::::::::::::::::::::::::::::
::::::::::::::::::::::::::::::::::::::::::::::::::::::::::::::::::::::::?+:::::++:::::++:::::+?+:::::++:::::++:::::+?::::::::::::::::::::::::::::::::::::::::::::::::::::::::::::::::::::::::
:::::::::::::::::::::::::::::::::::::::::::::::::::::::::+++++++++++++++++::::::+::::::+::::::+::::::+::::::+::::::+++++++++++++++++:::::::::::::::::::::::::::::::::::::::::::::::::::::::::
::::::::::::::::::::::::::::::::::::::::::::::::::::::::::::::::::::::::::?:::::++:::::++:::::?:::::++:::::++:::::?::::::::::::::::::::::::::::::::::::::::::::::::::::::::::::::::::::::::::
:::::::::::::::::::::::::::::::::::::::::::::::::::::::::::::::::::::::::::?::::+:+::::+:+::::?::::+:+::::+:+::::?:::::::::::::::::::::::::::::::::::::::::::::::::::::::::::::::::::::::::::
:::::::::::::::::::::::::::::::::::::::::::::::::::::::::::::::::::::+::::::?:::+::+:::+::+:::?:::+::+:::+::+:::?::::::+:::::::::::::::::::::::::::::::::::::::::::::::::::::::::::::::::::::
:::::::::::::::::::::::::::::::::::::::::::::::::::::::::::::::+::::::+::::::?::+:::+::+:::+::?::+:::+::+:::+::?::::::+::::::+:::::::::::::::::::::::::::::::::::::::::::::::::::::::::::::::
:::::::::::::::::::::::::::::::::::::::::::::::::::::::::+::::::+::::::+::::::?:+::::+:+::::+:?:+::::+:+::::+:?::::::+::::::+::::::+:::::::::::::::::::::::::::::::::::::::::::::::::::::::::
:::::::::::::::::::::::::::::::::::::::::::::::::::+::::::+::::::+::::::+::::::?+:::::++:::::+?+:::::++:::::+?::::::+::::::+::::::+::::::+:::::::::::::::::::::::::::::::::::::::::::::::::::
:::::::::::::::::::::::::::::::::::::::::::::+::::::+::::::+:::++++++++++++++++++::::::+::::::+::::::+::::::++++++++++++++++++:::+::::::+::::::+:::::::::::::::::::::::::::::::::::::::::::::
:::::::::::::::::::::::::::::::::::::::+::::::+::::::+::::::+::::::+::::::+::::::?:::::++:::::?:::::++:::::?::::::+::::::+::::::+::::::+::::::+::::::+:::::::::::::::::::::::::::::::::::::::
:::::::::::::::::::::::::::::::::+::::::+::::::+::::::+::::::+::::::+::::::+::::::?::::+:+::::?::::+:+::::?::::::+::::::+::::::+::::::+::::::+::::::+::::::+:::::::::::::::::::::::::::::::::
:::::::::::::::::::::::::::+::::::+::::::+::::::+::::::+::::::+::::::+::::::+::::::?:::+::+:::?:::+::+:::?::::::+::::::+::::::+::::::+::::::+::::::+::::::+::::::+:::::::::::::::::::::::::::
:::::::::::::::::::::+::::::+::::::+::::::+::::::+::::::+::::::+::::::+::::::+::::::?::+:::+::?::+:::+::?::::::+::::::+::::::+::::::+::::::+::::::+::::::+::::::+::::::+:::::::::::::::::::::
:::::::::::::::+::::::+::::::+::::::+::::::+::::::+::::::+::::::+::::::+::::::+::::::?:+::::+:?:+::::+:?::::::+::::::+::::::+::::::+::::::+::::::+::::::+::::::+::::::+::::::+:::::::::::::::
:::::::::+::::::+::::::+::::::+::::::+::::::+::::::+::::::+::::::+::::::+::::::+::::::?+:::::+?+:::::+?::::::+::::::+::::::+::::::+::::::+::::::+::::::+::::::+::::::+::::::+::::::+:::::::::
:::+::::::+::::::+::::::+::::::+::::::+::::::+::::::+::::::+::::::+::+++++++++++++++++++::::::+::::::+++++++++++++++++++::+::::::+::::::+::::::+::::::+::::::+::::::+::::::+::::::+::::::+:::
::::+::::::+::::::+::::::+::::::+::::::+::::::+::::::+::::::+::::::+::::::+::::::+::::::?:::::?:::::?::::::+::::::+::::::+::::::+::::::+::::::+::::::+::::::+::::::+::::::+::::::+::::::+::::
:::::+::::::+::::::+::::::+::::::+::::::+::::::+::::::+::::::+::::::+::::::+::::::+::::::?::::?::::?::::::+::::::+::::::+::::::+::::::+::::::+::::::+::::::+::::::+::::::+::::::+::::::+:::::
::::::+::::::+::::::+::::::+::::::+::::::+::::::+::::::+::::::+::::::+::::::+::::::+::::::?:::?:::?::::::+::::::+::::::+::::::+::::::+::::::+::::::+::::::+::::::+::::::+::::::+::::::+::::::
+::::::+::::::+::::::+::::::+::::::+::::::+::::::+::::::+::::::+::::::+::::::+::::::+::::::?::?::?::::::+::::::+::::::+::::::+::::::+::::::+::::::+::::::+::::::+::::::+::::::+::::::+::::::+
:+::::::+::::::+::::::+::::::+::::::+::::::+::::::+::::::+::::::+::::::+::::::+::::::+::::::?:?:?::::::+::::::+::::::+::::::+::::::+::::::+::::::+::::::+::::::+::::::+::::::+::::::+::::::+:
::+::::::+::::::+::::::+::::::+::::::+::::::+::::::+::::::+::::::+::::::+::::::+::::::+::::::???::::::+::::::+::::::+::::::+::::::+::::::+::::::+::::::+::::::+::::::+::::::+::::::+::::::+::
???+??????+??????+??????+??????+??????+??????+??????+??????+??????+??????+??????+??????+?????????????+??????+??????+??????+??????+??????+??????+??????+??????+??????+??????+??????+??????+???
::+::::::+::::::+::::::+::::::+::::::+::::::+::::::+::::::+::::::+::::::+::::::+::::::+::::::???::::::+::::::+::::::+::::::+::::::+::::::+::::::+::::::+::::::+::::::+::::::+::::::+::::::+::
:+::::::+::::::+::::::+::::::+::::::+::::::+::::::+::::::+::::::+::::::+::::::+::::::+::::::?:?:?::::::+::::::+::::::+::::::+::::::+::::::+::::::+::::::+::::::+::::::+::::::+::::::+::::::+:
+::::::+::::::+::::::+::::::+::::::+::::::+::::::+::::::+::::::+::::::+::::::+::::::+::::::?::?::?::::::+::::::+::::::+::::::+::::::+::::::+::::::+::::::+::::::+::::::+::::::+::::::+::::::+
::::::+::::::+::::::+::::::+::::::+::::::+::::::+::::::+::::::+::::::+::::::+::::::+::::::?:::?:::?::::::+::::::+::::::+::::::+::::::+::::::+::::::+::::::+::::::+::::::+::::::+::::::+::::::
:::::+::::::+::::::+::::::+::::::+::::::+::::::+::::::+::::::+::::::+::::::+::::::+::::::?::::?::::?::::::+::::::+::::::+::::::+::::::+::::::+::::::+::::::+::::::+::::::+::::::+::::::+:::::
::::+::::::+::::::+::::::+::::::+::::::+::::::+::::::+::::::+::::::+::::::+::::::+::::::?:::::?:::::?::::::+::::::+::::::+::::::+::::::+::::::+::::::+::::::+::::::+::::::+::::::+::::::+::::
:::+::::::+::::::+::::::+::::::+::::::+::::::+::::::+::::::+::::::+::+++++++++++++++++++::::::+::::::+++++++++++++++++++::+::::::+::::::+::::::+::::::+::::::+::::::+::::::+::::::+::::::+:::
:::::::::+::::::+::::::+::::::+::::::+::::::+::::::+::::::+::::::+::::::+::::::+::::::?+:::::+?+:::::+?::::::+::::::+::::::+::::::+::::::+::::::+::::::+::::::+::::::+::::::+::::::+:::::::::
:::::::::::::::+::::::+::::::+::::::+::::::+::::::+::::::+::::::+::::::+::::::+::::::?:+::::+:?:+::::+:?::::::+::::::+::::::+::::::+::::::+::::::+::::::+::::::+::::::+::::::+:::::::::::::::
:::::::::::::::::::::+::::::+::::::+::::::+::::::+::::::+::::::+::::::+::::::+::::::?::+:::+::?::+:::+::?::::::+::::::+::::::+::::::+::::::+::::::+::::::+::::::+::::::+:::::::::::::::::::::
:::::::::::::::::::::::::::+::::::+::::::+::::::+::::::+::::::+::::::+::::::+::::::?:::+::+:::?:::+::+:::?::::::+::::::+::::::+::::::+::::::+::::::+::::::+::::::+:::::::::::::::::::::::::::
:::::::::::::::::::::::::::::::::+::::::+::::::+::::::+::::::+::::::+::::::+::::::?::::+:+::::?::::+:+::::?::::::+::::::+::::::+::::::+::::::+::::::+::::::+:::::::::::::::::::::::::::::::::
:::::::::::::::::::::::::::::::::::::::+::::::+::::::+::::::+::::::+::::::+::::::?:::::++:::::?:::::++:::::?::::::+::::::+::::::+::::::+::::::+::::::+:::::::::::::::::::::::::::::::::::::::
:::::::::::::::::::::::::::::::::::::::::::::+::::::+::::::+:::++++++++++++++++++::::::+::::::+::::::+::::::++++++++++++++++++:::+::::::+::::::+:::::::::::::::::::::::::::::::::::::::::::::
:::::::::::::::::::::::::::::::::::::::::::::::::::+::::::+::::::+::::::+::::::?+:::::++:::::+?+:::::++:::::+?::::::+::::::+::::::+::::::+:::::::::::::::::::::::::::::::::::::::::::::::::::
:::::::::::::::::::::::::::::::::::::::::::::::::::::::::+::::::+::::::+::::::?:+::::+:+::::+:?:+::::+:+::::+:?::::::+::::::+::::::+:::::::::::::::::::::::::::::::::::::::::::::::::::::::::
:::::::::::::::::::::::::::::::::::::::::::::::::::::::::::::::+::::::+::::::?::+:::+::+:::+::?::+:::+::+:::+::?::::::+::::::+:::::::::::::::::::::::::::::::::::::::::::::::::::::::::::::::
:::::::::::::::::::::::::::::::::::::::::::::::::::::::::::::::::::::+::::::?:::+::+:::+::+:::?:::+::+:::+::+:::?::::::+:::::::::::::::::::::::::::::::::::::::::::::::::::::::::::::::::::::
:::::::::::::::::::::::::::::::::::::::::::::::::::::::::::::::::::::::::::?::::+:+::::+:+::::?::::+:+::::+:+::::?:::::::::::::::::::::::::::::::::::::::::::::::::::::::::::::::::::::::::::
::::::::::::::::::::::::::::::::::::::::::::::::::::::::::::::::::::::::::?:::::++:::::++:::::?:::::++:::::++:::::?::::::::::::::::::::::::::::::::::::::::::::::::::::::::::::::::::::::::::
:::::::::::::::::::::::::::::::::::::::::::::::::::::::::+++++++++++++++++::::::+::::::+::::::+::::::+::::::+::::::+++++++++++++++++:::::::::::::::::::::::::::::::::::::::::::::::::::::::::
::::::::::::::::::::::::::::::::::::::::::::::::::::::::::::::::::::::::?+:::::++:::::++:::::+?+:::::++:::::++:::::+?::::::::::::::::::::::::::::::::::::::::::::::::::::::::::::::::::::::::
:::::::::::::::::::::::::::::::::::::::::::::::::::::::::::::::::::::::?:+::::+:+::::+:+::::+:?:+::::+:+::::+:+::::+:?:::::::::::::::::::::::::::::::::::::::::::::::::::::::::::::::::::::::
::::::::::::::::::::::::::::::::::::::::::::::::::::::::::::::::::::::?::+:::+::+:::+::+:::+::?::+:::+::+:::+::+:::+::?::::::::::::::::::::::::::::::::::::::::::::::::::::::::::::::::::::::
:::::::::::::::::::::::::::::::::::::::::::::::::::::::::::::::::::::?:::+::+:::+::+:::+::+:::?:::+::+:::+::+:::+::+:::?:::::::::::::::::::::::::::::::::::::::::::::::::::::::::::::::::::::
::::::::::::::::::::::::::::::::::::::::::::::::::::::::::::::::::::?::::+::::::+:+::::::+::::?::::+::::::+:+::::::+::::?::::::::::::::::::::::::::::::::::::::::::::::::::::::::::::::::::::
:::::::::::::::::::::::::::::::::::::::::::::::::::::::::::::::::::?:::::+::::::++::::::+:::::?:::::+::::::++::::::+:::::?:::::::::::::::::::::::::::::::::::::::::::::::::::::::::::::::::::
:::::::::::::::::::::::::::::::::::::::::::::::::::++++++++++++++++::::::+::::::+::::::+::::::+::::::+::::::+::::::+::::::++++++++++++++++:::::::::::::::::::::::::::::::::::::::::::::::::::
:::::::::::::::::::::::::::::::::::::::::::::::::::::::::::::::::?+::::::+:::::++:::::+::::::+?+::::::+:::::++:::::+::::::+?:::::::::::::::::::::::::::::::::::::::::::::::::::::::::::::::::
::::::::::::::::::::::::::::::::::::::::::::::::::::::::::::::::?:+::::::+::::+:+::::+::::::+:?:+::::::+::::+:+::::+::::::+:?::::::::::::::::::::::::::::::::::::::::::::::::::::::::::::::::
:::::::::::::::::::::::::::::::::::::::::::::::::::::::::::::::?::+::::::+:::+::+:::+::::::+::?::+::::::+:::+::+:::+::::::+::?:::::::::::::::::::::::::::::::::::::::::::::::::::::::::::::::
::::::::::::::::::::::::::::::::::::::::::::::::::::::::::::::?:::+::::::+:::::::::+::::::+:::?:::+::::::+:::::::::+::::::+:::?::::::::::::::::::::::::::::::::::::::::::::::::::::::::::::::
:::::::::::::::::::::::::::::::::::::::::::::::::::::::::::::?::::+::::::+::::::::+::::::+::::?::::+::::::+::::::::+::::::+::::?:::::::::::::::::::::::::::::::::::::::::::::::::::::::::::::
::::::::::::::::::::::::::::::::::::::::::::::::::::::::::::?:::::+::::::+:::::::+::::::+:::::?:::::+::::::+:::::::+::::::+:::::?::::::::::::::::::::::::::::::::::::::::::::::::::::::::::::
:::::::::::::::::::::::::::::::::::::::::::::+++++++++++++++::::::+::::::+::::::+::::::+::::::+::::::+::::::+::::::+::::::+::::::+++++++++++++++:::::::::::::::::::::::::::::::::::::::::::::
::::::::::::::::::::::::::::::::::::::::::::::::::::::::::?+::::::+::::::+:::::+::::::+::::::+?+::::::+::::::+:::::+::::::+::::::+?::::::::::::::::::::::::::::::::::::::::::::::::::::::::::
:::::::::::::::::::::::::::::::::::::::::::::::::::::::::?:+::::::+::::::+::::+::::::+::::::+:?:+::::::+::::::+::::+::::::+::::::+:?:::::::::::::::::::::::::::::::::::::::::::::::::::::::::
::::::::::::::::::::::::::::::::::::::::::::::::::::::::?::+::::::+:::::::::::::::::+::::::+::?::+::::::+:::::::::::::::::+::::::+::?::::::::::::::::::::::::::::::::::::::::::::::::::::::::
:::::::::::::::::::::::::::::::::::::::::::::::::::::::?:::+::::::+::::::::::::::::+::::::+:::?:::+::::::+::::::::::::::::+::::::+:::?:::::::::::::::::::::::::::::::::::::::::::::::::::::::
::::::::::::::::::::::::::::::::::::::::::::::::::::::?::::+::::::+:::::::::::::::+::::::+::::?::::+::::::+:::::::::::::::+::::::+::::?::::::::::::::::::::::::::::::::::::::::::::::::::::::
:::::::::::::::::::::::::::::::::::::::::::::::::::::?:::::+::::::+::::::::::::::+::::::+:::::?:::::+::::::+::::::::::::::+::::::+:::::?:::::::::::::::::::::::::::::::::::::::::::::::::::::
:::::::::::::::::::::::::::::::::::::::++++++++++++++::::::+::::::+:::::::::::::+::::::+::::::+::::::+::::::+:::::::::::::+::::::+::::::++++++++++++++:::::::::::::::::::::::::::::::::::::::
:::::::::::::::::::::::::::::::::::::::::::::::::::?+::::::+::::::+::::::::::::+::::::+::::::+?+::::::+::::::+::::::::::::+::::::+::::::+?:::::::::::::::::::::::::::::::::::::::::::::::::::
::::::::::::::::::::::::::::::::::::::::::::::::::?:+::::::+:::::::::::::::::::::::::+::::::+:?:+::::::+:::::::::::::::::::::::::+::::::+:?::::::::::::::::::::::::::::::::::::::::::::::::::
:::::::::::::::::::::::::::::::::::::::::::::::::?::+::::::+::::::::::::::::::::::::+::::::+::?::+::::::+::::::::::::::::::::::::+::::::+::?:::::::::::::::::::::::::::::::::::::::::::::::::
::::::::::::::::::::::::::::::::::::::::::::::::?:::+::::::+:::::::::::::::::::::::+::::::+:::?:::+::::::+:::::::::::::::::::::::+::::::+:::?::::::::::::::::::::::::::::::::::::::::::::::::
:::::::::::::::::::::::::::::::::::::::::::::::?::::+::::::+::::::::::::::::::::::+::::::+::::?::::+::::::+::::::::::::::::::::::+::::::+::::?:::::::::::::::::::::::::::::::::::::::::::::::
::::::::::::::::::::::::::::::::::::::::::::::?:::::+::::::+:::::::::::::::::::::+::::::+:::::?:::::+::::::+:::::::::::::::::::::+::::::+:::::?::::::::::::::::::::::::::::::::::::::::::::::
:::::::::::::::::::::::::::::::::+++++++++++++::::::+::::::+::::::::::::::::::::+::::::+::::::+::::::+::::::+::::::::::::::::::::+::::::+::::::+++++++++++++:::::::::::::::::::::::::::::::::
::::::::::::::::::::::::::::::::::::::::::::?+::::::+:::::::::::::::::::::::::::::::::+::::::+?+::::::+:::::::::::::::::::::::::::::::::+::::::+?::::::::::::::::::::::::::::::::::::::::::::
:::::::::::::::::::::::::::::::::::::::::::?:+::::::+::::::::::::::::::::::::::::::::+::::::+:?:+::::::+::::::::::::::::::::::::::::::::+::::::+:?:::::::::::::::::::::::::::::::::::::::::::
::::::::::::::::::::::::::::::::::::::::::?::+::::::+:::::::::::::::::::::::::::::::+::::::+::?::+::::::+:::::::::::::::::::::::::::::::+::::::+::?::::::::::::::::::::::::::::::::::::::::::
:::::::::::::::::::::::::::::::::::::::::?:::+::::::+::::::::::::::::::::::::::::::+::::::+:::?:::+::::::+::::::::::::::::::::::::::::::+::::::+:::?:::::::::::::::::::::::::::::::::::::::::
::::::::::::::::::::::::::::::::::::::::?::::+::::::+:::::::::::::::::::::::::::::+::::::+::::?::::+::::::+:::::::::::::::::::::::::::::+::::::+::::?::::::::::::::::::::::::::::::::::::::::
:::::::::::::::::::::::::::::::::::::::?:::::+::::::+::::::::::::::::::::::::::::+::::::+:::::?:::::+::::::+::::::::::::::::::::::::::::+::::::+:::::?:::::::::::::::::::::::::::::::::::::::
:::::::::::::::::::::::::::++++++++++++::::::+:::::::::::::::::::::::::::::::::::::::::+::::::+::::::+:::::::::::::::::::::::::::::::::::::::::+::::::++++++++++++:::::::::::::::::::::::::::
:::::::::::::::::::::::::::::::::::::?+::::::+::::::::::::::::::::::::::::::::::::::::+::::::+?+::::::+::::::::::::::::::::::::::::::::::::::::+::::::+?:::::::::::::::::::::::::::::::::::::
::::::::::::::::::::::::::::::::::::?:+::::::+:::::::::::::::::::::::::::::::::::::::+::::::+:?:+::::::+:::::::::::::::::::::::::::::::::::::::+::::::+:?::::::::::::::::::::::::::::::::::::
:::::::::::::::::::::::::::::::::::?::+::::::+::::::::::::::::::::::::::::::::::::::+::::::+::?::+::::::+::::::::::::::::::::::::::::::::::::::+::::::+::?:::::::::::::::::::::::::::::::::::
::::::::::::::::::::::::::::::::::?:::+::::::+:::::::::::::::::::::::::::::::::::::+::::::+:::?:::+::::::+:::::::::::::::::::::::::::::::::::::+::::::+:::?::::::::::::::::::::::::::::::::::
:::::::::::::::::::::::::::::::::?::::+::::::+::::::::::::::::::::::::::::::::::::+::::::+::::?::::+::::::+::::::::::::::::::::::::::::::::::::+::::::+::::?:::::::::::::::::::::::::::::::::
::::::::::::::::::::::::::::::::?:::::+:::::::::::::::::::::::::::::::::::::::::::::::::+:::::?:::::+:::::::::::::::::::::::::::::::::::::::::::::::::+:::::?::::::::::::::::::::::::::::::::
:::::::::::::::::::::+++++++++++::::::+::::::::::::::::::::::::::::::::::::::::::::::::+::::::+::::::+::::::::::::::::::::::::::::::::::::::::::::::::+::::::+++++++++++:::::::::::::::::::::
::::::::::::::::::::::::::::::?+::::::+:::::::::::::::::::::::::::::::::::::::::::::::+::::::+?+::::::+:::::::::::::::::::::::::::::::::::::::::::::::+::::::+?::::::::::::::::::::::::::::::
:::::::::::::::::::::::::::::?:+::::::+::::::::::::::::::::::::::::::::::::::::::::::+::::::+:?:+::::::+::::::::::::::::::::::::::::::::::::::::::::::+::::::+:?:::::::::::::::::::::::::::::
::::::::::::::::::::::::::::?::+::::::+:::::::::::::::::::::::::::::::::::::::::::::+::::::+::?::+::::::+:::::::::::::::::::::::::::::::::::::::::::::+::::::+::?::::::::::::::::::::::::::::
:::::::::::::::::::::::::::?:::+::::::+::::::::::::::::::::::::::::::::::::::::::::+::::::+:::?:::+::::::+::::::::::::::::::::::::::::::::::::::::::::+::::::+:::?:::::::::::::::::::::::::::
::::::::::::::::::::::::::?::::+:::::::::::::::::::::::::::::::::::::::::::::::::::::::::+::::?::::+:::::::::::::::::::::::::::::::::::::::::::::::::::::::::+::::?::::::::::::::::::::::::::
:::::::::::::::::::::::::?:::::+::::::::::::::::::::::::::::::::::::::::::::::::::::::::+:::::?:::::+::::::::::::::::::::::::::::::::::::::::::::::::::::::::+:::::?:::::::::::::::::::::::::
:::::::::::::::++++++++++::::::+:::::::::::::::::::::::::::::::::::::::::::::::::::::::+::::::+::::::+:::::::::::::::::::::::::::::::::::::::::::::::::::::::+::::::++++++++++:::::::::::::::
:::::::::::::::::::::::?+::::::+::::::::::::::::::::::::::::::::::::::::::::::::::::::+::::::+?+::::::+::::::::::::::::::::::::::::::::::::::::::::::::::::::+::::::+?:::::::::::::::::::::::
::::::::::::::::::::::?:+::::::+:::::::::::::::::::::::::::::::::::::::::::::::::::::+::::::+:?:+::::::+:::::::::::::::::::::::::::::::::::::::::::::::::::::+::::::+:?::::::::::::::::::::::
:::::::::::::::::::::?::+::::::+::::::::::::::::::::::::::::::::::::::::::::::::::::+::::::+::?::+::::::+::::::::::::::::::::::::::::::::::::::::::::::::::::+::::::+::?:::::::::::::::::::::
::::::::::::::::::::?:::+:::::::::::::::::::::::::::::::::::::::::::::::::::::::::::::::::+:::?:::+:::::::::::::::::::::::::::::::::::::::::::::::::::::::::::::::::+:::?::::::::::::::::::::
:::::::::::::::::::?::::+::::::::::::::::::::::::::::::::::::::::::::::::::::::::::::::::+::::?::::+::::::::::::::::::::::::::::::::::::::::::::::::::::::::::::::::+::::?:::::::::::::::::::
::::::::::::::::::?:::::+:::::::::::::::::::::::::::::::::::::::::::::::::::::::::::::::+:::::?:::::+:::::::::::::::::::::::::::::::::::::::::::::::::::::::::::::::+:::::?::::::::::::::::::
:::::::::+++++++++::::::+::::::::::::::::::::::::::::::::::::::::::::::::::::::::::::::+::::::+::::::+::::::::::::::::::::::::::::::::::::::::::::::::::::::::::::::+::::::+++++++++:::::::::
::::::::::::::::?+::::::+:::::::::::::::::::::::::::::::::::::::::::::::::::::::::::::+::::::+?+::::::+:::::::::::::::::::::::::::::::::::::::::::::::::::::::::::::+::::::+?::::::::::::::::
:::::::::::::::?:+::::::+::::::::::::::::::::::::::::::::::::::::::::::::::::::::::::+::::::+:?:+::::::+::::::::::::::::::::::::::::::::::::::::::::::::::::::::::::+::::::+:?:::::::::::::::
::::::::::::::?::+:::::::::::::::::::::::::::::::::::::::::::::::::::::::::::::::::::::::::+::?::+:::::::::::::::::::::::::::::::::::::::::::::::::::::::::::::::::::::::::+::?::::::::::::::
:::::::::::::?:::+::::::::::::::::::::::::::::::::::::::::::::::::::::::::::::::::::::::::+:::?:::+::::::::::::::::::::::::::::::::::::::::::::::::::::::::::::::::::::::::+:::?:::::::::::::
::::::::::::?::::+:::::::::::::::::::::::::::::::::::::::::::::::::::::::::::::::::::::::+::::?::::+:::::::::::::::::::::::::::::::::::::::::::::::::::::::::::::::::::::::+::::?::::::::::::
:::::::::::?:::::+::::::::::::::::::::::::::::::::::::::::::::::::::::::::::::::::::::::+:::::?:::::+::::::::::::::::::::::::::::::::::::::::::::::::::::::::::::::::::::::+:::::?:::::::::::
:::++++++++::::::+:::::::::::::::::::::::::::::::::::::::::::::::::::::::::::::::::::::+::::::+::::::+:::::::::::::::::::::::::::::::::::::::::::::::::::::::::::::::::::::+::::::++++++++:::
:::::::::?+::::::+::::::::::::::::::::::::::::::::::::::::::::::::::::::::::::::::::::+::::::+?+::::::+::::::::::::::::::::::::::::::::::::::::::::::::::::::::::::::::::::+::::::+?:::::::::
::::::::?:+:::::::::::::::::::::::::::::::::::::::::::::::::::::::::::::::::::::::::::::::::+:?:+:::::::::::::::::::::::::::::::::::::::::::::::::::::::::::::::::::::::::::::::::+:?::::::::
:::::::?::+::::::::::::::::::::::::::::::::::::::::::::::::::::::::::::::::::::::::::::::::+::?::+::::::::::::::::::::::::::::::::::::::::::::::::::::::::::::::::::::::::::::::::+::?:::::::
::::::?:::+:::::::::::::::::::::::::::::::::::::::::::::::::::::::::::::::::::::::::::::::+:::?:::+:::::::::::::::::::::::::::::::::::::::::::::::::::::::::::::::::::::::::::::::+:::?::::::
:::::?::::+::::::::::::::::::::::::::::::::::::::::::::::::::::::::::::::::::::::::::::::+::::?::::+::::::::::::::::::::::::::::::::::::::::::::::::::::::::::::::::::::::::::::::+::::?:::::
::::?:::::+:::::::::::::::::::::::::::::::::::::::::::::::::::::::::::::::::::::::::::::+:::::?:::::+:::::::::::::::::::::::::::::::::::::::::::::::::::::::::::::::::::::::::::::+:::::?::::
++++::::::+::::::::::::::::::::::::::::::::::::::::::::::::::::::::::::::::::::::::::::+::::::+::::::+::::::::::::::::::::::::::::::::::::::::::::::::::::::::::::::::::::::::::::+::::::++++
::?+:::::::::::::::::::::::::::::::::::::::::::::::::::::::::::::::::::::::::::::::::::::::::+?+:::::::::::::::::::::::::::::::::::::::::::::::::::::::::::::::::::::::::::::::::::::::::+?::
:?:+::::::::::::::::::::::::::::::::::::::::::::::::::::::::::::::::::::::::::::::::::::::::+:?:+::::::::::::::::::::::::::::::::::::::::::::::::::::::::::::::::::::::::::::::::::::::::+:?:
?::+:::::::::::::::::::::::::::::::::::::::::::::::::::::::::::::::::::::::::::::::::::::::+::?::+:::::::::::::::::::::::::::::::::::::::::::::::::::::::::::::::::::::::::::::::::::::::+::?
